{"duration":"4258ms","ip":"::1","level":"info","message":"HTTP Request Log","method":"POST","statusCode":201,"timestamp":"2025-12-09 14:21:14","url":"/api/auth/login"}
{"duration":"230ms","ip":"::1","level":"info","message":"HTTP Request Log","method":"POST","statusCode":400,"timestamp":"2025-12-09 14:28:48","url":"/api/auth/login"}
{"duration":"3953ms","ip":"::1","level":"info","message":"HTTP Request Log","method":"POST","statusCode":201,"timestamp":"2025-12-09 14:29:49","url":"/api/auth/login"}
{"duration":"4ms","ip":"::1","level":"info","message":"HTTP Request Log","method":"GET","statusCode":404,"timestamp":"2025-12-09 14:29:49","url":"/user/69369a76668b0564d2c58aec"}
{"duration":"2ms","ip":"::1","level":"info","message":"HTTP Request Log","method":"GET","statusCode":404,"timestamp":"2025-12-09 14:29:49","url":"/user/69369a76668b0564d2c58aec"}
{"duration":"131ms","ip":"::1","level":"info","message":"HTTP Request Log","method":"POST","statusCode":400,"timestamp":"2025-12-09 14:30:19","url":"/api/auth/login"}
{"duration":"3561ms","ip":"::1","level":"info","message":"HTTP Request Log","method":"POST","statusCode":201,"timestamp":"2025-12-09 14:30:39","url":"/api/auth/login"}
{"duration":"2ms","ip":"::1","level":"info","message":"HTTP Request Log","method":"GET","statusCode":404,"timestamp":"2025-12-09 14:30:39","url":"/user/69369a76668b0564d2c58aec"}
{"duration":"2ms","ip":"::1","level":"info","message":"HTTP Request Log","method":"GET","statusCode":404,"timestamp":"2025-12-09 14:30:39","url":"/user/69369a76668b0564d2c58aec"}
{"duration":"159ms","ip":"::1","level":"info","message":"HTTP Request Log","method":"POST","statusCode":200,"timestamp":"2025-12-09 14:31:19","url":"/api/auth/login"}
{"duration":"128ms","ip":"::1","level":"info","message":"HTTP Request Log","method":"POST","statusCode":200,"timestamp":"2025-12-09 14:32:08","url":"/api/auth/login"}
{"duration":"1ms","ip":"::1","level":"info","message":"HTTP Request Log","method":"GET","statusCode":404,"timestamp":"2025-12-09 14:32:25","url":"/user/69369a76668b0564d2c58aec"}
{"duration":"1ms","ip":"::1","level":"info","message":"HTTP Request Log","method":"GET","statusCode":404,"timestamp":"2025-12-09 14:32:25","url":"/user/69369a76668b0564d2c58aec"}
{"duration":"0ms","ip":"::1","level":"info","message":"HTTP Request Log","method":"POST","statusCode":404,"timestamp":"2025-12-09 14:34:25","url":"/api/auth/user/login"}
{"duration":"0ms","ip":"::1","level":"info","message":"HTTP Request Log","method":"GET","statusCode":404,"timestamp":"2025-12-09 14:41:43","url":"/api/auth/user"}
{"duration":"1ms","ip":"::1","level":"info","message":"HTTP Request Log","method":"GET","statusCode":404,"timestamp":"2025-12-09 14:42:58","url":"/user/69369a76668b0564d2c58aec"}
{"duration":"1ms","ip":"::1","level":"info","message":"HTTP Request Log","method":"GET","statusCode":404,"timestamp":"2025-12-09 14:42:58","url":"/user/69369a76668b0564d2c58aec"}
{"duration":"1ms","ip":"::1","level":"info","message":"HTTP Request Log","method":"GET","statusCode":404,"timestamp":"2025-12-09 14:45:06","url":"/user/69369a76668b0564d2c58aec"}
{"duration":"1ms","ip":"::1","level":"info","message":"HTTP Request Log","method":"GET","statusCode":404,"timestamp":"2025-12-09 14:45:06","url":"/user/69369a76668b0564d2c58aec"}
{"duration":"1ms","ip":"::1","level":"info","message":"HTTP Request Log","method":"GET","statusCode":404,"timestamp":"2025-12-09 14:48:18","url":"/auth/user/69369a76668b0564d2c58aec"}
{"duration":"1ms","ip":"::1","level":"info","message":"HTTP Request Log","method":"GET","statusCode":404,"timestamp":"2025-12-09 14:48:20","url":"/%3Cauth%20/%3Euser/69369a76668b0564d2c58aec"}
{"duration":"1ms","ip":"::1","level":"info","message":"HTTP Request Log","method":"GET","statusCode":404,"timestamp":"2025-12-09 14:48:23","url":"/%3Cauth%20/%3Euser/69369a76668b0564d2c58aec"}
{"duration":"2ms","ip":"::1","level":"info","message":"HTTP Request Log","method":"GET","statusCode":404,"timestamp":"2025-12-09 14:48:25","url":"/auth/user/69369a76668b0564d2c58aec"}
{"duration":"1ms","ip":"::1","level":"info","message":"HTTP Request Log","method":"GET","statusCode":404,"timestamp":"2025-12-09 14:48:59","url":"/user/69369a76668b0564d2c58aec"}
{"duration":"1ms","ip":"::1","level":"info","message":"HTTP Request Log","method":"GET","statusCode":404,"timestamp":"2025-12-09 14:48:59","url":"/auth/user/69369a76668b0564d2c58aec"}
{"duration":"11ms","ip":"::1","level":"info","message":"HTTP Request Log","method":"GET","statusCode":404,"timestamp":"2025-12-09 14:49:24","url":"/user/69369a76668b0564d2c58aec"}
{"duration":"3ms","ip":"::1","level":"info","message":"HTTP Request Log","method":"GET","statusCode":404,"timestamp":"2025-12-09 14:49:24","url":"/auth/user/69369a76668b0564d2c58aec"}
{"duration":"4ms","ip":"::1","level":"info","message":"HTTP Request Log","method":"GET","statusCode":404,"timestamp":"2025-12-09 14:49:25","url":"/user/69369a76668b0564d2c58aec"}
{"duration":"2ms","ip":"::1","level":"info","message":"HTTP Request Log","method":"GET","statusCode":404,"timestamp":"2025-12-09 14:49:25","url":"/auth/user/69369a76668b0564d2c58aec"}
{"duration":"1ms","ip":"::1","level":"info","message":"HTTP Request Log","method":"GET","statusCode":404,"timestamp":"2025-12-09 14:49:26","url":"/user/69369a76668b0564d2c58aec"}
{"duration":"1ms","ip":"::1","level":"info","message":"HTTP Request Log","method":"GET","statusCode":404,"timestamp":"2025-12-09 14:49:26","url":"/auth/user/69369a76668b0564d2c58aec"}
{"duration":"7ms","ip":"::1","level":"info","message":"HTTP Request Log","method":"GET","statusCode":404,"timestamp":"2025-12-09 14:52:23","url":"/user/69369a76668b0564d2c58aec"}
{"duration":"2ms","ip":"::1","level":"info","message":"HTTP Request Log","method":"GET","statusCode":404,"timestamp":"2025-12-09 14:52:23","url":"/auth/user/69369a76668b0564d2c58aec"}
{"duration":"2ms","ip":"::1","level":"info","message":"HTTP Request Log","method":"GET","statusCode":404,"timestamp":"2025-12-09 14:52:26","url":"/api/user/69369a76668b0564d2c58aec"}
{"duration":"103ms","ip":"::1","level":"info","message":"HTTP Request Log","method":"GET","statusCode":200,"timestamp":"2025-12-09 14:52:26","url":"/api/auth/user/69369a76668b0564d2c58aec"}
{"duration":"14ms","ip":"::1","level":"info","message":"HTTP Request Log","method":"GET","statusCode":404,"timestamp":"2025-12-09 14:52:35","url":"/api/user/69369a76668b0564d2c58aec"}
{"duration":"116ms","ip":"::1","level":"info","message":"HTTP Request Log","method":"GET","statusCode":304,"timestamp":"2025-12-09 14:52:36","url":"/api/auth/user/69369a76668b0564d2c58aec"}
{"duration":"1ms","ip":"::1","level":"info","message":"HTTP Request Log","method":"GET","statusCode":404,"timestamp":"2025-12-09 14:53:04","url":"/api/auth/user"}
{"duration":"1ms","ip":"::1","level":"info","message":"HTTP Request Log","method":"GET","statusCode":404,"timestamp":"2025-12-09 14:54:08","url":"/api/auth/user"}
{"duration":"2ms","ip":"::1","level":"info","message":"HTTP Request Log","method":"GET","statusCode":404,"timestamp":"2025-12-09 14:54:15","url":"/api/user/69369a76668b0564d2c58aec"}
{"duration":"79ms","ip":"::1","level":"info","message":"HTTP Request Log","method":"GET","statusCode":304,"timestamp":"2025-12-09 14:54:15","url":"/api/auth/user/69369a76668b0564d2c58aec"}
{"duration":"5ms","ip":"::1","level":"info","message":"HTTP Request Log","method":"GET","statusCode":500,"timestamp":"2025-12-09 14:55:03","url":"/api/auth/user/:userid"}
{"duration":"0ms","ip":"::1","level":"info","message":"HTTP Request Log","method":"GET","statusCode":404,"timestamp":"2025-12-09 14:55:47","url":"/api/auth/user"}
{"duration":"2ms","ip":"::1","level":"info","message":"HTTP Request Log","method":"GET","statusCode":500,"timestamp":"2025-12-09 14:56:17","url":"/api/auth/user/:userid"}
{"duration":"2ms","ip":"::1","level":"info","message":"HTTP Request Log","method":"GET","statusCode":500,"timestamp":"2025-12-09 14:56:31","url":"/api/auth/user/:69369a76668b0564d2c58aec"}
{"duration":"2ms","ip":"::1","level":"info","message":"HTTP Request Log","method":"GET","statusCode":500,"timestamp":"2025-12-09 14:56:41","url":"/api/auth/user/:69369a76668b0564d2c58aec"}
{"duration":"60ms","ip":"::1","level":"info","message":"HTTP Request Log","method":"GET","statusCode":200,"timestamp":"2025-12-09 14:57:00","url":"/api/auth/user/69369a76668b0564d2c58aec"}
{"duration":"1ms","ip":"::1","level":"info","message":"HTTP Request Log","method":"GET","statusCode":404,"timestamp":"2025-12-09 14:58:35","url":"/api/user/69369a76668b0564d2c58aec"}
{"duration":"120ms","ip":"::1","level":"info","message":"HTTP Request Log","method":"GET","statusCode":304,"timestamp":"2025-12-09 14:58:35","url":"/api/auth/user/69369a76668b0564d2c58aec"}
{"duration":"80ms","ip":"::1","level":"info","message":"HTTP Request Log","method":"GET","statusCode":304,"timestamp":"2025-12-09 14:58:52","url":"/api/auth/user/69369a76668b0564d2c58aec"}
{"duration":"98ms","ip":"::1","level":"info","message":"HTTP Request Log","method":"GET","statusCode":304,"timestamp":"2025-12-09 14:58:54","url":"/api/auth/user/69369a76668b0564d2c58aec"}
{"duration":"1ms","ip":"::1","level":"info","message":"HTTP Request Log","method":"GET","statusCode":404,"timestamp":"2025-12-09 14:58:57","url":"/api/user/69369a76668b0564d2c58aec"}
{"duration":"86ms","ip":"::1","level":"info","message":"HTTP Request Log","method":"GET","statusCode":304,"timestamp":"2025-12-09 14:58:57","url":"/api/auth/user/69369a76668b0564d2c58aec"}
{"duration":"111ms","ip":"::1","level":"info","message":"HTTP Request Log","method":"GET","statusCode":304,"timestamp":"2025-12-09 14:59:33","url":"/api/auth/user/69369a76668b0564d2c58aec"}
{"duration":"150ms","ip":"::1","level":"info","message":"HTTP Request Log","method":"GET","statusCode":304,"timestamp":"2025-12-09 14:59:39","url":"/api/auth/user/69369a76668b0564d2c58aec"}
{"duration":"1ms","ip":"::1","level":"info","message":"HTTP Request Log","method":"GET","statusCode":404,"timestamp":"2025-12-09 14:59:42","url":"/api/user/69369a76668b0564d2c58aec"}
{"duration":"76ms","ip":"::1","level":"info","message":"HTTP Request Log","method":"GET","statusCode":304,"timestamp":"2025-12-09 14:59:42","url":"/api/auth/user/69369a76668b0564d2c58aec"}
{"duration":"9ms","ip":"::1","level":"info","message":"HTTP Request Log","method":"POST","statusCode":404,"timestamp":"2025-12-09 16:32:13","url":"/api//api/auth/user/login"}
{"duration":"1ms","ip":"::1","level":"info","message":"HTTP Request Log","method":"POST","statusCode":404,"timestamp":"2025-12-09 16:32:27","url":"/api//api/auth/user/login"}
{"duration":"1ms","ip":"::1","level":"info","message":"HTTP Request Log","method":"POST","statusCode":404,"timestamp":"2025-12-09 16:33:30","url":"/api//api/auth/user/login"}
{"duration":"1ms","ip":"::1","level":"info","message":"HTTP Request Log","method":"POST","statusCode":404,"timestamp":"2025-12-09 16:34:32","url":"/api//api/auth/login"}
{"duration":"2ms","ip":"::1","level":"info","message":"HTTP Request Log","method":"POST","statusCode":404,"timestamp":"2025-12-09 16:34:55","url":"/api//login"}
{"duration":"2ms","ip":"::1","level":"info","message":"HTTP Request Log","method":"GET","statusCode":404,"timestamp":"2025-12-09 16:36:14","url":"/api/user/null"}
{"duration":"13ms","ip":"::1","level":"info","message":"HTTP Request Log","method":"GET","statusCode":500,"timestamp":"2025-12-09 16:36:14","url":"/api/auth/user/null"}
{"duration":"2ms","ip":"::1","level":"info","message":"HTTP Request Log","method":"GET","statusCode":404,"timestamp":"2025-12-09 16:36:17","url":"/api/user/null"}
{"duration":"5ms","ip":"::1","level":"info","message":"HTTP Request Log","method":"GET","statusCode":500,"timestamp":"2025-12-09 16:36:17","url":"/api/auth/user/null"}
{"duration":"1ms","ip":"::1","level":"info","message":"HTTP Request Log","method":"GET","statusCode":404,"timestamp":"2025-12-09 16:36:38","url":"/api/user/null"}
{"duration":"9ms","ip":"::1","level":"info","message":"HTTP Request Log","method":"POST","statusCode":404,"timestamp":"2025-12-09 16:49:22","url":"/api//api/auth/login"}
{"duration":"1ms","ip":"::1","level":"info","message":"HTTP Request Log","method":"POST","statusCode":404,"timestamp":"2025-12-09 16:49:36","url":"/api//api/auth/login"}
{"duration":"1ms","ip":"::1","level":"info","message":"HTTP Request Log","method":"POST","statusCode":404,"timestamp":"2025-12-09 16:51:35","url":"/api//api/login"}
{"duration":"1ms","ip":"::1","level":"info","message":"HTTP Request Log","method":"POST","statusCode":404,"timestamp":"2025-12-09 16:55:57","url":"/api//api/login"}
{"duration":"1ms","ip":"::1","level":"info","message":"HTTP Request Log","method":"POST","statusCode":404,"timestamp":"2025-12-09 16:57:18","url":"/api//auth/login"}
{"duration":"7ms","ip":"::1","level":"info","message":"HTTP Request Log","method":"POST","statusCode":404,"timestamp":"2025-12-09 16:58:02","url":"/api//auth/login"}
{"duration":"1ms","ip":"::1","level":"info","message":"HTTP Request Log","method":"POST","statusCode":404,"timestamp":"2025-12-09 16:58:14","url":"/api//auth/login"}
{"duration":"1ms","ip":"::1","level":"info","message":"HTTP Request Log","method":"POST","statusCode":404,"timestamp":"2025-12-09 16:58:39","url":"/api//auth/login"}
