{"duration":"298ms","ip":"::1","level":"info","message":"HTTP Request Log","method":"POST","statusCode":200,"timestamp":"2025-12-27 12:42:50","url":"/api/auth/login"}
{"duration":"101ms","ip":"::1","level":"info","message":"HTTP Request Log","method":"GET","statusCode":304,"timestamp":"2025-12-27 12:42:50","url":"/api/auth/user/6945678b6065fb3c874ad6e7"}
{"duration":"51ms","ip":"::1","level":"info","message":"HTTP Request Log","method":"GET","statusCode":304,"timestamp":"2025-12-27 12:42:50","url":"/api/auth/user/6945678b6065fb3c874ad6e7"}
{"duration":"85ms","ip":"::1","level":"info","message":"HTTP Request Log","method":"GET","statusCode":200,"timestamp":"2025-12-27 12:44:57","url":"/api/auth/user/6945678b6065fb3c874ad6e7"}
{"duration":"100ms","ip":"::1","level":"info","message":"HTTP Request Log","method":"GET","statusCode":304,"timestamp":"2025-12-27 12:44:57","url":"/api/auth/user/6945678b6065fb3c874ad6e7"}
{"duration":"1ms","ip":"::1","level":"info","message":"HTTP Request Log","method":"POST","statusCode":404,"timestamp":"2025-12-27 12:45:40","url":"/api/counsellor/createStudent"}
{"duration":"1ms","ip":"::1","level":"info","message":"HTTP Request Log","method":"POST","statusCode":404,"timestamp":"2025-12-27 12:47:23","url":"/api/counsellor/createStudent"}
{"duration":"2ms","ip":"::1","level":"info","message":"HTTP Request Log","method":"POST","statusCode":404,"timestamp":"2025-12-27 12:47:48","url":"/api/counsellor/createStudent"}
{"duration":"11ms","ip":"::1","level":"info","message":"HTTP Request Log","method":"POST","statusCode":404,"timestamp":"2025-12-27 12:55:52","url":"/api/counsellor/createStudent"}
{"duration":"104ms","ip":"::1","level":"info","message":"HTTP Request Log","method":"GET","statusCode":304,"timestamp":"2025-12-27 12:58:14","url":"/api/auth/user/6945678b6065fb3c874ad6e7"}
{"duration":"161ms","ip":"::1","level":"info","message":"HTTP Request Log","method":"GET","statusCode":304,"timestamp":"2025-12-27 12:58:14","url":"/api/auth/user/6945678b6065fb3c874ad6e7"}
{"duration":"79ms","ip":"::1","level":"info","message":"HTTP Request Log","method":"GET","statusCode":304,"timestamp":"2025-12-27 12:59:21","url":"/api/auth/user/6945678b6065fb3c874ad6e7"}
{"duration":"72ms","ip":"::1","level":"info","message":"HTTP Request Log","method":"GET","statusCode":304,"timestamp":"2025-12-27 12:59:40","url":"/api/auth/user/6945678b6065fb3c874ad6e7"}
{"duration":"56ms","ip":"::1","level":"info","message":"HTTP Request Log","method":"GET","statusCode":304,"timestamp":"2025-12-27 12:59:43","url":"/api/auth/user/6945678b6065fb3c874ad6e7"}
{"duration":"153ms","ip":"::1","level":"info","message":"HTTP Request Log","method":"GET","statusCode":304,"timestamp":"2025-12-27 12:59:48","url":"/api/auth/user/6945678b6065fb3c874ad6e7"}
{"duration":"91ms","ip":"::1","level":"info","message":"HTTP Request Log","method":"GET","statusCode":304,"timestamp":"2025-12-27 12:59:48","url":"/api/auth/user/6945678b6065fb3c874ad6e7"}
{"duration":"42ms","ip":"::1","level":"info","message":"HTTP Request Log","method":"GET","statusCode":304,"timestamp":"2025-12-27 13:00:07","url":"/api/auth/user/6945678b6065fb3c874ad6e7"}
{"duration":"3ms","ip":"::1","level":"info","message":"HTTP Request Log","method":"GET","statusCode":404,"timestamp":"2025-12-27 13:00:07","url":"/api/students"}
{"duration":"80ms","ip":"::1","level":"info","message":"HTTP Request Log","method":"GET","statusCode":304,"timestamp":"2025-12-27 13:00:07","url":"/api/auth/user/6945678b6065fb3c874ad6e7"}
{"duration":"85ms","ip":"::1","level":"info","message":"HTTP Request Log","method":"GET","statusCode":304,"timestamp":"2025-12-27 13:00:22","url":"/api/auth/user/6945678b6065fb3c874ad6e7"}
{"duration":"1ms","ip":"::1","level":"info","message":"HTTP Request Log","method":"GET","statusCode":404,"timestamp":"2025-12-27 13:00:22","url":"/api/students"}
{"duration":"66ms","ip":"::1","level":"info","message":"HTTP Request Log","method":"GET","statusCode":304,"timestamp":"2025-12-27 13:00:22","url":"/api/auth/user/6945678b6065fb3c874ad6e7"}
{"duration":"56ms","ip":"::1","level":"info","message":"HTTP Request Log","method":"GET","statusCode":304,"timestamp":"2025-12-27 13:01:02","url":"/api/auth/user/6945678b6065fb3c874ad6e7"}
{"duration":"57ms","ip":"::1","level":"info","message":"HTTP Request Log","method":"GET","statusCode":304,"timestamp":"2025-12-27 13:01:02","url":"/api/auth/user/6945678b6065fb3c874ad6e7"}
{"duration":"137ms","ip":"::1","level":"info","message":"HTTP Request Log","method":"GET","statusCode":304,"timestamp":"2025-12-27 13:01:07","url":"/api/auth/user/6945678b6065fb3c874ad6e7"}
{"duration":"73ms","ip":"::1","level":"info","message":"HTTP Request Log","method":"GET","statusCode":304,"timestamp":"2025-12-27 13:01:07","url":"/api/auth/user/6945678b6065fb3c874ad6e7"}
{"duration":"136ms","ip":"::1","level":"info","message":"HTTP Request Log","method":"GET","statusCode":304,"timestamp":"2025-12-27 13:01:51","url":"/api/auth/user/6945678b6065fb3c874ad6e7"}
{"duration":"80ms","ip":"::1","level":"info","message":"HTTP Request Log","method":"GET","statusCode":304,"timestamp":"2025-12-27 13:01:51","url":"/api/auth/user/6945678b6065fb3c874ad6e7"}
{"duration":"131ms","ip":"::1","level":"info","message":"HTTP Request Log","method":"GET","statusCode":304,"timestamp":"2025-12-27 13:03:01","url":"/api/auth/user/6945678b6065fb3c874ad6e7"}
{"duration":"58ms","ip":"::1","level":"info","message":"HTTP Request Log","method":"GET","statusCode":304,"timestamp":"2025-12-27 13:03:01","url":"/api/auth/user/6945678b6065fb3c874ad6e7"}
{"duration":"56ms","ip":"::1","level":"info","message":"HTTP Request Log","method":"GET","statusCode":304,"timestamp":"2025-12-27 13:05:17","url":"/api/auth/user/6945678b6065fb3c874ad6e7"}
{"duration":"74ms","ip":"::1","level":"info","message":"HTTP Request Log","method":"GET","statusCode":304,"timestamp":"2025-12-27 13:05:21","url":"/api/auth/user/6945678b6065fb3c874ad6e7"}
{"duration":"1ms","ip":"::1","level":"info","message":"HTTP Request Log","method":"GET","statusCode":404,"timestamp":"2025-12-27 13:05:21","url":"/api/getAllStudents"}
{"duration":"102ms","ip":"::1","level":"info","message":"HTTP Request Log","method":"GET","statusCode":304,"timestamp":"2025-12-27 13:05:21","url":"/api/auth/user/6945678b6065fb3c874ad6e7"}
{"duration":"134ms","ip":"::1","level":"info","message":"HTTP Request Log","method":"GET","statusCode":304,"timestamp":"2025-12-27 13:07:21","url":"/api/auth/user/6945678b6065fb3c874ad6e7"}
{"duration":"2ms","ip":"::1","level":"info","message":"HTTP Request Log","method":"GET","statusCode":404,"timestamp":"2025-12-27 13:07:21","url":"/api/getAllStudents"}
{"duration":"69ms","ip":"::1","level":"info","message":"HTTP Request Log","method":"GET","statusCode":304,"timestamp":"2025-12-27 13:07:22","url":"/api/auth/user/6945678b6065fb3c874ad6e7"}
{"duration":"59ms","ip":"::1","level":"info","message":"HTTP Request Log","method":"GET","statusCode":304,"timestamp":"2025-12-27 13:08:26","url":"/api/auth/user/6945678b6065fb3c874ad6e7"}
{"duration":"2ms","ip":"::1","level":"info","message":"HTTP Request Log","method":"GET","statusCode":404,"timestamp":"2025-12-27 13:08:26","url":"/api/getAllStudents"}
{"duration":"84ms","ip":"::1","level":"info","message":"HTTP Request Log","method":"GET","statusCode":304,"timestamp":"2025-12-27 13:08:26","url":"/api/auth/user/6945678b6065fb3c874ad6e7"}
{"duration":"62ms","ip":"::1","level":"info","message":"HTTP Request Log","method":"GET","statusCode":304,"timestamp":"2025-12-27 13:08:36","url":"/api/auth/user/6945678b6065fb3c874ad6e7"}
{"duration":"68ms","ip":"::1","level":"info","message":"HTTP Request Log","method":"GET","statusCode":304,"timestamp":"2025-12-27 13:08:43","url":"/api/auth/user/6945678b6065fb3c874ad6e7"}
{"duration":"2ms","ip":"::1","level":"info","message":"HTTP Request Log","method":"GET","statusCode":404,"timestamp":"2025-12-27 13:08:43","url":"/api/getAllStudents"}
{"duration":"45ms","ip":"::1","level":"info","message":"HTTP Request Log","method":"GET","statusCode":304,"timestamp":"2025-12-27 13:08:43","url":"/api/auth/user/6945678b6065fb3c874ad6e7"}
{"duration":"53ms","ip":"::1","level":"info","message":"HTTP Request Log","method":"GET","statusCode":304,"timestamp":"2025-12-27 13:09:19","url":"/api/auth/user/6945678b6065fb3c874ad6e7"}
{"duration":"1ms","ip":"::1","level":"info","message":"HTTP Request Log","method":"GET","statusCode":404,"timestamp":"2025-12-27 13:09:19","url":"/api/getAllStudents"}
{"duration":"77ms","ip":"::1","level":"info","message":"HTTP Request Log","method":"GET","statusCode":304,"timestamp":"2025-12-27 13:09:19","url":"/api/auth/user/6945678b6065fb3c874ad6e7"}
{"duration":"111ms","ip":"::1","level":"info","message":"HTTP Request Log","method":"GET","statusCode":304,"timestamp":"2025-12-27 13:09:39","url":"/api/auth/user/6945678b6065fb3c874ad6e7"}
{"duration":"1ms","ip":"::1","level":"info","message":"HTTP Request Log","method":"GET","statusCode":404,"timestamp":"2025-12-27 13:09:39","url":"/api/getAllStudents"}
{"duration":"86ms","ip":"::1","level":"info","message":"HTTP Request Log","method":"GET","statusCode":304,"timestamp":"2025-12-27 13:09:39","url":"/api/auth/user/6945678b6065fb3c874ad6e7"}
{"duration":"45ms","ip":"::1","level":"info","message":"HTTP Request Log","method":"GET","statusCode":304,"timestamp":"2025-12-27 13:09:47","url":"/api/auth/user/6945678b6065fb3c874ad6e7"}
{"duration":"2ms","ip":"::1","level":"info","message":"HTTP Request Log","method":"GET","statusCode":404,"timestamp":"2025-12-27 13:09:47","url":"/api/getAllStudents"}
{"duration":"61ms","ip":"::1","level":"info","message":"HTTP Request Log","method":"GET","statusCode":304,"timestamp":"2025-12-27 13:09:47","url":"/api/auth/user/6945678b6065fb3c874ad6e7"}
{"duration":"190ms","ip":"::1","level":"info","message":"HTTP Request Log","method":"POST","statusCode":200,"timestamp":"2025-12-27 13:10:49","url":"/api/auth/login"}
{"duration":"56ms","ip":"::1","level":"info","message":"HTTP Request Log","method":"GET","statusCode":304,"timestamp":"2025-12-27 13:10:49","url":"/api/auth/user/6945678b6065fb3c874ad6e7"}
{"duration":"61ms","ip":"::1","level":"info","message":"HTTP Request Log","method":"GET","statusCode":304,"timestamp":"2025-12-27 13:10:49","url":"/api/auth/user/6945678b6065fb3c874ad6e7"}
{"duration":"87ms","ip":"::1","level":"info","message":"HTTP Request Log","method":"GET","statusCode":304,"timestamp":"2025-12-27 13:11:32","url":"/api/auth/user/6945678b6065fb3c874ad6e7"}
{"duration":"122ms","ip":"::1","level":"info","message":"HTTP Request Log","method":"GET","statusCode":304,"timestamp":"2025-12-27 13:11:32","url":"/api/auth/user/6945678b6065fb3c874ad6e7"}
{"duration":"50ms","ip":"::1","level":"info","message":"HTTP Request Log","method":"GET","statusCode":304,"timestamp":"2025-12-27 13:13:21","url":"/api/auth/user/6945678b6065fb3c874ad6e7"}
{"duration":"106ms","ip":"::1","level":"info","message":"HTTP Request Log","method":"GET","statusCode":304,"timestamp":"2025-12-27 13:14:18","url":"/api/auth/user/6945678b6065fb3c874ad6e7"}
{"duration":"97ms","ip":"::1","level":"info","message":"HTTP Request Log","method":"GET","statusCode":304,"timestamp":"2025-12-27 13:14:22","url":"/api/auth/user/6945678b6065fb3c874ad6e7"}
{"duration":"118ms","ip":"::1","level":"info","message":"HTTP Request Log","method":"GET","statusCode":304,"timestamp":"2025-12-27 13:14:23","url":"/api/auth/user/6945678b6065fb3c874ad6e7"}
{"duration":"89ms","ip":"::1","level":"info","message":"HTTP Request Log","method":"GET","statusCode":304,"timestamp":"2025-12-27 13:14:23","url":"/api/auth/user/6945678b6065fb3c874ad6e7"}
{"duration":"61ms","ip":"::1","level":"info","message":"HTTP Request Log","method":"GET","statusCode":304,"timestamp":"2025-12-27 13:14:30","url":"/api/auth/user/6945678b6065fb3c874ad6e7"}
{"duration":"73ms","ip":"::1","level":"info","message":"HTTP Request Log","method":"GET","statusCode":304,"timestamp":"2025-12-27 13:14:31","url":"/api/auth/user/6945678b6065fb3c874ad6e7"}
{"duration":"3ms","ip":"::1","level":"info","message":"HTTP Request Log","method":"GET","statusCode":404,"timestamp":"2025-12-27 13:14:35","url":"/api/getAllStudents"}
{"duration":"1ms","ip":"::1","level":"info","message":"HTTP Request Log","method":"GET","statusCode":404,"timestamp":"2025-12-27 13:16:49","url":"/api/getAllStudents"}
{"duration":"93ms","ip":"::1","level":"info","message":"HTTP Request Log","method":"GET","statusCode":304,"timestamp":"2025-12-27 13:17:52","url":"/api/auth/user/6945678b6065fb3c874ad6e7"}
{"duration":"1ms","ip":"::1","level":"info","message":"HTTP Request Log","method":"GET","statusCode":404,"timestamp":"2025-12-27 13:17:52","url":"/api/getAllStudents"}
{"duration":"79ms","ip":"::1","level":"info","message":"HTTP Request Log","method":"GET","statusCode":304,"timestamp":"2025-12-27 13:17:52","url":"/api/auth/user/6945678b6065fb3c874ad6e7"}
{"duration":"113ms","ip":"::1","level":"info","message":"HTTP Request Log","method":"GET","statusCode":200,"timestamp":"2025-12-27 13:19:53","url":"/api/counsellor/getAllStudents"}
{"duration":"48ms","ip":"::1","level":"info","message":"HTTP Request Log","method":"GET","statusCode":304,"timestamp":"2025-12-27 13:20:14","url":"/api/counsellor/getAllStudents"}
{"duration":"93ms","ip":"::1","level":"info","message":"HTTP Request Log","method":"GET","statusCode":304,"timestamp":"2025-12-27 13:20:21","url":"/api/auth/user/6945678b6065fb3c874ad6e7"}
{"duration":"91ms","ip":"::1","level":"info","message":"HTTP Request Log","method":"GET","statusCode":304,"timestamp":"2025-12-27 13:20:21","url":"/api/auth/user/6945678b6065fb3c874ad6e7"}
{"duration":"98ms","ip":"::1","level":"info","message":"HTTP Request Log","method":"GET","statusCode":304,"timestamp":"2025-12-27 13:20:21","url":"/api/counsellor/getAllStudents"}
{"duration":"139ms","ip":"::1","level":"info","message":"HTTP Request Log","method":"GET","statusCode":304,"timestamp":"2025-12-27 13:22:24","url":"/api/counsellor/getAllStudents"}
{"duration":"152ms","ip":"::1","level":"info","message":"HTTP Request Log","method":"GET","statusCode":304,"timestamp":"2025-12-27 13:22:30","url":"/api/counsellor/getAllStudents"}
{"duration":"103ms","ip":"::1","level":"info","message":"HTTP Request Log","method":"GET","statusCode":304,"timestamp":"2025-12-27 13:22:31","url":"/api/counsellor/getAllStudents"}
{"duration":"143ms","ip":"::1","level":"info","message":"HTTP Request Log","method":"GET","statusCode":304,"timestamp":"2025-12-27 13:22:35","url":"/api/auth/user/6945678b6065fb3c874ad6e7"}
{"duration":"62ms","ip":"::1","level":"info","message":"HTTP Request Log","method":"GET","statusCode":304,"timestamp":"2025-12-27 13:22:35","url":"/api/counsellor/getAllStudents"}
{"duration":"72ms","ip":"::1","level":"info","message":"HTTP Request Log","method":"GET","statusCode":304,"timestamp":"2025-12-27 13:22:35","url":"/api/auth/user/6945678b6065fb3c874ad6e7"}
{"duration":"98ms","ip":"::1","level":"info","message":"HTTP Request Log","method":"GET","statusCode":304,"timestamp":"2025-12-27 13:23:38","url":"/api/counsellor/getAllStudents"}
{"duration":"130ms","ip":"::1","level":"info","message":"HTTP Request Log","method":"GET","statusCode":304,"timestamp":"2025-12-27 13:23:39","url":"/api/counsellor/getAllStudents"}
{"duration":"160ms","ip":"::1","level":"info","message":"HTTP Request Log","method":"GET","statusCode":304,"timestamp":"2025-12-27 13:23:41","url":"/api/counsellor/getAllStudents"}
{"duration":"177ms","ip":"::1","level":"info","message":"HTTP Request Log","method":"GET","statusCode":304,"timestamp":"2025-12-27 13:23:45","url":"/api/counsellor/getAllStudents"}
{"duration":"79ms","ip":"::1","level":"info","message":"HTTP Request Log","method":"GET","statusCode":304,"timestamp":"2025-12-27 13:25:50","url":"/api/counsellor/getAllStudents"}
{"duration":"99ms","ip":"::1","level":"info","message":"HTTP Request Log","method":"GET","statusCode":304,"timestamp":"2025-12-27 13:25:55","url":"/api/auth/user/6945678b6065fb3c874ad6e7"}
{"duration":"104ms","ip":"::1","level":"info","message":"HTTP Request Log","method":"GET","statusCode":304,"timestamp":"2025-12-27 13:25:55","url":"/api/counsellor/getAllStudents"}
{"duration":"110ms","ip":"::1","level":"info","message":"HTTP Request Log","method":"GET","statusCode":304,"timestamp":"2025-12-27 13:25:55","url":"/api/auth/user/6945678b6065fb3c874ad6e7"}
{"duration":"99ms","ip":"::1","level":"info","message":"HTTP Request Log","method":"GET","statusCode":304,"timestamp":"2025-12-27 13:28:17","url":"/api/counsellor/getAllStudents"}
{"duration":"127ms","ip":"::1","level":"info","message":"HTTP Request Log","method":"GET","statusCode":304,"timestamp":"2025-12-27 13:30:04","url":"/api/counsellor/getAllStudents"}
{"duration":"59ms","ip":"::1","level":"info","message":"HTTP Request Log","method":"GET","statusCode":200,"timestamp":"2025-12-27 13:33:06","url":"/api/counsellor/getAllStudents"}
{"duration":"60ms","ip":"::1","level":"info","message":"HTTP Request Log","method":"GET","statusCode":304,"timestamp":"2025-12-27 13:33:43","url":"/api/auth/user/6945678b6065fb3c874ad6e7"}
{"duration":"61ms","ip":"::1","level":"info","message":"HTTP Request Log","method":"GET","statusCode":304,"timestamp":"2025-12-27 13:33:43","url":"/api/auth/user/6945678b6065fb3c874ad6e7"}
{"duration":"66ms","ip":"::1","level":"info","message":"HTTP Request Log","method":"GET","statusCode":200,"timestamp":"2025-12-27 13:33:43","url":"/api/counsellor/getAllStudents"}
{"duration":"84ms","ip":"::1","level":"info","message":"HTTP Request Log","method":"GET","statusCode":304,"timestamp":"2025-12-27 13:34:57","url":"/api/auth/user/6945678b6065fb3c874ad6e7"}
{"duration":"77ms","ip":"::1","level":"info","message":"HTTP Request Log","method":"GET","statusCode":304,"timestamp":"2025-12-27 13:34:57","url":"/api/auth/user/6945678b6065fb3c874ad6e7"}
{"duration":"102ms","ip":"::1","level":"info","message":"HTTP Request Log","method":"GET","statusCode":304,"timestamp":"2025-12-27 13:35:12","url":"/api/counsellor/getAllStudents"}
{"duration":"65ms","ip":"::1","level":"info","message":"HTTP Request Log","method":"GET","statusCode":304,"timestamp":"2025-12-27 13:39:37","url":"/api/counsellor/getAllStudents"}
{"duration":"143ms","ip":"::1","level":"info","message":"HTTP Request Log","method":"POST","statusCode":200,"timestamp":"2025-12-27 13:39:44","url":"/api/auth/login"}
{"duration":"47ms","ip":"::1","level":"info","message":"HTTP Request Log","method":"GET","statusCode":304,"timestamp":"2025-12-27 13:39:44","url":"/api/auth/user/6945678b6065fb3c874ad6e7"}
{"duration":"43ms","ip":"::1","level":"info","message":"HTTP Request Log","method":"GET","statusCode":304,"timestamp":"2025-12-27 13:39:44","url":"/api/auth/user/6945678b6065fb3c874ad6e7"}
{"duration":"43ms","ip":"::1","level":"info","message":"HTTP Request Log","method":"GET","statusCode":304,"timestamp":"2025-12-27 13:40:24","url":"/api/counsellor/getAllStudents"}
{"duration":"46ms","ip":"::1","level":"info","message":"HTTP Request Log","method":"GET","statusCode":304,"timestamp":"2025-12-27 13:40:25","url":"/api/counsellor/getAllStudents"}
{"duration":"43ms","ip":"::1","level":"info","message":"HTTP Request Log","method":"GET","statusCode":304,"timestamp":"2025-12-27 13:40:25","url":"/api/auth/user/6945678b6065fb3c874ad6e7"}
{"duration":"40ms","ip":"::1","level":"info","message":"HTTP Request Log","method":"GET","statusCode":304,"timestamp":"2025-12-27 13:40:27","url":"/api/counsellor/getAllStudents"}
{"duration":"45ms","ip":"::1","level":"info","message":"HTTP Request Log","method":"GET","statusCode":304,"timestamp":"2025-12-27 13:40:27","url":"/api/auth/user/6945678b6065fb3c874ad6e7"}
{"duration":"46ms","ip":"::1","level":"info","message":"HTTP Request Log","method":"GET","statusCode":304,"timestamp":"2025-12-27 13:40:29","url":"/api/counsellor/getAllStudents"}
{"duration":"39ms","ip":"::1","level":"info","message":"HTTP Request Log","method":"GET","statusCode":304,"timestamp":"2025-12-27 13:40:29","url":"/api/auth/user/6945678b6065fb3c874ad6e7"}
{"duration":"39ms","ip":"::1","level":"info","message":"HTTP Request Log","method":"GET","statusCode":304,"timestamp":"2025-12-27 13:40:35","url":"/api/counsellor/getAllStudents"}
{"duration":"44ms","ip":"::1","level":"info","message":"HTTP Request Log","method":"GET","statusCode":304,"timestamp":"2025-12-27 13:40:35","url":"/api/auth/user/6945678b6065fb3c874ad6e7"}
{"duration":"46ms","ip":"::1","level":"info","message":"HTTP Request Log","method":"GET","statusCode":304,"timestamp":"2025-12-27 13:41:35","url":"/api/counsellor/getAllStudents"}
{"duration":"43ms","ip":"::1","level":"info","message":"HTTP Request Log","method":"GET","statusCode":304,"timestamp":"2025-12-27 13:41:35","url":"/api/auth/user/6945678b6065fb3c874ad6e7"}
{"duration":"53ms","ip":"::1","level":"info","message":"HTTP Request Log","method":"GET","statusCode":304,"timestamp":"2025-12-27 13:41:40","url":"/api/counsellor/getAllStudents"}
{"duration":"82ms","ip":"::1","level":"info","message":"HTTP Request Log","method":"GET","statusCode":304,"timestamp":"2025-12-27 13:41:40","url":"/api/auth/user/6945678b6065fb3c874ad6e7"}
{"duration":"44ms","ip":"::1","level":"info","message":"HTTP Request Log","method":"GET","statusCode":304,"timestamp":"2025-12-27 13:41:42","url":"/api/counsellor/getAllStudents"}
{"duration":"40ms","ip":"::1","level":"info","message":"HTTP Request Log","method":"GET","statusCode":304,"timestamp":"2025-12-27 13:41:42","url":"/api/auth/user/6945678b6065fb3c874ad6e7"}
{"duration":"39ms","ip":"::1","level":"info","message":"HTTP Request Log","method":"GET","statusCode":304,"timestamp":"2025-12-27 13:41:43","url":"/api/counsellor/getAllStudents"}
{"duration":"43ms","ip":"::1","level":"info","message":"HTTP Request Log","method":"GET","statusCode":304,"timestamp":"2025-12-27 13:41:43","url":"/api/auth/user/6945678b6065fb3c874ad6e7"}
{"duration":"86ms","ip":"::1","level":"info","message":"HTTP Request Log","method":"GET","statusCode":304,"timestamp":"2025-12-27 13:49:08","url":"/api/auth/user/6945678b6065fb3c874ad6e7"}
{"duration":"108ms","ip":"::1","level":"info","message":"HTTP Request Log","method":"GET","statusCode":304,"timestamp":"2025-12-27 13:49:08","url":"/api/auth/user/6945678b6065fb3c874ad6e7"}
{"duration":"95ms","ip":"::1","level":"info","message":"HTTP Request Log","method":"GET","statusCode":304,"timestamp":"2025-12-27 13:49:08","url":"/api/counsellor/getAllStudents"}
{"duration":"104ms","ip":"::1","level":"info","message":"HTTP Request Log","method":"GET","statusCode":304,"timestamp":"2025-12-27 13:49:16","url":"/api/auth/user/6945678b6065fb3c874ad6e7"}
{"duration":"80ms","ip":"::1","level":"info","message":"HTTP Request Log","method":"GET","statusCode":304,"timestamp":"2025-12-27 13:49:16","url":"/api/auth/user/6945678b6065fb3c874ad6e7"}
{"duration":"83ms","ip":"::1","level":"info","message":"HTTP Request Log","method":"GET","statusCode":304,"timestamp":"2025-12-27 13:49:16","url":"/api/counsellor/getAllStudents"}
{"duration":"269ms","ip":"::1","level":"info","message":"HTTP Request Log","method":"POST","statusCode":200,"timestamp":"2025-12-27 19:16:26","url":"/api/auth/login"}
{"duration":"56ms","ip":"::1","level":"info","message":"HTTP Request Log","method":"GET","statusCode":304,"timestamp":"2025-12-27 19:16:26","url":"/api/auth/user/6945678b6065fb3c874ad6e7"}
{"duration":"102ms","ip":"::1","level":"info","message":"HTTP Request Log","method":"GET","statusCode":304,"timestamp":"2025-12-27 19:16:26","url":"/api/auth/user/6945678b6065fb3c874ad6e7"}
{"duration":"95ms","ip":"::1","level":"info","message":"HTTP Request Log","method":"GET","statusCode":304,"timestamp":"2025-12-27 19:16:26","url":"/api/counsellor/getAllStudents"}
{"duration":"152ms","ip":"::1","level":"info","message":"HTTP Request Log","method":"GET","statusCode":304,"timestamp":"2025-12-27 19:16:45","url":"/api/counsellor/getAllStudents"}
{"duration":"46ms","ip":"::1","level":"info","message":"HTTP Request Log","method":"GET","statusCode":304,"timestamp":"2025-12-27 19:16:46","url":"/api/counsellor/getAllStudents"}
{"duration":"172ms","ip":"::1","level":"info","message":"HTTP Request Log","method":"POST","statusCode":200,"timestamp":"2025-12-27 19:24:40","url":"/api/auth/login"}
{"duration":"56ms","ip":"::1","level":"info","message":"HTTP Request Log","method":"GET","statusCode":304,"timestamp":"2025-12-27 19:24:40","url":"/api/auth/user/6945678b6065fb3c874ad6e7"}
{"duration":"46ms","ip":"::1","level":"info","message":"HTTP Request Log","method":"GET","statusCode":304,"timestamp":"2025-12-27 19:24:40","url":"/api/auth/user/6945678b6065fb3c874ad6e7"}
{"duration":"46ms","ip":"::1","level":"info","message":"HTTP Request Log","method":"GET","statusCode":304,"timestamp":"2025-12-27 19:24:40","url":"/api/counsellor/getAllStudents"}
{"duration":"70ms","ip":"::1","level":"info","message":"HTTP Request Log","method":"GET","statusCode":304,"timestamp":"2025-12-27 19:24:47","url":"/api/counsellor/getAllStudents"}
{"duration":"88ms","ip":"::1","level":"info","message":"HTTP Request Log","method":"GET","statusCode":304,"timestamp":"2025-12-27 19:24:50","url":"/api/counsellor/getAllStudents"}
{"duration":"40ms","ip":"::1","level":"info","message":"HTTP Request Log","method":"GET","statusCode":304,"timestamp":"2025-12-27 19:24:52","url":"/api/counsellor/getAllStudents"}
{"duration":"74ms","ip":"::1","level":"info","message":"HTTP Request Log","method":"GET","statusCode":304,"timestamp":"2025-12-27 19:24:54","url":"/api/counsellor/getAllStudents"}
{"duration":"130ms","ip":"::1","level":"info","message":"HTTP Request Log","method":"GET","statusCode":304,"timestamp":"2025-12-27 19:24:55","url":"/api/counsellor/getAllStudents"}
{"duration":"61ms","ip":"::1","level":"info","message":"HTTP Request Log","method":"GET","statusCode":304,"timestamp":"2025-12-27 19:25:02","url":"/api/counsellor/getAllStudents"}
{"duration":"41ms","ip":"::1","level":"info","message":"HTTP Request Log","method":"GET","statusCode":304,"timestamp":"2025-12-27 19:26:29","url":"/api/counsellor/getAllStudents"}
{"duration":"62ms","ip":"::1","level":"info","message":"HTTP Request Log","method":"GET","statusCode":304,"timestamp":"2025-12-27 19:26:32","url":"/api/counsellor/getAllStudents"}
{"duration":"12ms","ip":"::1","level":"info","message":"HTTP Request Log","method":"POST","statusCode":500,"timestamp":"2025-12-27 19:49:15","url":"/api/counsellor/createCourse"}
{"duration":"79ms","ip":"::1","level":"info","message":"HTTP Request Log","method":"POST","statusCode":201,"timestamp":"2025-12-27 19:49:43","url":"/api/counsellor/createCourse"}
{"duration":"162ms","ip":"::1","level":"info","message":"HTTP Request Log","method":"GET","statusCode":304,"timestamp":"2025-12-27 19:57:19","url":"/api/auth/user/6945678b6065fb3c874ad6e7"}
{"duration":"120ms","ip":"::1","level":"info","message":"HTTP Request Log","method":"GET","statusCode":304,"timestamp":"2025-12-27 19:57:25","url":"/api/auth/user/6945678b6065fb3c874ad6e7"}
{"duration":"71ms","ip":"::1","level":"info","message":"HTTP Request Log","method":"GET","statusCode":304,"timestamp":"2025-12-27 19:57:53","url":"/api/auth/user/6945678b6065fb3c874ad6e7"}
{"duration":"114ms","ip":"::1","level":"info","message":"HTTP Request Log","method":"GET","statusCode":304,"timestamp":"2025-12-27 19:57:59","url":"/api/auth/user/6945678b6065fb3c874ad6e7"}
{"duration":"125ms","ip":"::1","level":"info","message":"HTTP Request Log","method":"GET","statusCode":304,"timestamp":"2025-12-27 19:58:04","url":"/api/auth/user/6945678b6065fb3c874ad6e7"}
{"duration":"285ms","ip":"::1","level":"info","message":"HTTP Request Log","method":"GET","statusCode":304,"timestamp":"2025-12-27 19:58:11","url":"/api/auth/user/6945678b6065fb3c874ad6e7"}
{"duration":"75ms","ip":"::1","level":"info","message":"HTTP Request Log","method":"GET","statusCode":304,"timestamp":"2025-12-27 19:58:12","url":"/api/auth/user/6945678b6065fb3c874ad6e7"}
{"duration":"69ms","ip":"::1","level":"info","message":"HTTP Request Log","method":"GET","statusCode":304,"timestamp":"2025-12-27 19:58:18","url":"/api/auth/user/6945678b6065fb3c874ad6e7"}
{"duration":"70ms","ip":"::1","level":"info","message":"HTTP Request Log","method":"GET","statusCode":304,"timestamp":"2025-12-27 19:58:51","url":"/api/auth/user/6945678b6065fb3c874ad6e7"}
{"duration":"73ms","ip":"::1","level":"info","message":"HTTP Request Log","method":"GET","statusCode":304,"timestamp":"2025-12-27 19:59:03","url":"/api/auth/user/6945678b6065fb3c874ad6e7"}
{"duration":"68ms","ip":"::1","level":"info","message":"HTTP Request Log","method":"GET","statusCode":304,"timestamp":"2025-12-27 19:59:07","url":"/api/auth/user/6945678b6065fb3c874ad6e7"}
{"duration":"69ms","ip":"::1","level":"info","message":"HTTP Request Log","method":"GET","statusCode":304,"timestamp":"2025-12-27 19:59:09","url":"/api/auth/user/6945678b6065fb3c874ad6e7"}
{"duration":"71ms","ip":"::1","level":"info","message":"HTTP Request Log","method":"GET","statusCode":304,"timestamp":"2025-12-27 19:59:12","url":"/api/auth/user/6945678b6065fb3c874ad6e7"}
{"duration":"99ms","ip":"::1","level":"info","message":"HTTP Request Log","method":"GET","statusCode":304,"timestamp":"2025-12-27 19:59:29","url":"/api/auth/user/6945678b6065fb3c874ad6e7"}
{"duration":"81ms","ip":"::1","level":"info","message":"HTTP Request Log","method":"GET","statusCode":304,"timestamp":"2025-12-27 19:59:29","url":"/api/auth/user/6945678b6065fb3c874ad6e7"}
{"duration":"91ms","ip":"::1","level":"info","message":"HTTP Request Log","method":"GET","statusCode":304,"timestamp":"2025-12-27 20:01:44","url":"/api/auth/user/6945678b6065fb3c874ad6e7"}
{"duration":"68ms","ip":"::1","level":"info","message":"HTTP Request Log","method":"GET","statusCode":304,"timestamp":"2025-12-27 20:01:44","url":"/api/auth/user/6945678b6065fb3c874ad6e7"}
{"duration":"76ms","ip":"::1","level":"info","message":"HTTP Request Log","method":"GET","statusCode":304,"timestamp":"2025-12-27 20:02:09","url":"/api/auth/user/6945678b6065fb3c874ad6e7"}
{"duration":"75ms","ip":"::1","level":"info","message":"HTTP Request Log","method":"GET","statusCode":304,"timestamp":"2025-12-27 20:02:09","url":"/api/auth/user/6945678b6065fb3c874ad6e7"}
{"duration":"71ms","ip":"::1","level":"info","message":"HTTP Request Log","method":"GET","statusCode":304,"timestamp":"2025-12-27 20:02:10","url":"/api/auth/user/6945678b6065fb3c874ad6e7"}
{"duration":"57ms","ip":"::1","level":"info","message":"HTTP Request Log","method":"GET","statusCode":304,"timestamp":"2025-12-27 20:02:10","url":"/api/auth/user/6945678b6065fb3c874ad6e7"}
{"duration":"75ms","ip":"::1","level":"info","message":"HTTP Request Log","method":"GET","statusCode":304,"timestamp":"2025-12-27 20:02:27","url":"/api/auth/user/6945678b6065fb3c874ad6e7"}
{"duration":"86ms","ip":"::1","level":"info","message":"HTTP Request Log","method":"GET","statusCode":304,"timestamp":"2025-12-27 20:02:27","url":"/api/auth/user/6945678b6065fb3c874ad6e7"}
{"duration":"168ms","ip":"::1","level":"info","message":"HTTP Request Log","method":"GET","statusCode":304,"timestamp":"2025-12-27 20:02:33","url":"/api/auth/user/6945678b6065fb3c874ad6e7"}
{"duration":"90ms","ip":"::1","level":"info","message":"HTTP Request Log","method":"GET","statusCode":304,"timestamp":"2025-12-27 20:02:33","url":"/api/auth/user/6945678b6065fb3c874ad6e7"}
{"duration":"108ms","ip":"::1","level":"info","message":"HTTP Request Log","method":"GET","statusCode":304,"timestamp":"2025-12-27 20:02:34","url":"/api/counsellor/getAllStudents"}
{"duration":"112ms","ip":"::1","level":"info","message":"HTTP Request Log","method":"GET","statusCode":304,"timestamp":"2025-12-27 20:02:40","url":"/api/auth/user/6945678b6065fb3c874ad6e7"}
{"duration":"105ms","ip":"::1","level":"info","message":"HTTP Request Log","method":"GET","statusCode":304,"timestamp":"2025-12-27 20:02:40","url":"/api/auth/user/6945678b6065fb3c874ad6e7"}
{"duration":"182ms","ip":"::1","level":"info","message":"HTTP Request Log","method":"GET","statusCode":304,"timestamp":"2025-12-27 20:02:41","url":"/api/auth/user/6945678b6065fb3c874ad6e7"}
{"duration":"75ms","ip":"::1","level":"info","message":"HTTP Request Log","method":"GET","statusCode":304,"timestamp":"2025-12-27 20:02:41","url":"/api/auth/user/6945678b6065fb3c874ad6e7"}
{"duration":"171ms","ip":"::1","level":"info","message":"HTTP Request Log","method":"GET","statusCode":304,"timestamp":"2025-12-27 20:02:42","url":"/api/auth/user/6945678b6065fb3c874ad6e7"}
{"duration":"90ms","ip":"::1","level":"info","message":"HTTP Request Log","method":"GET","statusCode":304,"timestamp":"2025-12-27 20:02:42","url":"/api/auth/user/6945678b6065fb3c874ad6e7"}
{"duration":"126ms","ip":"::1","level":"info","message":"HTTP Request Log","method":"GET","statusCode":304,"timestamp":"2025-12-27 20:02:43","url":"/api/auth/user/6945678b6065fb3c874ad6e7"}
{"duration":"90ms","ip":"::1","level":"info","message":"HTTP Request Log","method":"GET","statusCode":304,"timestamp":"2025-12-27 20:02:43","url":"/api/auth/user/6945678b6065fb3c874ad6e7"}
{"duration":"65ms","ip":"::1","level":"info","message":"HTTP Request Log","method":"GET","statusCode":304,"timestamp":"2025-12-27 20:02:43","url":"/api/counsellor/getAllStudents"}
{"duration":"90ms","ip":"::1","level":"info","message":"HTTP Request Log","method":"GET","statusCode":304,"timestamp":"2025-12-27 20:02:44","url":"/api/counsellor/getAllStudents"}
{"duration":"3ms","ip":"::1","level":"info","message":"HTTP Request Log","method":"POST","statusCode":404,"timestamp":"2025-12-27 20:03:51","url":"/api/courses/createCourse"}
{"duration":"8ms","ip":"::1","level":"info","message":"HTTP Request Log","method":"POST","statusCode":404,"timestamp":"2025-12-27 20:04:06","url":"/api/courses/createCourse"}
{"duration":"118ms","ip":"::1","level":"info","message":"HTTP Request Log","method":"POST","statusCode":201,"timestamp":"2025-12-27 20:05:54","url":"/api/counsellor/createCourse"}
{"duration":"67ms","ip":"::1","level":"info","message":"HTTP Request Log","method":"GET","statusCode":304,"timestamp":"2025-12-27 20:07:02","url":"/api/auth/user/6945678b6065fb3c874ad6e7"}
{"duration":"128ms","ip":"::1","level":"info","message":"HTTP Request Log","method":"GET","statusCode":304,"timestamp":"2025-12-27 20:07:07","url":"/api/auth/user/6945678b6065fb3c874ad6e7"}
{"duration":"77ms","ip":"::1","level":"info","message":"HTTP Request Log","method":"GET","statusCode":304,"timestamp":"2025-12-27 20:07:07","url":"/api/auth/user/6945678b6065fb3c874ad6e7"}
{"duration":"64ms","ip":"::1","level":"info","message":"HTTP Request Log","method":"GET","statusCode":304,"timestamp":"2025-12-27 20:07:36","url":"/api/counsellor/getAllStudents"}
{"duration":"140ms","ip":"::1","level":"info","message":"HTTP Request Log","method":"GET","statusCode":304,"timestamp":"2025-12-27 20:07:58","url":"/api/auth/user/6945678b6065fb3c874ad6e7"}
{"duration":"51ms","ip":"::1","level":"info","message":"HTTP Request Log","method":"GET","statusCode":200,"timestamp":"2025-12-27 20:11:55","url":"/api/counsellor/getAllCourses"}
{"duration":"58ms","ip":"::1","level":"info","message":"HTTP Request Log","method":"GET","statusCode":304,"timestamp":"2025-12-27 20:13:25","url":"/api/auth/user/6945678b6065fb3c874ad6e7"}
{"duration":"42ms","ip":"::1","level":"info","message":"HTTP Request Log","method":"GET","statusCode":304,"timestamp":"2025-12-27 20:13:26","url":"/api/auth/user/6945678b6065fb3c874ad6e7"}
{"duration":"46ms","ip":"::1","level":"info","message":"HTTP Request Log","method":"GET","statusCode":304,"timestamp":"2025-12-27 20:13:48","url":"/api/auth/user/6945678b6065fb3c874ad6e7"}
{"duration":"41ms","ip":"::1","level":"info","message":"HTTP Request Log","method":"GET","statusCode":304,"timestamp":"2025-12-27 20:13:49","url":"/api/auth/user/6945678b6065fb3c874ad6e7"}
{"duration":"37ms","ip":"::1","level":"info","message":"HTTP Request Log","method":"GET","statusCode":304,"timestamp":"2025-12-27 20:16:56","url":"/api/auth/user/6945678b6065fb3c874ad6e7"}
{"duration":"38ms","ip":"::1","level":"info","message":"HTTP Request Log","method":"GET","statusCode":304,"timestamp":"2025-12-27 20:16:58","url":"/api/auth/user/6945678b6065fb3c874ad6e7"}
{"duration":"39ms","ip":"::1","level":"info","message":"HTTP Request Log","method":"GET","statusCode":304,"timestamp":"2025-12-27 20:17:00","url":"/api/auth/user/6945678b6065fb3c874ad6e7"}
{"duration":"41ms","ip":"::1","level":"info","message":"HTTP Request Log","method":"GET","statusCode":304,"timestamp":"2025-12-27 20:17:04","url":"/api/auth/user/6945678b6065fb3c874ad6e7"}
{"duration":"41ms","ip":"::1","level":"info","message":"HTTP Request Log","method":"GET","statusCode":304,"timestamp":"2025-12-27 20:17:11","url":"/api/auth/user/6945678b6065fb3c874ad6e7"}
{"duration":"72ms","ip":"::1","level":"info","message":"HTTP Request Log","method":"GET","statusCode":304,"timestamp":"2025-12-27 20:17:16","url":"/api/auth/user/6945678b6065fb3c874ad6e7"}
{"duration":"37ms","ip":"::1","level":"info","message":"HTTP Request Log","method":"GET","statusCode":304,"timestamp":"2025-12-27 20:17:18","url":"/api/auth/user/6945678b6065fb3c874ad6e7"}
{"duration":"37ms","ip":"::1","level":"info","message":"HTTP Request Log","method":"GET","statusCode":304,"timestamp":"2025-12-27 20:17:20","url":"/api/auth/user/6945678b6065fb3c874ad6e7"}
{"duration":"38ms","ip":"::1","level":"info","message":"HTTP Request Log","method":"GET","statusCode":304,"timestamp":"2025-12-27 20:17:37","url":"/api/auth/user/6945678b6065fb3c874ad6e7"}
{"duration":"52ms","ip":"::1","level":"info","message":"HTTP Request Log","method":"GET","statusCode":304,"timestamp":"2025-12-27 20:17:56","url":"/api/auth/user/6945678b6065fb3c874ad6e7"}
{"duration":"150ms","ip":"::1","level":"info","message":"HTTP Request Log","method":"GET","statusCode":304,"timestamp":"2025-12-27 20:18:04","url":"/api/auth/user/6945678b6065fb3c874ad6e7"}
{"duration":"37ms","ip":"::1","level":"info","message":"HTTP Request Log","method":"GET","statusCode":304,"timestamp":"2025-12-27 20:19:03","url":"/api/auth/user/6945678b6065fb3c874ad6e7"}
{"duration":"2ms","ip":"::1","level":"info","message":"HTTP Request Log","method":"GET","statusCode":404,"timestamp":"2025-12-27 20:19:04","url":"/api/courses/getAllCourses"}
{"duration":"36ms","ip":"::1","level":"info","message":"HTTP Request Log","method":"GET","statusCode":304,"timestamp":"2025-12-27 20:19:04","url":"/api/auth/user/6945678b6065fb3c874ad6e7"}
{"duration":"41ms","ip":"::1","level":"info","message":"HTTP Request Log","method":"GET","statusCode":304,"timestamp":"2025-12-27 20:19:08","url":"/api/auth/user/6945678b6065fb3c874ad6e7"}
{"duration":"1ms","ip":"::1","level":"info","message":"HTTP Request Log","method":"GET","statusCode":404,"timestamp":"2025-12-27 20:19:08","url":"/api/courses/getAllCourses"}
{"duration":"38ms","ip":"::1","level":"info","message":"HTTP Request Log","method":"GET","statusCode":304,"timestamp":"2025-12-27 20:19:08","url":"/api/auth/user/6945678b6065fb3c874ad6e7"}
{"duration":"40ms","ip":"::1","level":"info","message":"HTTP Request Log","method":"GET","statusCode":200,"timestamp":"2025-12-27 20:19:28","url":"/api/counsellor/getAllCourses"}
{"duration":"38ms","ip":"::1","level":"info","message":"HTTP Request Log","method":"GET","statusCode":304,"timestamp":"2025-12-27 20:19:30","url":"/api/auth/user/6945678b6065fb3c874ad6e7"}
{"duration":"39ms","ip":"::1","level":"info","message":"HTTP Request Log","method":"GET","statusCode":304,"timestamp":"2025-12-27 20:19:31","url":"/api/auth/user/6945678b6065fb3c874ad6e7"}
{"duration":"46ms","ip":"::1","level":"info","message":"HTTP Request Log","method":"GET","statusCode":304,"timestamp":"2025-12-27 20:19:31","url":"/api/counsellor/getAllCourses"}
{"duration":"47ms","ip":"::1","level":"info","message":"HTTP Request Log","method":"GET","statusCode":304,"timestamp":"2025-12-27 20:19:48","url":"/api/auth/user/6945678b6065fb3c874ad6e7"}
{"duration":"66ms","ip":"::1","level":"info","message":"HTTP Request Log","method":"GET","statusCode":304,"timestamp":"2025-12-27 20:19:48","url":"/api/counsellor/getAllCourses"}
{"duration":"73ms","ip":"::1","level":"info","message":"HTTP Request Log","method":"GET","statusCode":304,"timestamp":"2025-12-27 20:19:48","url":"/api/auth/user/6945678b6065fb3c874ad6e7"}
{"duration":"48ms","ip":"::1","level":"info","message":"HTTP Request Log","method":"GET","statusCode":304,"timestamp":"2025-12-27 20:20:17","url":"/api/counsellor/getAllCourses"}
{"duration":"92ms","ip":"::1","level":"info","message":"HTTP Request Log","method":"GET","statusCode":304,"timestamp":"2025-12-27 20:20:20","url":"/api/counsellor/getAllCourses"}
{"duration":"46ms","ip":"::1","level":"info","message":"HTTP Request Log","method":"GET","statusCode":304,"timestamp":"2025-12-27 20:20:23","url":"/api/auth/user/6945678b6065fb3c874ad6e7"}
{"duration":"39ms","ip":"::1","level":"info","message":"HTTP Request Log","method":"GET","statusCode":304,"timestamp":"2025-12-27 20:20:23","url":"/api/counsellor/getAllCourses"}
{"duration":"46ms","ip":"::1","level":"info","message":"HTTP Request Log","method":"GET","statusCode":304,"timestamp":"2025-12-27 20:20:23","url":"/api/auth/user/6945678b6065fb3c874ad6e7"}
{"duration":"51ms","ip":"::1","level":"info","message":"HTTP Request Log","method":"GET","statusCode":304,"timestamp":"2025-12-27 20:21:01","url":"/api/counsellor/getAllCourses"}
{"duration":"63ms","ip":"::1","level":"info","message":"HTTP Request Log","method":"GET","statusCode":304,"timestamp":"2025-12-27 20:21:38","url":"/api/counsellor/getAllStudents"}
{"duration":"48ms","ip":"::1","level":"info","message":"HTTP Request Log","method":"GET","statusCode":304,"timestamp":"2025-12-27 20:21:57","url":"/api/counsellor/getAllCourses"}
{"duration":"87ms","ip":"::1","level":"info","message":"HTTP Request Log","method":"GET","statusCode":304,"timestamp":"2025-12-27 20:22:31","url":"/api/counsellor/getAllStudents"}
{"duration":"47ms","ip":"::1","level":"info","message":"HTTP Request Log","method":"GET","statusCode":304,"timestamp":"2025-12-27 20:22:32","url":"/api/counsellor/getAllStudents"}
{"duration":"48ms","ip":"::1","level":"info","message":"HTTP Request Log","method":"GET","statusCode":304,"timestamp":"2025-12-27 20:22:33","url":"/api/counsellor/getAllCourses"}
{"duration":"69ms","ip":"::1","level":"info","message":"HTTP Request Log","method":"GET","statusCode":304,"timestamp":"2025-12-27 20:22:41","url":"/api/counsellor/getAllStudents"}
