{"duration":"374ms","ip":"::1","level":"info","message":"HTTP Request Log","method":"POST","statusCode":500,"timestamp":"2025-12-28 21:53:24","url":"/api/auth/login"}
{"duration":"255ms","ip":"::1","level":"info","message":"HTTP Request Log","method":"POST","statusCode":400,"timestamp":"2025-12-28 21:54:11","url":"/api/auth/login"}
{"duration":"289ms","ip":"::1","level":"info","message":"HTTP Request Log","method":"POST","statusCode":200,"timestamp":"2025-12-28 21:54:30","url":"/api/auth/login"}
{"duration":"90ms","ip":"::1","level":"info","message":"HTTP Request Log","method":"GET","statusCode":304,"timestamp":"2025-12-28 21:54:31","url":"/api/auth/user/6945678b6065fb3c874ad6e7"}
{"duration":"62ms","ip":"::1","level":"info","message":"HTTP Request Log","method":"GET","statusCode":304,"timestamp":"2025-12-28 21:54:31","url":"/api/counsellor/getAllStudents"}
{"duration":"72ms","ip":"::1","level":"info","message":"HTTP Request Log","method":"GET","statusCode":304,"timestamp":"2025-12-28 21:54:31","url":"/api/auth/user/6945678b6065fb3c874ad6e7"}
{"duration":"139ms","ip":"::1","level":"info","message":"HTTP Request Log","method":"GET","statusCode":304,"timestamp":"2025-12-28 21:54:39","url":"/api/auth/user/6945678b6065fb3c874ad6e7"}
{"duration":"162ms","ip":"::1","level":"info","message":"HTTP Request Log","method":"GET","statusCode":304,"timestamp":"2025-12-28 21:54:40","url":"/api/counsellor/getAllStudents"}
{"duration":"169ms","ip":"::1","level":"info","message":"HTTP Request Log","method":"GET","statusCode":304,"timestamp":"2025-12-28 21:54:40","url":"/api/auth/user/6945678b6065fb3c874ad6e7"}
{"duration":"123ms","ip":"::1","level":"info","message":"HTTP Request Log","method":"GET","statusCode":304,"timestamp":"2025-12-28 21:54:54","url":"/api/auth/user/6945678b6065fb3c874ad6e7"}
{"duration":"94ms","ip":"::1","level":"info","message":"HTTP Request Log","method":"GET","statusCode":304,"timestamp":"2025-12-28 21:54:55","url":"/api/counsellor/getAllStudents"}
{"duration":"102ms","ip":"::1","level":"info","message":"HTTP Request Log","method":"GET","statusCode":304,"timestamp":"2025-12-28 21:54:55","url":"/api/auth/user/6945678b6065fb3c874ad6e7"}
{"duration":"178ms","ip":"::1","level":"info","message":"HTTP Request Log","method":"GET","statusCode":304,"timestamp":"2025-12-28 21:54:56","url":"/api/auth/user/6945678b6065fb3c874ad6e7"}
{"duration":"67ms","ip":"::1","level":"info","message":"HTTP Request Log","method":"GET","statusCode":304,"timestamp":"2025-12-28 21:54:56","url":"/api/counsellor/getAllStudents"}
{"duration":"73ms","ip":"::1","level":"info","message":"HTTP Request Log","method":"GET","statusCode":304,"timestamp":"2025-12-28 21:54:56","url":"/api/auth/user/6945678b6065fb3c874ad6e7"}
{"duration":"131ms","ip":"::1","level":"info","message":"HTTP Request Log","method":"GET","statusCode":304,"timestamp":"2025-12-28 21:54:56","url":"/api/auth/user/6945678b6065fb3c874ad6e7"}
{"duration":"51ms","ip":"::1","level":"info","message":"HTTP Request Log","method":"GET","statusCode":304,"timestamp":"2025-12-28 21:54:57","url":"/api/counsellor/getAllStudents"}
{"duration":"69ms","ip":"::1","level":"info","message":"HTTP Request Log","method":"GET","statusCode":304,"timestamp":"2025-12-28 21:54:57","url":"/api/auth/user/6945678b6065fb3c874ad6e7"}
{"duration":"162ms","ip":"::1","level":"info","message":"HTTP Request Log","method":"GET","statusCode":304,"timestamp":"2025-12-28 21:55:03","url":"/api/auth/user/6945678b6065fb3c874ad6e7"}
{"duration":"166ms","ip":"::1","level":"info","message":"HTTP Request Log","method":"GET","statusCode":304,"timestamp":"2025-12-28 21:55:03","url":"/api/counsellor/getAllStudents"}
{"duration":"173ms","ip":"::1","level":"info","message":"HTTP Request Log","method":"GET","statusCode":304,"timestamp":"2025-12-28 21:55:03","url":"/api/auth/user/6945678b6065fb3c874ad6e7"}
{"duration":"96ms","ip":"::1","level":"info","message":"HTTP Request Log","method":"GET","statusCode":304,"timestamp":"2025-12-28 21:55:04","url":"/api/auth/user/6945678b6065fb3c874ad6e7"}
{"duration":"179ms","ip":"::1","level":"info","message":"HTTP Request Log","method":"GET","statusCode":304,"timestamp":"2025-12-28 21:55:04","url":"/api/counsellor/getAllStudents"}
{"duration":"183ms","ip":"::1","level":"info","message":"HTTP Request Log","method":"GET","statusCode":304,"timestamp":"2025-12-28 21:55:04","url":"/api/auth/user/6945678b6065fb3c874ad6e7"}
{"duration":"121ms","ip":"::1","level":"info","message":"HTTP Request Log","method":"GET","statusCode":304,"timestamp":"2025-12-28 21:55:05","url":"/api/auth/user/6945678b6065fb3c874ad6e7"}
{"duration":"70ms","ip":"::1","level":"info","message":"HTTP Request Log","method":"GET","statusCode":304,"timestamp":"2025-12-28 21:55:05","url":"/api/counsellor/getAllStudents"}
{"duration":"75ms","ip":"::1","level":"info","message":"HTTP Request Log","method":"GET","statusCode":304,"timestamp":"2025-12-28 21:55:05","url":"/api/auth/user/6945678b6065fb3c874ad6e7"}
{"duration":"122ms","ip":"::1","level":"info","message":"HTTP Request Log","method":"GET","statusCode":304,"timestamp":"2025-12-28 21:55:06","url":"/api/auth/user/6945678b6065fb3c874ad6e7"}
{"duration":"161ms","ip":"::1","level":"info","message":"HTTP Request Log","method":"GET","statusCode":304,"timestamp":"2025-12-28 21:55:06","url":"/api/counsellor/getAllStudents"}
{"duration":"167ms","ip":"::1","level":"info","message":"HTTP Request Log","method":"GET","statusCode":304,"timestamp":"2025-12-28 21:55:06","url":"/api/auth/user/6945678b6065fb3c874ad6e7"}
{"duration":"170ms","ip":"::1","level":"info","message":"HTTP Request Log","method":"GET","statusCode":304,"timestamp":"2025-12-28 21:55:07","url":"/api/auth/user/6945678b6065fb3c874ad6e7"}
{"duration":"164ms","ip":"::1","level":"info","message":"HTTP Request Log","method":"GET","statusCode":304,"timestamp":"2025-12-28 21:55:07","url":"/api/counsellor/getAllStudents"}
{"duration":"173ms","ip":"::1","level":"info","message":"HTTP Request Log","method":"GET","statusCode":304,"timestamp":"2025-12-28 21:55:07","url":"/api/auth/user/6945678b6065fb3c874ad6e7"}
{"duration":"182ms","ip":"::1","level":"info","message":"HTTP Request Log","method":"GET","statusCode":304,"timestamp":"2025-12-28 21:55:08","url":"/api/auth/user/6945678b6065fb3c874ad6e7"}
{"duration":"171ms","ip":"::1","level":"info","message":"HTTP Request Log","method":"GET","statusCode":304,"timestamp":"2025-12-28 21:55:08","url":"/api/counsellor/getAllStudents"}
{"duration":"176ms","ip":"::1","level":"info","message":"HTTP Request Log","method":"GET","statusCode":304,"timestamp":"2025-12-28 21:55:08","url":"/api/auth/user/6945678b6065fb3c874ad6e7"}
{"duration":"147ms","ip":"::1","level":"info","message":"HTTP Request Log","method":"GET","statusCode":304,"timestamp":"2025-12-28 21:55:18","url":"/api/auth/user/6945678b6065fb3c874ad6e7"}
{"duration":"68ms","ip":"::1","level":"info","message":"HTTP Request Log","method":"GET","statusCode":304,"timestamp":"2025-12-28 21:55:18","url":"/api/counsellor/getAllStudents"}
{"duration":"78ms","ip":"::1","level":"info","message":"HTTP Request Log","method":"GET","statusCode":304,"timestamp":"2025-12-28 21:55:18","url":"/api/auth/user/6945678b6065fb3c874ad6e7"}
{"duration":"129ms","ip":"::1","level":"info","message":"HTTP Request Log","method":"GET","statusCode":304,"timestamp":"2025-12-28 21:55:19","url":"/api/auth/user/6945678b6065fb3c874ad6e7"}
{"duration":"151ms","ip":"::1","level":"info","message":"HTTP Request Log","method":"GET","statusCode":304,"timestamp":"2025-12-28 21:55:19","url":"/api/counsellor/getAllStudents"}
{"duration":"156ms","ip":"::1","level":"info","message":"HTTP Request Log","method":"GET","statusCode":304,"timestamp":"2025-12-28 21:55:19","url":"/api/auth/user/6945678b6065fb3c874ad6e7"}
{"duration":"160ms","ip":"::1","level":"info","message":"HTTP Request Log","method":"GET","statusCode":304,"timestamp":"2025-12-28 21:55:20","url":"/api/auth/user/6945678b6065fb3c874ad6e7"}
{"duration":"69ms","ip":"::1","level":"info","message":"HTTP Request Log","method":"GET","statusCode":304,"timestamp":"2025-12-28 21:55:20","url":"/api/counsellor/getAllStudents"}
{"duration":"75ms","ip":"::1","level":"info","message":"HTTP Request Log","method":"GET","statusCode":304,"timestamp":"2025-12-28 21:55:20","url":"/api/auth/user/6945678b6065fb3c874ad6e7"}
{"duration":"161ms","ip":"::1","level":"info","message":"HTTP Request Log","method":"GET","statusCode":200,"timestamp":"2025-12-28 21:55:22","url":"/api/auth/user/6945678b6065fb3c874ad6e7"}
{"duration":"136ms","ip":"::1","level":"info","message":"HTTP Request Log","method":"GET","statusCode":304,"timestamp":"2025-12-28 21:55:22","url":"/api/counsellor/getAllStudents"}
{"duration":"142ms","ip":"::1","level":"info","message":"HTTP Request Log","method":"GET","statusCode":304,"timestamp":"2025-12-28 21:55:22","url":"/api/auth/user/6945678b6065fb3c874ad6e7"}
{"duration":"109ms","ip":"::1","level":"info","message":"HTTP Request Log","method":"GET","statusCode":304,"timestamp":"2025-12-28 21:55:25","url":"/api/auth/user/6945678b6065fb3c874ad6e7"}
{"duration":"72ms","ip":"::1","level":"info","message":"HTTP Request Log","method":"GET","statusCode":304,"timestamp":"2025-12-28 21:55:25","url":"/api/counsellor/getAllStudents"}
{"duration":"76ms","ip":"::1","level":"info","message":"HTTP Request Log","method":"GET","statusCode":304,"timestamp":"2025-12-28 21:55:25","url":"/api/auth/user/6945678b6065fb3c874ad6e7"}
{"duration":"133ms","ip":"::1","level":"info","message":"HTTP Request Log","method":"GET","statusCode":304,"timestamp":"2025-12-28 21:55:26","url":"/api/auth/user/6945678b6065fb3c874ad6e7"}
{"duration":"162ms","ip":"::1","level":"info","message":"HTTP Request Log","method":"GET","statusCode":304,"timestamp":"2025-12-28 21:55:26","url":"/api/counsellor/getAllStudents"}
{"duration":"167ms","ip":"::1","level":"info","message":"HTTP Request Log","method":"GET","statusCode":304,"timestamp":"2025-12-28 21:55:26","url":"/api/auth/user/6945678b6065fb3c874ad6e7"}
{"duration":"84ms","ip":"::1","level":"info","message":"HTTP Request Log","method":"GET","statusCode":304,"timestamp":"2025-12-28 21:55:27","url":"/api/auth/user/6945678b6065fb3c874ad6e7"}
{"duration":"66ms","ip":"::1","level":"info","message":"HTTP Request Log","method":"GET","statusCode":304,"timestamp":"2025-12-28 21:55:27","url":"/api/counsellor/getAllStudents"}
{"duration":"72ms","ip":"::1","level":"info","message":"HTTP Request Log","method":"GET","statusCode":304,"timestamp":"2025-12-28 21:55:27","url":"/api/auth/user/6945678b6065fb3c874ad6e7"}
{"duration":"156ms","ip":"::1","level":"info","message":"HTTP Request Log","method":"GET","statusCode":304,"timestamp":"2025-12-28 21:55:28","url":"/api/auth/user/6945678b6065fb3c874ad6e7"}
{"duration":"71ms","ip":"::1","level":"info","message":"HTTP Request Log","method":"GET","statusCode":304,"timestamp":"2025-12-28 21:55:28","url":"/api/counsellor/getAllStudents"}
{"duration":"75ms","ip":"::1","level":"info","message":"HTTP Request Log","method":"GET","statusCode":304,"timestamp":"2025-12-28 21:55:28","url":"/api/auth/user/6945678b6065fb3c874ad6e7"}
{"duration":"116ms","ip":"::1","level":"info","message":"HTTP Request Log","method":"GET","statusCode":304,"timestamp":"2025-12-28 21:55:28","url":"/api/auth/user/6945678b6065fb3c874ad6e7"}
{"duration":"135ms","ip":"::1","level":"info","message":"HTTP Request Log","method":"GET","statusCode":304,"timestamp":"2025-12-28 21:55:28","url":"/api/auth/user/6945678b6065fb3c874ad6e7"}
{"duration":"136ms","ip":"::1","level":"info","message":"HTTP Request Log","method":"GET","statusCode":304,"timestamp":"2025-12-28 21:55:28","url":"/api/counsellor/getAllStudents"}
{"duration":"138ms","ip":"::1","level":"info","message":"HTTP Request Log","method":"GET","statusCode":304,"timestamp":"2025-12-28 21:55:28","url":"/api/auth/user/6945678b6065fb3c874ad6e7"}
{"duration":"108ms","ip":"::1","level":"info","message":"HTTP Request Log","method":"GET","statusCode":200,"timestamp":"2025-12-28 21:55:29","url":"/api/auth/user/6945678b6065fb3c874ad6e7"}
{"duration":"52ms","ip":"::1","level":"info","message":"HTTP Request Log","method":"GET","statusCode":304,"timestamp":"2025-12-28 21:55:29","url":"/api/counsellor/getAllStudents"}
{"duration":"70ms","ip":"::1","level":"info","message":"HTTP Request Log","method":"GET","statusCode":304,"timestamp":"2025-12-28 21:55:29","url":"/api/auth/user/6945678b6065fb3c874ad6e7"}
{"duration":"104ms","ip":"::1","level":"info","message":"HTTP Request Log","method":"GET","statusCode":304,"timestamp":"2025-12-28 21:55:30","url":"/api/auth/user/6945678b6065fb3c874ad6e7"}
{"duration":"177ms","ip":"::1","level":"info","message":"HTTP Request Log","method":"GET","statusCode":304,"timestamp":"2025-12-28 21:55:30","url":"/api/auth/user/6945678b6065fb3c874ad6e7"}
{"duration":"177ms","ip":"::1","level":"info","message":"HTTP Request Log","method":"GET","statusCode":304,"timestamp":"2025-12-28 21:55:30","url":"/api/counsellor/getAllStudents"}
{"duration":"147ms","ip":"::1","level":"info","message":"HTTP Request Log","method":"GET","statusCode":304,"timestamp":"2025-12-28 21:55:31","url":"/api/auth/user/6945678b6065fb3c874ad6e7"}
{"duration":"74ms","ip":"::1","level":"info","message":"HTTP Request Log","method":"GET","statusCode":304,"timestamp":"2025-12-28 21:55:31","url":"/api/counsellor/getAllStudents"}
{"duration":"79ms","ip":"::1","level":"info","message":"HTTP Request Log","method":"GET","statusCode":304,"timestamp":"2025-12-28 21:55:31","url":"/api/auth/user/6945678b6065fb3c874ad6e7"}
{"duration":"71ms","ip":"::1","level":"info","message":"HTTP Request Log","method":"GET","statusCode":304,"timestamp":"2025-12-28 21:55:32","url":"/api/auth/user/6945678b6065fb3c874ad6e7"}
{"duration":"119ms","ip":"::1","level":"info","message":"HTTP Request Log","method":"GET","statusCode":304,"timestamp":"2025-12-28 21:55:32","url":"/api/counsellor/getAllStudents"}
{"duration":"126ms","ip":"::1","level":"info","message":"HTTP Request Log","method":"GET","statusCode":304,"timestamp":"2025-12-28 21:55:32","url":"/api/auth/user/6945678b6065fb3c874ad6e7"}
{"duration":"97ms","ip":"::1","level":"info","message":"HTTP Request Log","method":"GET","statusCode":304,"timestamp":"2025-12-28 21:55:42","url":"/api/auth/user/6945678b6065fb3c874ad6e7"}
{"duration":"91ms","ip":"::1","level":"info","message":"HTTP Request Log","method":"GET","statusCode":304,"timestamp":"2025-12-28 21:55:42","url":"/api/counsellor/getAllStudents"}
{"duration":"101ms","ip":"::1","level":"info","message":"HTTP Request Log","method":"GET","statusCode":304,"timestamp":"2025-12-28 21:55:42","url":"/api/auth/user/6945678b6065fb3c874ad6e7"}
{"duration":"71ms","ip":"::1","level":"info","message":"HTTP Request Log","method":"GET","statusCode":304,"timestamp":"2025-12-28 21:55:43","url":"/api/auth/user/6945678b6065fb3c874ad6e7"}
{"duration":"154ms","ip":"::1","level":"info","message":"HTTP Request Log","method":"GET","statusCode":304,"timestamp":"2025-12-28 21:55:44","url":"/api/counsellor/getAllStudents"}
{"duration":"158ms","ip":"::1","level":"info","message":"HTTP Request Log","method":"GET","statusCode":304,"timestamp":"2025-12-28 21:55:44","url":"/api/auth/user/6945678b6065fb3c874ad6e7"}
{"duration":"111ms","ip":"::1","level":"info","message":"HTTP Request Log","method":"GET","statusCode":304,"timestamp":"2025-12-28 21:55:45","url":"/api/auth/user/6945678b6065fb3c874ad6e7"}
{"duration":"77ms","ip":"::1","level":"info","message":"HTTP Request Log","method":"GET","statusCode":304,"timestamp":"2025-12-28 21:55:45","url":"/api/counsellor/getAllStudents"}
{"duration":"84ms","ip":"::1","level":"info","message":"HTTP Request Log","method":"GET","statusCode":304,"timestamp":"2025-12-28 21:55:45","url":"/api/auth/user/6945678b6065fb3c874ad6e7"}
{"duration":"100ms","ip":"::1","level":"info","message":"HTTP Request Log","method":"GET","statusCode":304,"timestamp":"2025-12-28 21:55:47","url":"/api/auth/user/6945678b6065fb3c874ad6e7"}
{"duration":"75ms","ip":"::1","level":"info","message":"HTTP Request Log","method":"GET","statusCode":304,"timestamp":"2025-12-28 21:55:47","url":"/api/counsellor/getAllStudents"}
{"duration":"80ms","ip":"::1","level":"info","message":"HTTP Request Log","method":"GET","statusCode":304,"timestamp":"2025-12-28 21:55:47","url":"/api/auth/user/6945678b6065fb3c874ad6e7"}
{"duration":"130ms","ip":"::1","level":"info","message":"HTTP Request Log","method":"GET","statusCode":304,"timestamp":"2025-12-28 21:56:03","url":"/api/auth/user/6945678b6065fb3c874ad6e7"}
{"duration":"68ms","ip":"::1","level":"info","message":"HTTP Request Log","method":"GET","statusCode":304,"timestamp":"2025-12-28 21:56:03","url":"/api/counsellor/getAllStudents"}
{"duration":"75ms","ip":"::1","level":"info","message":"HTTP Request Log","method":"GET","statusCode":304,"timestamp":"2025-12-28 21:56:03","url":"/api/auth/user/6945678b6065fb3c874ad6e7"}
{"duration":"84ms","ip":"::1","level":"info","message":"HTTP Request Log","method":"GET","statusCode":304,"timestamp":"2025-12-28 21:56:04","url":"/api/auth/user/6945678b6065fb3c874ad6e7"}
{"duration":"66ms","ip":"::1","level":"info","message":"HTTP Request Log","method":"GET","statusCode":304,"timestamp":"2025-12-28 21:56:04","url":"/api/counsellor/getAllStudents"}
{"duration":"71ms","ip":"::1","level":"info","message":"HTTP Request Log","method":"GET","statusCode":304,"timestamp":"2025-12-28 21:56:04","url":"/api/auth/user/6945678b6065fb3c874ad6e7"}
{"duration":"1ms","ip":"::1","level":"info","message":"HTTP Request Log","method":"GET","statusCode":429,"timestamp":"2025-12-28 21:56:06","url":"/api/auth/user/6945678b6065fb3c874ad6e7"}
{"duration":"1ms","ip":"::1","level":"info","message":"HTTP Request Log","method":"GET","statusCode":429,"timestamp":"2025-12-28 21:56:06","url":"/api/auth/user/6945678b6065fb3c874ad6e7"}
{"duration":"5ms","ip":"::1","level":"info","message":"HTTP Request Log","method":"GET","statusCode":429,"timestamp":"2025-12-28 21:56:06","url":"/api/counsellor/getAllStudents"}
{"duration":"1ms","ip":"::1","level":"info","message":"HTTP Request Log","method":"GET","statusCode":429,"timestamp":"2025-12-28 21:56:09","url":"/api/auth/user/6945678b6065fb3c874ad6e7"}
{"duration":"1ms","ip":"::1","level":"info","message":"HTTP Request Log","method":"GET","statusCode":429,"timestamp":"2025-12-28 21:56:09","url":"/api/auth/user/6945678b6065fb3c874ad6e7"}
{"duration":"1ms","ip":"::1","level":"info","message":"HTTP Request Log","method":"GET","statusCode":429,"timestamp":"2025-12-28 21:56:09","url":"/api/counsellor/getAllStudents"}
{"duration":"2ms","ip":"::1","level":"info","message":"HTTP Request Log","method":"GET","statusCode":429,"timestamp":"2025-12-28 21:56:14","url":"/api/auth/user/6945678b6065fb3c874ad6e7"}
{"duration":"3ms","ip":"::1","level":"info","message":"HTTP Request Log","method":"GET","statusCode":429,"timestamp":"2025-12-28 21:56:14","url":"/api/auth/user/6945678b6065fb3c874ad6e7"}
{"duration":"1ms","ip":"::1","level":"info","message":"HTTP Request Log","method":"GET","statusCode":429,"timestamp":"2025-12-28 21:56:14","url":"/api/counsellor/getAllStudents"}
{"duration":"1ms","ip":"::1","level":"info","message":"HTTP Request Log","method":"GET","statusCode":429,"timestamp":"2025-12-28 21:56:22","url":"/api/auth/user/6945678b6065fb3c874ad6e7"}
{"duration":"1ms","ip":"::1","level":"info","message":"HTTP Request Log","method":"GET","statusCode":429,"timestamp":"2025-12-28 21:56:22","url":"/api/auth/user/6945678b6065fb3c874ad6e7"}
{"duration":"1ms","ip":"::1","level":"info","message":"HTTP Request Log","method":"GET","statusCode":429,"timestamp":"2025-12-28 21:56:22","url":"/api/counsellor/getAllStudents"}
{"duration":"116ms","ip":"::1","level":"info","message":"HTTP Request Log","method":"GET","statusCode":200,"timestamp":"2025-12-28 21:57:20","url":"/api/auth/user/6945678b6065fb3c874ad6e7"}
{"duration":"69ms","ip":"::1","level":"info","message":"HTTP Request Log","method":"GET","statusCode":304,"timestamp":"2025-12-28 21:57:20","url":"/api/auth/user/6945678b6065fb3c874ad6e7"}
{"duration":"128ms","ip":"::1","level":"info","message":"HTTP Request Log","method":"GET","statusCode":200,"timestamp":"2025-12-28 21:57:20","url":"/api/counsellor/getAllStudents"}
{"duration":"145ms","ip":"::1","level":"info","message":"HTTP Request Log","method":"GET","statusCode":304,"timestamp":"2025-12-28 21:57:24","url":"/api/auth/user/6945678b6065fb3c874ad6e7"}
{"duration":"66ms","ip":"::1","level":"info","message":"HTTP Request Log","method":"GET","statusCode":304,"timestamp":"2025-12-28 21:57:24","url":"/api/counsellor/getAllStudents"}
{"duration":"126ms","ip":"::1","level":"info","message":"HTTP Request Log","method":"GET","statusCode":304,"timestamp":"2025-12-28 21:57:24","url":"/api/auth/user/6945678b6065fb3c874ad6e7"}
{"duration":"192ms","ip":"::1","level":"info","message":"HTTP Request Log","method":"GET","statusCode":304,"timestamp":"2025-12-28 21:57:26","url":"/api/auth/user/6945678b6065fb3c874ad6e7"}
{"duration":"172ms","ip":"::1","level":"info","message":"HTTP Request Log","method":"GET","statusCode":304,"timestamp":"2025-12-28 21:57:26","url":"/api/counsellor/getAllStudents"}
{"duration":"183ms","ip":"::1","level":"info","message":"HTTP Request Log","method":"GET","statusCode":304,"timestamp":"2025-12-28 21:57:26","url":"/api/auth/user/6945678b6065fb3c874ad6e7"}
{"duration":"166ms","ip":"::1","level":"info","message":"HTTP Request Log","method":"GET","statusCode":304,"timestamp":"2025-12-28 21:57:27","url":"/api/auth/user/6945678b6065fb3c874ad6e7"}
{"duration":"68ms","ip":"::1","level":"info","message":"HTTP Request Log","method":"GET","statusCode":304,"timestamp":"2025-12-28 21:57:27","url":"/api/counsellor/getAllStudents"}
{"duration":"102ms","ip":"::1","level":"info","message":"HTTP Request Log","method":"GET","statusCode":304,"timestamp":"2025-12-28 21:57:27","url":"/api/auth/user/6945678b6065fb3c874ad6e7"}
{"duration":"99ms","ip":"::1","level":"info","message":"HTTP Request Log","method":"GET","statusCode":304,"timestamp":"2025-12-28 21:57:29","url":"/api/auth/user/6945678b6065fb3c874ad6e7"}
{"duration":"62ms","ip":"::1","level":"info","message":"HTTP Request Log","method":"GET","statusCode":304,"timestamp":"2025-12-28 21:57:29","url":"/api/counsellor/getAllStudents"}
{"duration":"95ms","ip":"::1","level":"info","message":"HTTP Request Log","method":"GET","statusCode":304,"timestamp":"2025-12-28 21:57:29","url":"/api/auth/user/6945678b6065fb3c874ad6e7"}
{"duration":"106ms","ip":"::1","level":"info","message":"HTTP Request Log","method":"GET","statusCode":304,"timestamp":"2025-12-28 21:58:54","url":"/api/auth/user/6945678b6065fb3c874ad6e7"}
{"duration":"50ms","ip":"::1","level":"info","message":"HTTP Request Log","method":"GET","statusCode":304,"timestamp":"2025-12-28 21:58:55","url":"/api/counsellor/getAllStudents"}
{"duration":"72ms","ip":"::1","level":"info","message":"HTTP Request Log","method":"GET","statusCode":304,"timestamp":"2025-12-28 21:58:55","url":"/api/auth/user/6945678b6065fb3c874ad6e7"}
{"duration":"169ms","ip":"::1","level":"info","message":"HTTP Request Log","method":"GET","statusCode":304,"timestamp":"2025-12-28 21:58:59","url":"/api/auth/user/6945678b6065fb3c874ad6e7"}
{"duration":"46ms","ip":"::1","level":"info","message":"HTTP Request Log","method":"GET","statusCode":304,"timestamp":"2025-12-28 21:58:59","url":"/api/counsellor/getAllStudents"}
{"duration":"119ms","ip":"::1","level":"info","message":"HTTP Request Log","method":"GET","statusCode":304,"timestamp":"2025-12-28 21:58:59","url":"/api/auth/user/6945678b6065fb3c874ad6e7"}
{"duration":"141ms","ip":"::1","level":"info","message":"HTTP Request Log","method":"GET","statusCode":304,"timestamp":"2025-12-28 21:59:24","url":"/api/auth/user/6945678b6065fb3c874ad6e7"}
{"duration":"81ms","ip":"::1","level":"info","message":"HTTP Request Log","method":"GET","statusCode":304,"timestamp":"2025-12-28 21:59:24","url":"/api/counsellor/getAllStudents"}
{"duration":"101ms","ip":"::1","level":"info","message":"HTTP Request Log","method":"GET","statusCode":304,"timestamp":"2025-12-28 21:59:24","url":"/api/auth/user/6945678b6065fb3c874ad6e7"}
{"duration":"123ms","ip":"::1","level":"info","message":"HTTP Request Log","method":"GET","statusCode":304,"timestamp":"2025-12-28 22:01:43","url":"/api/auth/user/6945678b6065fb3c874ad6e7"}
{"duration":"107ms","ip":"::1","level":"info","message":"HTTP Request Log","method":"GET","statusCode":304,"timestamp":"2025-12-28 22:01:43","url":"/api/counsellor/getAllStudents"}
{"duration":"116ms","ip":"::1","level":"info","message":"HTTP Request Log","method":"GET","statusCode":304,"timestamp":"2025-12-28 22:01:43","url":"/api/auth/user/6945678b6065fb3c874ad6e7"}
{"duration":"322ms","ip":"::1","level":"info","message":"HTTP Request Log","method":"POST","statusCode":200,"timestamp":"2025-12-28 22:54:36","url":"/api/auth/login"}
{"duration":"110ms","ip":"::1","level":"info","message":"HTTP Request Log","method":"GET","statusCode":304,"timestamp":"2025-12-28 22:54:36","url":"/api/auth/user/6945678b6065fb3c874ad6e7"}
{"duration":"71ms","ip":"::1","level":"info","message":"HTTP Request Log","method":"GET","statusCode":304,"timestamp":"2025-12-28 22:54:36","url":"/api/auth/user/6945678b6065fb3c874ad6e7"}
{"duration":"80ms","ip":"::1","level":"info","message":"HTTP Request Log","method":"GET","statusCode":304,"timestamp":"2025-12-28 22:54:36","url":"/api/counsellor/getAllStudents"}
{"duration":"180ms","ip":"::1","level":"info","message":"HTTP Request Log","method":"GET","statusCode":304,"timestamp":"2025-12-28 22:54:40","url":"/api/auth/user/6945678b6065fb3c874ad6e7"}
{"duration":"101ms","ip":"::1","level":"info","message":"HTTP Request Log","method":"GET","statusCode":304,"timestamp":"2025-12-28 22:54:40","url":"/api/auth/user/6945678b6065fb3c874ad6e7"}
{"duration":"106ms","ip":"::1","level":"info","message":"HTTP Request Log","method":"GET","statusCode":304,"timestamp":"2025-12-28 22:54:40","url":"/api/counsellor/getAllStudents"}
{"duration":"115ms","ip":"::1","level":"info","message":"HTTP Request Log","method":"GET","statusCode":304,"timestamp":"2025-12-28 22:54:44","url":"/api/counsellor/getAllStudents"}
{"duration":"157ms","ip":"::1","level":"info","message":"HTTP Request Log","method":"GET","statusCode":304,"timestamp":"2025-12-28 22:57:45","url":"/api/auth/user/6945678b6065fb3c874ad6e7"}
{"duration":"158ms","ip":"::1","level":"info","message":"HTTP Request Log","method":"GET","statusCode":304,"timestamp":"2025-12-28 22:57:45","url":"/api/auth/user/6945678b6065fb3c874ad6e7"}
{"duration":"162ms","ip":"::1","level":"info","message":"HTTP Request Log","method":"GET","statusCode":304,"timestamp":"2025-12-28 22:57:45","url":"/api/counsellor/getAllStudents"}
{"duration":"105ms","ip":"::1","level":"info","message":"HTTP Request Log","method":"GET","statusCode":304,"timestamp":"2025-12-28 22:58:39","url":"/api/auth/user/6945678b6065fb3c874ad6e7"}
{"duration":"171ms","ip":"::1","level":"info","message":"HTTP Request Log","method":"GET","statusCode":304,"timestamp":"2025-12-28 22:58:39","url":"/api/auth/user/6945678b6065fb3c874ad6e7"}
{"duration":"173ms","ip":"::1","level":"info","message":"HTTP Request Log","method":"GET","statusCode":304,"timestamp":"2025-12-28 22:58:39","url":"/api/counsellor/getAllStudents"}
{"duration":"137ms","ip":"::1","level":"info","message":"HTTP Request Log","method":"GET","statusCode":304,"timestamp":"2025-12-28 22:59:29","url":"/api/auth/user/6945678b6065fb3c874ad6e7"}
{"duration":"240ms","ip":"::1","level":"info","message":"HTTP Request Log","method":"GET","statusCode":304,"timestamp":"2025-12-28 22:59:29","url":"/api/counsellor/getAllStudents"}
{"duration":"250ms","ip":"::1","level":"info","message":"HTTP Request Log","method":"GET","statusCode":304,"timestamp":"2025-12-28 22:59:29","url":"/api/auth/user/6945678b6065fb3c874ad6e7"}
{"duration":"140ms","ip":"::1","level":"info","message":"HTTP Request Log","method":"GET","statusCode":304,"timestamp":"2025-12-28 23:01:35","url":"/api/auth/user/6945678b6065fb3c874ad6e7"}
{"duration":"91ms","ip":"::1","level":"info","message":"HTTP Request Log","method":"GET","statusCode":304,"timestamp":"2025-12-28 23:01:36","url":"/api/auth/user/6945678b6065fb3c874ad6e7"}
{"duration":"95ms","ip":"::1","level":"info","message":"HTTP Request Log","method":"GET","statusCode":304,"timestamp":"2025-12-28 23:01:36","url":"/api/counsellor/getAllStudents"}
{"duration":"180ms","ip":"::1","level":"info","message":"HTTP Request Log","method":"GET","statusCode":304,"timestamp":"2025-12-28 23:02:32","url":"/api/auth/user/6945678b6065fb3c874ad6e7"}
{"duration":"169ms","ip":"::1","level":"info","message":"HTTP Request Log","method":"GET","statusCode":304,"timestamp":"2025-12-28 23:02:32","url":"/api/auth/user/6945678b6065fb3c874ad6e7"}
{"duration":"172ms","ip":"::1","level":"info","message":"HTTP Request Log","method":"GET","statusCode":304,"timestamp":"2025-12-28 23:02:32","url":"/api/counsellor/getAllStudents"}
{"duration":"154ms","ip":"::1","level":"info","message":"HTTP Request Log","method":"GET","statusCode":304,"timestamp":"2025-12-28 23:02:44","url":"/api/counsellor/getAllCourses"}
{"duration":"67ms","ip":"::1","level":"info","message":"HTTP Request Log","method":"GET","statusCode":304,"timestamp":"2025-12-28 23:03:02","url":"/api/counsellor/getAllStudents"}
{"duration":"119ms","ip":"::1","level":"info","message":"HTTP Request Log","method":"GET","statusCode":304,"timestamp":"2025-12-28 23:03:06","url":"/api/counsellor/getAllStudents"}
{"duration":"145ms","ip":"::1","level":"info","message":"HTTP Request Log","method":"GET","statusCode":304,"timestamp":"2025-12-28 23:03:19","url":"/api/auth/user/6945678b6065fb3c874ad6e7"}
{"duration":"180ms","ip":"::1","level":"info","message":"HTTP Request Log","method":"GET","statusCode":304,"timestamp":"2025-12-28 23:03:19","url":"/api/counsellor/getAllStudents"}
{"duration":"190ms","ip":"::1","level":"info","message":"HTTP Request Log","method":"GET","statusCode":304,"timestamp":"2025-12-28 23:03:19","url":"/api/auth/user/6945678b6065fb3c874ad6e7"}
{"duration":"66ms","ip":"::1","level":"info","message":"HTTP Request Log","method":"GET","statusCode":304,"timestamp":"2025-12-28 23:03:22","url":"/api/counsellor/getAllCourses"}
{"duration":"72ms","ip":"::1","level":"info","message":"HTTP Request Log","method":"GET","statusCode":304,"timestamp":"2025-12-28 23:03:24","url":"/api/counsellor/getAllStudents"}
{"duration":"67ms","ip":"::1","level":"info","message":"HTTP Request Log","method":"GET","statusCode":304,"timestamp":"2025-12-28 23:03:25","url":"/api/counsellor/getAllStudents"}
{"duration":"3ms","ip":"::1","level":"info","message":"HTTP Request Log","method":"POST","statusCode":404,"timestamp":"2025-12-28 23:04:52","url":"/api/counsellor/createStudent"}
{"duration":"104ms","ip":"::1","level":"info","message":"HTTP Request Log","method":"GET","statusCode":304,"timestamp":"2025-12-28 23:05:03","url":"/api/auth/user/6945678b6065fb3c874ad6e7"}
{"duration":"162ms","ip":"::1","level":"info","message":"HTTP Request Log","method":"GET","statusCode":304,"timestamp":"2025-12-28 23:05:03","url":"/api/auth/user/6945678b6065fb3c874ad6e7"}
{"duration":"70ms","ip":"::1","level":"info","message":"HTTP Request Log","method":"GET","statusCode":304,"timestamp":"2025-12-28 23:07:17","url":"/api/auth/user/6945678b6065fb3c874ad6e7"}
{"duration":"64ms","ip":"::1","level":"info","message":"HTTP Request Log","method":"GET","statusCode":304,"timestamp":"2025-12-28 23:07:17","url":"/api/auth/user/6945678b6065fb3c874ad6e7"}
{"duration":"174ms","ip":"::1","level":"info","message":"HTTP Request Log","method":"POST","statusCode":201,"timestamp":"2025-12-28 23:07:52","url":"/api/counsellor/createCourse"}
{"duration":"145ms","ip":"::1","level":"info","message":"HTTP Request Log","method":"GET","statusCode":304,"timestamp":"2025-12-28 23:08:04","url":"/api/auth/user/6945678b6065fb3c874ad6e7"}
{"duration":"112ms","ip":"::1","level":"info","message":"HTTP Request Log","method":"GET","statusCode":304,"timestamp":"2025-12-28 23:08:04","url":"/api/auth/user/6945678b6065fb3c874ad6e7"}
{"duration":"67ms","ip":"::1","level":"info","message":"HTTP Request Log","method":"GET","statusCode":304,"timestamp":"2025-12-28 23:09:31","url":"/api/auth/user/6945678b6065fb3c874ad6e7"}
{"duration":"66ms","ip":"::1","level":"info","message":"HTTP Request Log","method":"GET","statusCode":304,"timestamp":"2025-12-28 23:09:31","url":"/api/auth/user/6945678b6065fb3c874ad6e7"}
{"duration":"204ms","ip":"::1","level":"info","message":"HTTP Request Log","method":"POST","statusCode":200,"timestamp":"2025-12-28 23:09:59","url":"/api/auth/login"}
{"duration":"92ms","ip":"::1","level":"info","message":"HTTP Request Log","method":"GET","statusCode":304,"timestamp":"2025-12-28 23:09:59","url":"/api/auth/user/6945678b6065fb3c874ad6e7"}
{"duration":"74ms","ip":"::1","level":"info","message":"HTTP Request Log","method":"GET","statusCode":304,"timestamp":"2025-12-28 23:09:59","url":"/api/counsellor/getAllStudents"}
{"duration":"77ms","ip":"::1","level":"info","message":"HTTP Request Log","method":"GET","statusCode":304,"timestamp":"2025-12-28 23:09:59","url":"/api/auth/user/6945678b6065fb3c874ad6e7"}
{"duration":"109ms","ip":"::1","level":"info","message":"HTTP Request Log","method":"GET","statusCode":304,"timestamp":"2025-12-28 23:10:10","url":"/api/auth/user/6945678b6065fb3c874ad6e7"}
{"duration":"75ms","ip":"::1","level":"info","message":"HTTP Request Log","method":"GET","statusCode":304,"timestamp":"2025-12-28 23:10:10","url":"/api/counsellor/getAllStudents"}
{"duration":"80ms","ip":"::1","level":"info","message":"HTTP Request Log","method":"GET","statusCode":304,"timestamp":"2025-12-28 23:10:10","url":"/api/auth/user/6945678b6065fb3c874ad6e7"}
{"duration":"75ms","ip":"::1","level":"info","message":"HTTP Request Log","method":"GET","statusCode":304,"timestamp":"2025-12-28 23:10:28","url":"/api/auth/user/6945678b6065fb3c874ad6e7"}
{"duration":"167ms","ip":"::1","level":"info","message":"HTTP Request Log","method":"GET","statusCode":304,"timestamp":"2025-12-28 23:10:28","url":"/api/counsellor/getAllStudents"}
{"duration":"171ms","ip":"::1","level":"info","message":"HTTP Request Log","method":"GET","statusCode":304,"timestamp":"2025-12-28 23:10:28","url":"/api/auth/user/6945678b6065fb3c874ad6e7"}
{"duration":"139ms","ip":"::1","level":"info","message":"HTTP Request Log","method":"GET","statusCode":304,"timestamp":"2025-12-28 23:10:34","url":"/api/auth/user/6945678b6065fb3c874ad6e7"}
{"duration":"163ms","ip":"::1","level":"info","message":"HTTP Request Log","method":"GET","statusCode":304,"timestamp":"2025-12-28 23:10:34","url":"/api/counsellor/getAllStudents"}
{"duration":"169ms","ip":"::1","level":"info","message":"HTTP Request Log","method":"GET","statusCode":304,"timestamp":"2025-12-28 23:10:34","url":"/api/auth/user/6945678b6065fb3c874ad6e7"}
{"duration":"95ms","ip":"::1","level":"info","message":"HTTP Request Log","method":"GET","statusCode":304,"timestamp":"2025-12-28 23:10:36","url":"/api/auth/user/6945678b6065fb3c874ad6e7"}
{"duration":"180ms","ip":"::1","level":"info","message":"HTTP Request Log","method":"GET","statusCode":304,"timestamp":"2025-12-28 23:10:36","url":"/api/counsellor/getAllStudents"}
{"duration":"184ms","ip":"::1","level":"info","message":"HTTP Request Log","method":"GET","statusCode":304,"timestamp":"2025-12-28 23:10:36","url":"/api/auth/user/6945678b6065fb3c874ad6e7"}
{"duration":"93ms","ip":"::1","level":"info","message":"HTTP Request Log","method":"GET","statusCode":304,"timestamp":"2025-12-28 23:10:37","url":"/api/auth/user/6945678b6065fb3c874ad6e7"}
{"duration":"84ms","ip":"::1","level":"info","message":"HTTP Request Log","method":"GET","statusCode":304,"timestamp":"2025-12-28 23:10:37","url":"/api/counsellor/getAllStudents"}
{"duration":"90ms","ip":"::1","level":"info","message":"HTTP Request Log","method":"GET","statusCode":304,"timestamp":"2025-12-28 23:10:37","url":"/api/auth/user/6945678b6065fb3c874ad6e7"}
{"duration":"102ms","ip":"::1","level":"info","message":"HTTP Request Log","method":"GET","statusCode":304,"timestamp":"2025-12-28 23:10:38","url":"/api/auth/user/6945678b6065fb3c874ad6e7"}
{"duration":"78ms","ip":"::1","level":"info","message":"HTTP Request Log","method":"GET","statusCode":304,"timestamp":"2025-12-28 23:10:38","url":"/api/counsellor/getAllStudents"}
{"duration":"83ms","ip":"::1","level":"info","message":"HTTP Request Log","method":"GET","statusCode":304,"timestamp":"2025-12-28 23:10:38","url":"/api/auth/user/6945678b6065fb3c874ad6e7"}
{"duration":"147ms","ip":"::1","level":"info","message":"HTTP Request Log","method":"GET","statusCode":304,"timestamp":"2025-12-28 23:10:40","url":"/api/auth/user/6945678b6065fb3c874ad6e7"}
{"duration":"176ms","ip":"::1","level":"info","message":"HTTP Request Log","method":"GET","statusCode":304,"timestamp":"2025-12-28 23:10:40","url":"/api/counsellor/getAllStudents"}
{"duration":"183ms","ip":"::1","level":"info","message":"HTTP Request Log","method":"GET","statusCode":304,"timestamp":"2025-12-28 23:10:40","url":"/api/auth/user/6945678b6065fb3c874ad6e7"}
{"duration":"107ms","ip":"::1","level":"info","message":"HTTP Request Log","method":"GET","statusCode":304,"timestamp":"2025-12-28 23:10:41","url":"/api/auth/user/6945678b6065fb3c874ad6e7"}
{"duration":"178ms","ip":"::1","level":"info","message":"HTTP Request Log","method":"GET","statusCode":304,"timestamp":"2025-12-28 23:10:41","url":"/api/counsellor/getAllStudents"}
{"duration":"183ms","ip":"::1","level":"info","message":"HTTP Request Log","method":"GET","statusCode":304,"timestamp":"2025-12-28 23:10:41","url":"/api/auth/user/6945678b6065fb3c874ad6e7"}
{"duration":"73ms","ip":"::1","level":"info","message":"HTTP Request Log","method":"GET","statusCode":304,"timestamp":"2025-12-28 23:10:43","url":"/api/auth/user/6945678b6065fb3c874ad6e7"}
{"duration":"70ms","ip":"::1","level":"info","message":"HTTP Request Log","method":"GET","statusCode":304,"timestamp":"2025-12-28 23:10:43","url":"/api/counsellor/getAllStudents"}
{"duration":"75ms","ip":"::1","level":"info","message":"HTTP Request Log","method":"GET","statusCode":304,"timestamp":"2025-12-28 23:10:43","url":"/api/auth/user/6945678b6065fb3c874ad6e7"}
{"duration":"66ms","ip":"::1","level":"info","message":"HTTP Request Log","method":"GET","statusCode":304,"timestamp":"2025-12-28 23:10:44","url":"/api/auth/user/6945678b6065fb3c874ad6e7"}
{"duration":"66ms","ip":"::1","level":"info","message":"HTTP Request Log","method":"GET","statusCode":304,"timestamp":"2025-12-28 23:10:44","url":"/api/counsellor/getAllStudents"}
{"duration":"72ms","ip":"::1","level":"info","message":"HTTP Request Log","method":"GET","statusCode":304,"timestamp":"2025-12-28 23:10:44","url":"/api/auth/user/6945678b6065fb3c874ad6e7"}
{"duration":"69ms","ip":"::1","level":"info","message":"HTTP Request Log","method":"GET","statusCode":304,"timestamp":"2025-12-28 23:10:45","url":"/api/auth/user/6945678b6065fb3c874ad6e7"}
{"duration":"71ms","ip":"::1","level":"info","message":"HTTP Request Log","method":"GET","statusCode":304,"timestamp":"2025-12-28 23:10:45","url":"/api/auth/user/6945678b6065fb3c874ad6e7"}
{"duration":"71ms","ip":"::1","level":"info","message":"HTTP Request Log","method":"GET","statusCode":304,"timestamp":"2025-12-28 23:10:45","url":"/api/counsellor/getAllStudents"}
{"duration":"66ms","ip":"::1","level":"info","message":"HTTP Request Log","method":"GET","statusCode":304,"timestamp":"2025-12-28 23:10:46","url":"/api/auth/user/6945678b6065fb3c874ad6e7"}
{"duration":"65ms","ip":"::1","level":"info","message":"HTTP Request Log","method":"GET","statusCode":304,"timestamp":"2025-12-28 23:10:46","url":"/api/auth/user/6945678b6065fb3c874ad6e7"}
{"duration":"66ms","ip":"::1","level":"info","message":"HTTP Request Log","method":"GET","statusCode":304,"timestamp":"2025-12-28 23:10:46","url":"/api/counsellor/getAllStudents"}
{"duration":"69ms","ip":"::1","level":"info","message":"HTTP Request Log","method":"GET","statusCode":304,"timestamp":"2025-12-28 23:10:47","url":"/api/auth/user/6945678b6065fb3c874ad6e7"}
{"duration":"66ms","ip":"::1","level":"info","message":"HTTP Request Log","method":"GET","statusCode":304,"timestamp":"2025-12-28 23:10:47","url":"/api/auth/user/6945678b6065fb3c874ad6e7"}
{"duration":"67ms","ip":"::1","level":"info","message":"HTTP Request Log","method":"GET","statusCode":304,"timestamp":"2025-12-28 23:10:47","url":"/api/counsellor/getAllStudents"}
{"duration":"92ms","ip":"::1","level":"info","message":"HTTP Request Log","method":"GET","statusCode":304,"timestamp":"2025-12-28 23:10:52","url":"/api/auth/user/6945678b6065fb3c874ad6e7"}
{"duration":"84ms","ip":"::1","level":"info","message":"HTTP Request Log","method":"GET","statusCode":304,"timestamp":"2025-12-28 23:10:52","url":"/api/auth/user/6945678b6065fb3c874ad6e7"}
{"duration":"85ms","ip":"::1","level":"info","message":"HTTP Request Log","method":"GET","statusCode":304,"timestamp":"2025-12-28 23:10:52","url":"/api/counsellor/getAllStudents"}
{"duration":"73ms","ip":"::1","level":"info","message":"HTTP Request Log","method":"GET","statusCode":304,"timestamp":"2025-12-28 23:10:53","url":"/api/auth/user/6945678b6065fb3c874ad6e7"}
{"duration":"169ms","ip":"::1","level":"info","message":"HTTP Request Log","method":"GET","statusCode":304,"timestamp":"2025-12-28 23:10:53","url":"/api/counsellor/getAllStudents"}
{"duration":"174ms","ip":"::1","level":"info","message":"HTTP Request Log","method":"GET","statusCode":304,"timestamp":"2025-12-28 23:10:53","url":"/api/auth/user/6945678b6065fb3c874ad6e7"}
{"duration":"71ms","ip":"::1","level":"info","message":"HTTP Request Log","method":"GET","statusCode":304,"timestamp":"2025-12-28 23:10:56","url":"/api/auth/user/6945678b6065fb3c874ad6e7"}
{"duration":"128ms","ip":"::1","level":"info","message":"HTTP Request Log","method":"GET","statusCode":304,"timestamp":"2025-12-28 23:10:56","url":"/api/counsellor/getAllStudents"}
{"duration":"135ms","ip":"::1","level":"info","message":"HTTP Request Log","method":"GET","statusCode":304,"timestamp":"2025-12-28 23:10:56","url":"/api/auth/user/6945678b6065fb3c874ad6e7"}
{"duration":"74ms","ip":"::1","level":"info","message":"HTTP Request Log","method":"GET","statusCode":304,"timestamp":"2025-12-28 23:10:57","url":"/api/auth/user/6945678b6065fb3c874ad6e7"}
{"duration":"84ms","ip":"::1","level":"info","message":"HTTP Request Log","method":"GET","statusCode":304,"timestamp":"2025-12-28 23:10:57","url":"/api/counsellor/getAllStudents"}
{"duration":"88ms","ip":"::1","level":"info","message":"HTTP Request Log","method":"GET","statusCode":304,"timestamp":"2025-12-28 23:10:57","url":"/api/auth/user/6945678b6065fb3c874ad6e7"}
{"duration":"70ms","ip":"::1","level":"info","message":"HTTP Request Log","method":"GET","statusCode":304,"timestamp":"2025-12-28 23:10:58","url":"/api/auth/user/6945678b6065fb3c874ad6e7"}
{"duration":"69ms","ip":"::1","level":"info","message":"HTTP Request Log","method":"GET","statusCode":304,"timestamp":"2025-12-28 23:10:58","url":"/api/counsellor/getAllStudents"}
{"duration":"73ms","ip":"::1","level":"info","message":"HTTP Request Log","method":"GET","statusCode":304,"timestamp":"2025-12-28 23:10:58","url":"/api/auth/user/6945678b6065fb3c874ad6e7"}
{"duration":"65ms","ip":"::1","level":"info","message":"HTTP Request Log","method":"GET","statusCode":304,"timestamp":"2025-12-28 23:10:59","url":"/api/auth/user/6945678b6065fb3c874ad6e7"}
{"duration":"127ms","ip":"::1","level":"info","message":"HTTP Request Log","method":"GET","statusCode":304,"timestamp":"2025-12-28 23:10:59","url":"/api/counsellor/getAllStudents"}
{"duration":"131ms","ip":"::1","level":"info","message":"HTTP Request Log","method":"GET","statusCode":304,"timestamp":"2025-12-28 23:10:59","url":"/api/auth/user/6945678b6065fb3c874ad6e7"}
{"duration":"2ms","ip":"::1","level":"info","message":"HTTP Request Log","method":"POST","statusCode":404,"timestamp":"2025-12-28 23:12:17","url":"/api/counsellor/createStudent"}
{"duration":"125ms","ip":"::1","level":"info","message":"HTTP Request Log","method":"GET","statusCode":304,"timestamp":"2025-12-28 23:12:28","url":"/api/auth/user/6945678b6065fb3c874ad6e7"}
{"duration":"183ms","ip":"::1","level":"info","message":"HTTP Request Log","method":"GET","statusCode":304,"timestamp":"2025-12-28 23:12:28","url":"/api/auth/user/6945678b6065fb3c874ad6e7"}
{"duration":"168ms","ip":"::1","level":"info","message":"HTTP Request Log","method":"GET","statusCode":304,"timestamp":"2025-12-28 23:12:35","url":"/api/auth/user/6945678b6065fb3c874ad6e7"}
{"duration":"178ms","ip":"::1","level":"info","message":"HTTP Request Log","method":"GET","statusCode":304,"timestamp":"2025-12-28 23:12:36","url":"/api/auth/user/6945678b6065fb3c874ad6e7"}
{"duration":"66ms","ip":"::1","level":"info","message":"HTTP Request Log","method":"GET","statusCode":304,"timestamp":"2025-12-28 23:12:44","url":"/api/counsellor/getAllStudents"}
{"duration":"105ms","ip":"::1","level":"info","message":"HTTP Request Log","method":"GET","statusCode":200,"timestamp":"2025-12-28 23:12:47","url":"/api/counsellor/getAllCourses"}
{"duration":"153ms","ip":"::1","level":"info","message":"HTTP Request Log","method":"GET","statusCode":304,"timestamp":"2025-12-28 23:12:55","url":"/api/counsellor/getAllStudents"}
{"duration":"66ms","ip":"::1","level":"info","message":"HTTP Request Log","method":"GET","statusCode":304,"timestamp":"2025-12-28 23:12:56","url":"/api/counsellor/getAllCourses"}
{"duration":"65ms","ip":"::1","level":"info","message":"HTTP Request Log","method":"GET","statusCode":304,"timestamp":"2025-12-28 23:12:57","url":"/api/counsellor/getAllStudents"}
{"duration":"76ms","ip":"::1","level":"info","message":"HTTP Request Log","method":"GET","statusCode":304,"timestamp":"2025-12-28 23:12:59","url":"/api/counsellor/getAllCourses"}
{"duration":"132ms","ip":"::1","level":"info","message":"HTTP Request Log","method":"GET","statusCode":304,"timestamp":"2025-12-28 23:13:01","url":"/api/counsellor/getAllStudents"}
{"duration":"93ms","ip":"::1","level":"info","message":"HTTP Request Log","method":"GET","statusCode":304,"timestamp":"2025-12-28 23:13:05","url":"/api/counsellor/getAllStudents"}
{"duration":"87ms","ip":"::1","level":"info","message":"HTTP Request Log","method":"GET","statusCode":304,"timestamp":"2025-12-28 23:14:03","url":"/api/auth/user/6945678b6065fb3c874ad6e7"}
{"duration":"1ms","ip":"::1","level":"info","message":"HTTP Request Log","method":"GET","statusCode":429,"timestamp":"2025-12-28 23:14:03","url":"/api/auth/user/6945678b6065fb3c874ad6e7"}
{"duration":"66ms","ip":"::1","level":"info","message":"HTTP Request Log","method":"GET","statusCode":200,"timestamp":"2025-12-28 23:19:26","url":"/api/auth/user/6945678b6065fb3c874ad6e7"}
{"duration":"65ms","ip":"::1","level":"info","message":"HTTP Request Log","method":"GET","statusCode":304,"timestamp":"2025-12-28 23:19:26","url":"/api/auth/user/6945678b6065fb3c874ad6e7"}
{"duration":"65ms","ip":"::1","level":"info","message":"HTTP Request Log","method":"GET","statusCode":304,"timestamp":"2025-12-28 23:19:30","url":"/api/auth/user/6945678b6065fb3c874ad6e7"}
{"duration":"168ms","ip":"::1","level":"info","message":"HTTP Request Log","method":"GET","statusCode":304,"timestamp":"2025-12-28 23:19:30","url":"/api/auth/user/6945678b6065fb3c874ad6e7"}
{"duration":"67ms","ip":"::1","level":"info","message":"HTTP Request Log","method":"GET","statusCode":304,"timestamp":"2025-12-28 23:19:54","url":"/api/auth/user/6945678b6065fb3c874ad6e7"}
{"duration":"66ms","ip":"::1","level":"info","message":"HTTP Request Log","method":"GET","statusCode":304,"timestamp":"2025-12-28 23:19:54","url":"/api/auth/user/6945678b6065fb3c874ad6e7"}
{"duration":"133ms","ip":"::1","level":"info","message":"HTTP Request Log","method":"GET","statusCode":304,"timestamp":"2025-12-28 23:20:04","url":"/api/auth/user/6945678b6065fb3c874ad6e7"}
{"duration":"84ms","ip":"::1","level":"info","message":"HTTP Request Log","method":"GET","statusCode":304,"timestamp":"2025-12-28 23:20:04","url":"/api/auth/user/6945678b6065fb3c874ad6e7"}
{"duration":"63ms","ip":"::1","level":"info","message":"HTTP Request Log","method":"GET","statusCode":304,"timestamp":"2025-12-28 23:20:05","url":"/api/auth/user/6945678b6065fb3c874ad6e7"}
{"duration":"65ms","ip":"::1","level":"info","message":"HTTP Request Log","method":"GET","statusCode":304,"timestamp":"2025-12-28 23:20:05","url":"/api/auth/user/6945678b6065fb3c874ad6e7"}
{"duration":"67ms","ip":"::1","level":"info","message":"HTTP Request Log","method":"GET","statusCode":304,"timestamp":"2025-12-28 23:20:37","url":"/api/auth/user/6945678b6065fb3c874ad6e7"}
{"duration":"161ms","ip":"::1","level":"info","message":"HTTP Request Log","method":"GET","statusCode":304,"timestamp":"2025-12-28 23:20:37","url":"/api/auth/user/6945678b6065fb3c874ad6e7"}
{"duration":"93ms","ip":"::1","level":"info","message":"HTTP Request Log","method":"GET","statusCode":304,"timestamp":"2025-12-28 23:20:38","url":"/api/auth/user/6945678b6065fb3c874ad6e7"}
{"duration":"83ms","ip":"::1","level":"info","message":"HTTP Request Log","method":"GET","statusCode":304,"timestamp":"2025-12-28 23:20:39","url":"/api/auth/user/6945678b6065fb3c874ad6e7"}
{"duration":"114ms","ip":"::1","level":"info","message":"HTTP Request Log","method":"GET","statusCode":304,"timestamp":"2025-12-28 23:20:39","url":"/api/auth/user/6945678b6065fb3c874ad6e7"}
{"duration":"182ms","ip":"::1","level":"info","message":"HTTP Request Log","method":"GET","statusCode":304,"timestamp":"2025-12-28 23:20:39","url":"/api/auth/user/6945678b6065fb3c874ad6e7"}
{"duration":"123ms","ip":"::1","level":"info","message":"HTTP Request Log","method":"GET","statusCode":200,"timestamp":"2025-12-28 23:20:43","url":"/api/auth/user/6945678b6065fb3c874ad6e7"}
{"duration":"118ms","ip":"::1","level":"info","message":"HTTP Request Log","method":"GET","statusCode":200,"timestamp":"2025-12-28 23:20:43","url":"/api/auth/user/6945678b6065fb3c874ad6e7"}
{"duration":"81ms","ip":"::1","level":"info","message":"HTTP Request Log","method":"GET","statusCode":200,"timestamp":"2025-12-28 23:20:44","url":"/api/auth/user/6945678b6065fb3c874ad6e7"}
{"duration":"84ms","ip":"::1","level":"info","message":"HTTP Request Log","method":"GET","statusCode":304,"timestamp":"2025-12-28 23:20:44","url":"/api/auth/user/6945678b6065fb3c874ad6e7"}
{"duration":"72ms","ip":"::1","level":"info","message":"HTTP Request Log","method":"GET","statusCode":200,"timestamp":"2025-12-28 23:20:44","url":"/api/auth/user/6945678b6065fb3c874ad6e7"}
{"duration":"141ms","ip":"::1","level":"info","message":"HTTP Request Log","method":"GET","statusCode":304,"timestamp":"2025-12-28 23:20:44","url":"/api/auth/user/6945678b6065fb3c874ad6e7"}
{"duration":"107ms","ip":"::1","level":"info","message":"HTTP Request Log","method":"GET","statusCode":304,"timestamp":"2025-12-28 23:20:45","url":"/api/auth/user/6945678b6065fb3c874ad6e7"}
{"duration":"184ms","ip":"::1","level":"info","message":"HTTP Request Log","method":"GET","statusCode":304,"timestamp":"2025-12-28 23:20:45","url":"/api/auth/user/6945678b6065fb3c874ad6e7"}
{"duration":"75ms","ip":"::1","level":"info","message":"HTTP Request Log","method":"GET","statusCode":200,"timestamp":"2025-12-28 23:20:46","url":"/api/auth/user/6945678b6065fb3c874ad6e7"}
{"duration":"89ms","ip":"::1","level":"info","message":"HTTP Request Log","method":"GET","statusCode":304,"timestamp":"2025-12-28 23:20:47","url":"/api/auth/user/6945678b6065fb3c874ad6e7"}
{"duration":"96ms","ip":"::1","level":"info","message":"HTTP Request Log","method":"GET","statusCode":200,"timestamp":"2025-12-28 23:20:48","url":"/api/auth/user/6945678b6065fb3c874ad6e7"}
{"duration":"65ms","ip":"::1","level":"info","message":"HTTP Request Log","method":"GET","statusCode":200,"timestamp":"2025-12-28 23:20:48","url":"/api/auth/user/6945678b6065fb3c874ad6e7"}
{"duration":"74ms","ip":"::1","level":"info","message":"HTTP Request Log","method":"GET","statusCode":304,"timestamp":"2025-12-28 23:20:48","url":"/api/auth/user/6945678b6065fb3c874ad6e7"}
{"duration":"145ms","ip":"::1","level":"info","message":"HTTP Request Log","method":"GET","statusCode":200,"timestamp":"2025-12-28 23:20:49","url":"/api/auth/user/6945678b6065fb3c874ad6e7"}
{"duration":"69ms","ip":"::1","level":"info","message":"HTTP Request Log","method":"GET","statusCode":200,"timestamp":"2025-12-28 23:20:50","url":"/api/auth/user/6945678b6065fb3c874ad6e7"}
{"duration":"78ms","ip":"::1","level":"info","message":"HTTP Request Log","method":"GET","statusCode":200,"timestamp":"2025-12-28 23:20:50","url":"/api/auth/user/6945678b6065fb3c874ad6e7"}
{"duration":"71ms","ip":"::1","level":"info","message":"HTTP Request Log","method":"GET","statusCode":200,"timestamp":"2025-12-28 23:20:50","url":"/api/auth/user/6945678b6065fb3c874ad6e7"}
{"duration":"175ms","ip":"::1","level":"info","message":"HTTP Request Log","method":"GET","statusCode":304,"timestamp":"2025-12-28 23:20:50","url":"/api/auth/user/6945678b6065fb3c874ad6e7"}
{"duration":"114ms","ip":"::1","level":"info","message":"HTTP Request Log","method":"GET","statusCode":304,"timestamp":"2025-12-28 23:20:51","url":"/api/auth/user/6945678b6065fb3c874ad6e7"}
{"duration":"72ms","ip":"::1","level":"info","message":"HTTP Request Log","method":"GET","statusCode":200,"timestamp":"2025-12-28 23:20:51","url":"/api/auth/user/6945678b6065fb3c874ad6e7"}
{"duration":"73ms","ip":"::1","level":"info","message":"HTTP Request Log","method":"GET","statusCode":200,"timestamp":"2025-12-28 23:20:51","url":"/api/auth/user/6945678b6065fb3c874ad6e7"}
{"duration":"67ms","ip":"::1","level":"info","message":"HTTP Request Log","method":"GET","statusCode":200,"timestamp":"2025-12-28 23:20:52","url":"/api/auth/user/6945678b6065fb3c874ad6e7"}
{"duration":"84ms","ip":"::1","level":"info","message":"HTTP Request Log","method":"GET","statusCode":200,"timestamp":"2025-12-28 23:20:52","url":"/api/auth/user/6945678b6065fb3c874ad6e7"}
{"duration":"64ms","ip":"::1","level":"info","message":"HTTP Request Log","method":"GET","statusCode":200,"timestamp":"2025-12-28 23:20:52","url":"/api/auth/user/6945678b6065fb3c874ad6e7"}
{"duration":"88ms","ip":"::1","level":"info","message":"HTTP Request Log","method":"GET","statusCode":200,"timestamp":"2025-12-28 23:20:53","url":"/api/auth/user/6945678b6065fb3c874ad6e7"}
{"duration":"72ms","ip":"::1","level":"info","message":"HTTP Request Log","method":"GET","statusCode":200,"timestamp":"2025-12-28 23:20:53","url":"/api/auth/user/6945678b6065fb3c874ad6e7"}
{"duration":"76ms","ip":"::1","level":"info","message":"HTTP Request Log","method":"GET","statusCode":200,"timestamp":"2025-12-28 23:20:54","url":"/api/auth/user/6945678b6065fb3c874ad6e7"}
{"duration":"65ms","ip":"::1","level":"info","message":"HTTP Request Log","method":"GET","statusCode":200,"timestamp":"2025-12-28 23:20:54","url":"/api/auth/user/6945678b6065fb3c874ad6e7"}
{"duration":"71ms","ip":"::1","level":"info","message":"HTTP Request Log","method":"GET","statusCode":200,"timestamp":"2025-12-28 23:20:55","url":"/api/auth/user/6945678b6065fb3c874ad6e7"}
{"duration":"64ms","ip":"::1","level":"info","message":"HTTP Request Log","method":"GET","statusCode":200,"timestamp":"2025-12-28 23:20:56","url":"/api/auth/user/6945678b6065fb3c874ad6e7"}
{"duration":"64ms","ip":"::1","level":"info","message":"HTTP Request Log","method":"GET","statusCode":200,"timestamp":"2025-12-28 23:20:56","url":"/api/auth/user/6945678b6065fb3c874ad6e7"}
{"duration":"132ms","ip":"::1","level":"info","message":"HTTP Request Log","method":"GET","statusCode":200,"timestamp":"2025-12-28 23:20:57","url":"/api/auth/user/6945678b6065fb3c874ad6e7"}
{"duration":"184ms","ip":"::1","level":"info","message":"HTTP Request Log","method":"GET","statusCode":304,"timestamp":"2025-12-28 23:20:57","url":"/api/auth/user/6945678b6065fb3c874ad6e7"}
{"duration":"77ms","ip":"::1","level":"info","message":"HTTP Request Log","method":"GET","statusCode":304,"timestamp":"2025-12-28 23:21:05","url":"/api/auth/user/6945678b6065fb3c874ad6e7"}
{"duration":"95ms","ip":"::1","level":"info","message":"HTTP Request Log","method":"GET","statusCode":304,"timestamp":"2025-12-28 23:21:05","url":"/api/auth/user/6945678b6065fb3c874ad6e7"}
{"duration":"1ms","ip":"::1","level":"info","message":"HTTP Request Log","method":"GET","statusCode":429,"timestamp":"2025-12-28 23:21:05","url":"/api/auth/user/6945678b6065fb3c874ad6e7"}
{"duration":"1ms","ip":"::1","level":"info","message":"HTTP Request Log","method":"GET","statusCode":429,"timestamp":"2025-12-28 23:21:05","url":"/api/auth/user/6945678b6065fb3c874ad6e7"}
{"duration":"1ms","ip":"::1","level":"info","message":"HTTP Request Log","method":"GET","statusCode":429,"timestamp":"2025-12-28 23:21:05","url":"/api/auth/user/6945678b6065fb3c874ad6e7"}
{"duration":"1ms","ip":"::1","level":"info","message":"HTTP Request Log","method":"GET","statusCode":429,"timestamp":"2025-12-28 23:21:05","url":"/api/auth/user/6945678b6065fb3c874ad6e7"}
{"duration":"0ms","ip":"::1","level":"info","message":"HTTP Request Log","method":"GET","statusCode":429,"timestamp":"2025-12-28 23:21:05","url":"/api/auth/user/6945678b6065fb3c874ad6e7"}
{"duration":"0ms","ip":"::1","level":"info","message":"HTTP Request Log","method":"GET","statusCode":429,"timestamp":"2025-12-28 23:21:05","url":"/api/auth/user/6945678b6065fb3c874ad6e7"}
{"duration":"1ms","ip":"::1","level":"info","message":"HTTP Request Log","method":"GET","statusCode":429,"timestamp":"2025-12-28 23:21:06","url":"/api/auth/user/6945678b6065fb3c874ad6e7"}
{"duration":"1ms","ip":"::1","level":"info","message":"HTTP Request Log","method":"GET","statusCode":429,"timestamp":"2025-12-28 23:21:06","url":"/api/auth/user/6945678b6065fb3c874ad6e7"}
{"duration":"1ms","ip":"::1","level":"info","message":"HTTP Request Log","method":"GET","statusCode":429,"timestamp":"2025-12-28 23:21:06","url":"/api/auth/user/6945678b6065fb3c874ad6e7"}
{"duration":"0ms","ip":"::1","level":"info","message":"HTTP Request Log","method":"GET","statusCode":429,"timestamp":"2025-12-28 23:21:06","url":"/api/auth/user/6945678b6065fb3c874ad6e7"}
{"duration":"1ms","ip":"::1","level":"info","message":"HTTP Request Log","method":"GET","statusCode":429,"timestamp":"2025-12-28 23:21:06","url":"/api/auth/user/6945678b6065fb3c874ad6e7"}
{"duration":"1ms","ip":"::1","level":"info","message":"HTTP Request Log","method":"GET","statusCode":429,"timestamp":"2025-12-28 23:21:06","url":"/api/auth/user/6945678b6065fb3c874ad6e7"}
{"duration":"1ms","ip":"::1","level":"info","message":"HTTP Request Log","method":"GET","statusCode":429,"timestamp":"2025-12-28 23:21:06","url":"/api/auth/user/6945678b6065fb3c874ad6e7"}
{"duration":"1ms","ip":"::1","level":"info","message":"HTTP Request Log","method":"GET","statusCode":429,"timestamp":"2025-12-28 23:21:06","url":"/api/auth/user/6945678b6065fb3c874ad6e7"}
{"duration":"1ms","ip":"::1","level":"info","message":"HTTP Request Log","method":"GET","statusCode":429,"timestamp":"2025-12-28 23:21:06","url":"/api/auth/user/6945678b6065fb3c874ad6e7"}
{"duration":"1ms","ip":"::1","level":"info","message":"HTTP Request Log","method":"GET","statusCode":429,"timestamp":"2025-12-28 23:21:06","url":"/api/auth/user/6945678b6065fb3c874ad6e7"}
{"duration":"1ms","ip":"::1","level":"info","message":"HTTP Request Log","method":"GET","statusCode":429,"timestamp":"2025-12-28 23:21:07","url":"/api/auth/user/6945678b6065fb3c874ad6e7"}
{"duration":"1ms","ip":"::1","level":"info","message":"HTTP Request Log","method":"GET","statusCode":429,"timestamp":"2025-12-28 23:21:07","url":"/api/auth/user/6945678b6065fb3c874ad6e7"}
{"duration":"1ms","ip":"::1","level":"info","message":"HTTP Request Log","method":"GET","statusCode":429,"timestamp":"2025-12-28 23:21:07","url":"/api/auth/user/6945678b6065fb3c874ad6e7"}
{"duration":"1ms","ip":"::1","level":"info","message":"HTTP Request Log","method":"GET","statusCode":429,"timestamp":"2025-12-28 23:21:07","url":"/api/auth/user/6945678b6065fb3c874ad6e7"}
{"duration":"1ms","ip":"::1","level":"info","message":"HTTP Request Log","method":"GET","statusCode":429,"timestamp":"2025-12-28 23:21:07","url":"/api/auth/user/6945678b6065fb3c874ad6e7"}
{"duration":"1ms","ip":"::1","level":"info","message":"HTTP Request Log","method":"GET","statusCode":429,"timestamp":"2025-12-28 23:21:07","url":"/api/auth/user/6945678b6065fb3c874ad6e7"}
{"duration":"1ms","ip":"::1","level":"info","message":"HTTP Request Log","method":"GET","statusCode":429,"timestamp":"2025-12-28 23:21:07","url":"/api/auth/user/6945678b6065fb3c874ad6e7"}
{"duration":"1ms","ip":"::1","level":"info","message":"HTTP Request Log","method":"GET","statusCode":429,"timestamp":"2025-12-28 23:21:07","url":"/api/auth/user/6945678b6065fb3c874ad6e7"}
{"duration":"1ms","ip":"::1","level":"info","message":"HTTP Request Log","method":"GET","statusCode":429,"timestamp":"2025-12-28 23:21:07","url":"/api/auth/user/6945678b6065fb3c874ad6e7"}
{"duration":"1ms","ip":"::1","level":"info","message":"HTTP Request Log","method":"GET","statusCode":429,"timestamp":"2025-12-28 23:21:07","url":"/api/auth/user/6945678b6065fb3c874ad6e7"}
{"duration":"1ms","ip":"::1","level":"info","message":"HTTP Request Log","method":"GET","statusCode":429,"timestamp":"2025-12-28 23:21:07","url":"/api/auth/user/6945678b6065fb3c874ad6e7"}
{"duration":"0ms","ip":"::1","level":"info","message":"HTTP Request Log","method":"GET","statusCode":429,"timestamp":"2025-12-28 23:21:07","url":"/api/auth/user/6945678b6065fb3c874ad6e7"}
{"duration":"0ms","ip":"::1","level":"info","message":"HTTP Request Log","method":"GET","statusCode":429,"timestamp":"2025-12-28 23:21:08","url":"/api/auth/user/6945678b6065fb3c874ad6e7"}
{"duration":"1ms","ip":"::1","level":"info","message":"HTTP Request Log","method":"GET","statusCode":429,"timestamp":"2025-12-28 23:21:08","url":"/api/auth/user/6945678b6065fb3c874ad6e7"}
{"duration":"1ms","ip":"::1","level":"info","message":"HTTP Request Log","method":"GET","statusCode":429,"timestamp":"2025-12-28 23:21:08","url":"/api/auth/user/6945678b6065fb3c874ad6e7"}
{"duration":"0ms","ip":"::1","level":"info","message":"HTTP Request Log","method":"GET","statusCode":429,"timestamp":"2025-12-28 23:21:08","url":"/api/auth/user/6945678b6065fb3c874ad6e7"}
{"duration":"0ms","ip":"::1","level":"info","message":"HTTP Request Log","method":"GET","statusCode":429,"timestamp":"2025-12-28 23:21:08","url":"/api/auth/user/6945678b6065fb3c874ad6e7"}
{"duration":"1ms","ip":"::1","level":"info","message":"HTTP Request Log","method":"GET","statusCode":429,"timestamp":"2025-12-28 23:21:08","url":"/api/auth/user/6945678b6065fb3c874ad6e7"}
{"duration":"0ms","ip":"::1","level":"info","message":"HTTP Request Log","method":"GET","statusCode":429,"timestamp":"2025-12-28 23:21:08","url":"/api/auth/user/6945678b6065fb3c874ad6e7"}
{"duration":"1ms","ip":"::1","level":"info","message":"HTTP Request Log","method":"GET","statusCode":429,"timestamp":"2025-12-28 23:21:08","url":"/api/auth/user/6945678b6065fb3c874ad6e7"}
{"duration":"1ms","ip":"::1","level":"info","message":"HTTP Request Log","method":"GET","statusCode":429,"timestamp":"2025-12-28 23:21:08","url":"/api/auth/user/6945678b6065fb3c874ad6e7"}
{"duration":"1ms","ip":"::1","level":"info","message":"HTTP Request Log","method":"GET","statusCode":429,"timestamp":"2025-12-28 23:21:08","url":"/api/auth/user/6945678b6065fb3c874ad6e7"}
{"duration":"1ms","ip":"::1","level":"info","message":"HTTP Request Log","method":"GET","statusCode":429,"timestamp":"2025-12-28 23:21:09","url":"/api/auth/user/6945678b6065fb3c874ad6e7"}
{"duration":"1ms","ip":"::1","level":"info","message":"HTTP Request Log","method":"GET","statusCode":429,"timestamp":"2025-12-28 23:21:09","url":"/api/auth/user/6945678b6065fb3c874ad6e7"}
{"duration":"1ms","ip":"::1","level":"info","message":"HTTP Request Log","method":"GET","statusCode":429,"timestamp":"2025-12-28 23:21:09","url":"/api/auth/user/6945678b6065fb3c874ad6e7"}
{"duration":"1ms","ip":"::1","level":"info","message":"HTTP Request Log","method":"GET","statusCode":429,"timestamp":"2025-12-28 23:21:09","url":"/api/auth/user/6945678b6065fb3c874ad6e7"}
{"duration":"1ms","ip":"::1","level":"info","message":"HTTP Request Log","method":"GET","statusCode":429,"timestamp":"2025-12-28 23:21:14","url":"/api/auth/user/6945678b6065fb3c874ad6e7"}
{"duration":"1ms","ip":"::1","level":"info","message":"HTTP Request Log","method":"GET","statusCode":429,"timestamp":"2025-12-28 23:21:14","url":"/api/auth/user/6945678b6065fb3c874ad6e7"}
{"duration":"1ms","ip":"::1","level":"info","message":"HTTP Request Log","method":"GET","statusCode":429,"timestamp":"2025-12-28 23:21:18","url":"/api/counsellor/getAllStudents"}
{"duration":"1ms","ip":"::1","level":"info","message":"HTTP Request Log","method":"GET","statusCode":429,"timestamp":"2025-12-28 23:21:19","url":"/api/counsellor/getAllStudents"}
{"duration":"1ms","ip":"::1","level":"info","message":"HTTP Request Log","method":"GET","statusCode":429,"timestamp":"2025-12-28 23:21:20","url":"/api/counsellor/getAllCourses"}
{"duration":"0ms","ip":"::1","level":"info","message":"HTTP Request Log","method":"GET","statusCode":429,"timestamp":"2025-12-28 23:21:21","url":"/api/counsellor/getAllStudents"}
{"duration":"1ms","ip":"::1","level":"info","message":"HTTP Request Log","method":"GET","statusCode":429,"timestamp":"2025-12-28 23:21:21","url":"/api/counsellor/getAllCourses"}
{"duration":"1ms","ip":"::1","level":"info","message":"HTTP Request Log","method":"GET","statusCode":429,"timestamp":"2025-12-28 23:21:22","url":"/api/counsellor/getAllStudents"}
{"duration":"1ms","ip":"::1","level":"info","message":"HTTP Request Log","method":"GET","statusCode":429,"timestamp":"2025-12-28 23:21:24","url":"/api/counsellor/getAllCourses"}
{"duration":"1ms","ip":"::1","level":"info","message":"HTTP Request Log","method":"GET","statusCode":429,"timestamp":"2025-12-28 23:21:24","url":"/api/counsellor/getAllStudents"}
{"duration":"1ms","ip":"::1","level":"info","message":"HTTP Request Log","method":"GET","statusCode":429,"timestamp":"2025-12-28 23:21:26","url":"/api/counsellor/getAllStudents"}
{"duration":"2ms","ip":"::1","level":"info","message":"HTTP Request Log","method":"GET","statusCode":429,"timestamp":"2025-12-28 23:21:28","url":"/api/counsellor/getAllStudents"}
{"duration":"1ms","ip":"::1","level":"info","message":"HTTP Request Log","method":"GET","statusCode":429,"timestamp":"2025-12-28 23:21:28","url":"/api/counsellor/getAllStudents"}
{"duration":"1ms","ip":"::1","level":"info","message":"HTTP Request Log","method":"GET","statusCode":429,"timestamp":"2025-12-28 23:21:28","url":"/api/counsellor/getAllCourses"}
{"duration":"1ms","ip":"::1","level":"info","message":"HTTP Request Log","method":"GET","statusCode":429,"timestamp":"2025-12-28 23:21:29","url":"/api/counsellor/getAllStudents"}
{"duration":"1ms","ip":"::1","level":"info","message":"HTTP Request Log","method":"GET","statusCode":429,"timestamp":"2025-12-28 23:21:29","url":"/api/counsellor/getAllStudents"}
{"duration":"1ms","ip":"::1","level":"info","message":"HTTP Request Log","method":"GET","statusCode":429,"timestamp":"2025-12-28 23:21:30","url":"/api/counsellor/getAllCourses"}
{"duration":"0ms","ip":"::1","level":"info","message":"HTTP Request Log","method":"GET","statusCode":429,"timestamp":"2025-12-28 23:21:30","url":"/api/counsellor/getAllStudents"}
{"duration":"1ms","ip":"::1","level":"info","message":"HTTP Request Log","method":"GET","statusCode":429,"timestamp":"2025-12-28 23:21:30","url":"/api/counsellor/getAllStudents"}
{"duration":"1ms","ip":"::1","level":"info","message":"HTTP Request Log","method":"POST","statusCode":429,"timestamp":"2025-12-28 23:23:46","url":"/api/auth/login"}
{"duration":"1ms","ip":"::1","level":"info","message":"HTTP Request Log","method":"POST","statusCode":429,"timestamp":"2025-12-28 23:23:47","url":"/api/auth/login"}
{"duration":"0ms","ip":"::1","level":"info","message":"HTTP Request Log","method":"POST","statusCode":429,"timestamp":"2025-12-28 23:23:49","url":"/api/auth/login"}
{"duration":"270ms","ip":"::1","level":"info","message":"HTTP Request Log","method":"POST","statusCode":200,"timestamp":"2025-12-28 23:24:06","url":"/api/auth/login"}
{"duration":"84ms","ip":"::1","level":"info","message":"HTTP Request Log","method":"GET","statusCode":200,"timestamp":"2025-12-28 23:24:06","url":"/api/auth/user/6945678b6065fb3c874ad6e7"}
{"duration":"82ms","ip":"::1","level":"info","message":"HTTP Request Log","method":"GET","statusCode":200,"timestamp":"2025-12-28 23:24:06","url":"/api/counsellor/getAllStudents"}
{"duration":"92ms","ip":"::1","level":"info","message":"HTTP Request Log","method":"GET","statusCode":304,"timestamp":"2025-12-28 23:24:06","url":"/api/auth/user/6945678b6065fb3c874ad6e7"}
{"duration":"71ms","ip":"::1","level":"info","message":"HTTP Request Log","method":"GET","statusCode":304,"timestamp":"2025-12-28 23:24:10","url":"/api/auth/user/6945678b6065fb3c874ad6e7"}
{"duration":"48ms","ip":"::1","level":"info","message":"HTTP Request Log","method":"GET","statusCode":304,"timestamp":"2025-12-28 23:24:10","url":"/api/counsellor/getAllStudents"}
{"duration":"76ms","ip":"::1","level":"info","message":"HTTP Request Log","method":"GET","statusCode":304,"timestamp":"2025-12-28 23:24:11","url":"/api/auth/user/6945678b6065fb3c874ad6e7"}
{"duration":"97ms","ip":"::1","level":"info","message":"HTTP Request Log","method":"GET","statusCode":304,"timestamp":"2025-12-28 23:24:13","url":"/api/auth/user/6945678b6065fb3c874ad6e7"}
{"duration":"72ms","ip":"::1","level":"info","message":"HTTP Request Log","method":"GET","statusCode":304,"timestamp":"2025-12-28 23:24:13","url":"/api/counsellor/getAllStudents"}
{"duration":"82ms","ip":"::1","level":"info","message":"HTTP Request Log","method":"GET","statusCode":304,"timestamp":"2025-12-28 23:24:13","url":"/api/auth/user/6945678b6065fb3c874ad6e7"}
{"duration":"65ms","ip":"::1","level":"info","message":"HTTP Request Log","method":"GET","statusCode":304,"timestamp":"2025-12-28 23:24:17","url":"/api/auth/user/6945678b6065fb3c874ad6e7"}
{"duration":"62ms","ip":"::1","level":"info","message":"HTTP Request Log","method":"GET","statusCode":304,"timestamp":"2025-12-28 23:24:17","url":"/api/counsellor/getAllStudents"}
{"duration":"71ms","ip":"::1","level":"info","message":"HTTP Request Log","method":"GET","statusCode":304,"timestamp":"2025-12-28 23:24:17","url":"/api/auth/user/6945678b6065fb3c874ad6e7"}
{"duration":"72ms","ip":"::1","level":"info","message":"HTTP Request Log","method":"GET","statusCode":304,"timestamp":"2025-12-28 23:24:18","url":"/api/auth/user/6945678b6065fb3c874ad6e7"}
{"duration":"65ms","ip":"::1","level":"info","message":"HTTP Request Log","method":"GET","statusCode":304,"timestamp":"2025-12-28 23:24:18","url":"/api/counsellor/getAllStudents"}
{"duration":"71ms","ip":"::1","level":"info","message":"HTTP Request Log","method":"GET","statusCode":304,"timestamp":"2025-12-28 23:24:18","url":"/api/auth/user/6945678b6065fb3c874ad6e7"}
{"duration":"72ms","ip":"::1","level":"info","message":"HTTP Request Log","method":"GET","statusCode":304,"timestamp":"2025-12-28 23:24:19","url":"/api/auth/user/6945678b6065fb3c874ad6e7"}
{"duration":"50ms","ip":"::1","level":"info","message":"HTTP Request Log","method":"GET","statusCode":304,"timestamp":"2025-12-28 23:24:19","url":"/api/counsellor/getAllStudents"}
{"duration":"106ms","ip":"::1","level":"info","message":"HTTP Request Log","method":"GET","statusCode":304,"timestamp":"2025-12-28 23:24:19","url":"/api/auth/user/6945678b6065fb3c874ad6e7"}
{"duration":"114ms","ip":"::1","level":"info","message":"HTTP Request Log","method":"GET","statusCode":304,"timestamp":"2025-12-28 23:25:02","url":"/api/auth/user/6945678b6065fb3c874ad6e7"}
{"duration":"112ms","ip":"::1","level":"info","message":"HTTP Request Log","method":"GET","statusCode":304,"timestamp":"2025-12-28 23:25:02","url":"/api/auth/user/6945678b6065fb3c874ad6e7"}
{"duration":"69ms","ip":"::1","level":"info","message":"HTTP Request Log","method":"GET","statusCode":304,"timestamp":"2025-12-28 23:25:02","url":"/api/counsellor/getAllStudents"}
{"duration":"75ms","ip":"::1","level":"info","message":"HTTP Request Log","method":"GET","statusCode":304,"timestamp":"2025-12-28 23:25:02","url":"/api/auth/user/6945678b6065fb3c874ad6e7"}
{"duration":"103ms","ip":"::1","level":"info","message":"HTTP Request Log","method":"GET","statusCode":304,"timestamp":"2025-12-28 23:25:02","url":"/api/auth/user/6945678b6065fb3c874ad6e7"}
{"duration":"66ms","ip":"::1","level":"info","message":"HTTP Request Log","method":"GET","statusCode":304,"timestamp":"2025-12-28 23:25:02","url":"/api/counsellor/getAllStudents"}
{"duration":"72ms","ip":"::1","level":"info","message":"HTTP Request Log","method":"GET","statusCode":304,"timestamp":"2025-12-28 23:25:02","url":"/api/auth/user/6945678b6065fb3c874ad6e7"}
{"duration":"69ms","ip":"::1","level":"info","message":"HTTP Request Log","method":"GET","statusCode":304,"timestamp":"2025-12-28 23:25:11","url":"/api/auth/user/6945678b6065fb3c874ad6e7"}
{"duration":"152ms","ip":"::1","level":"info","message":"HTTP Request Log","method":"GET","statusCode":304,"timestamp":"2025-12-28 23:25:11","url":"/api/counsellor/getAllStudents"}
{"duration":"158ms","ip":"::1","level":"info","message":"HTTP Request Log","method":"GET","statusCode":304,"timestamp":"2025-12-28 23:25:11","url":"/api/auth/user/6945678b6065fb3c874ad6e7"}
{"duration":"112ms","ip":"::1","level":"info","message":"HTTP Request Log","method":"GET","statusCode":304,"timestamp":"2025-12-28 23:25:12","url":"/api/auth/user/6945678b6065fb3c874ad6e7"}
{"duration":"73ms","ip":"::1","level":"info","message":"HTTP Request Log","method":"GET","statusCode":304,"timestamp":"2025-12-28 23:25:12","url":"/api/counsellor/getAllStudents"}
{"duration":"77ms","ip":"::1","level":"info","message":"HTTP Request Log","method":"GET","statusCode":304,"timestamp":"2025-12-28 23:25:12","url":"/api/auth/user/6945678b6065fb3c874ad6e7"}
{"duration":"96ms","ip":"::1","level":"info","message":"HTTP Request Log","method":"GET","statusCode":304,"timestamp":"2025-12-28 23:25:13","url":"/api/auth/user/6945678b6065fb3c874ad6e7"}
{"duration":"101ms","ip":"::1","level":"info","message":"HTTP Request Log","method":"GET","statusCode":304,"timestamp":"2025-12-28 23:25:13","url":"/api/counsellor/getAllStudents"}
{"duration":"120ms","ip":"::1","level":"info","message":"HTTP Request Log","method":"GET","statusCode":304,"timestamp":"2025-12-28 23:25:13","url":"/api/auth/user/6945678b6065fb3c874ad6e7"}
{"duration":"83ms","ip":"::1","level":"info","message":"HTTP Request Log","method":"GET","statusCode":200,"timestamp":"2025-12-28 23:25:14","url":"/api/auth/user/6945678b6065fb3c874ad6e7"}
{"duration":"56ms","ip":"::1","level":"info","message":"HTTP Request Log","method":"GET","statusCode":304,"timestamp":"2025-12-28 23:25:14","url":"/api/counsellor/getAllStudents"}
{"duration":"70ms","ip":"::1","level":"info","message":"HTTP Request Log","method":"GET","statusCode":304,"timestamp":"2025-12-28 23:25:14","url":"/api/auth/user/6945678b6065fb3c874ad6e7"}
{"duration":"85ms","ip":"::1","level":"info","message":"HTTP Request Log","method":"GET","statusCode":304,"timestamp":"2025-12-28 23:25:14","url":"/api/auth/user/6945678b6065fb3c874ad6e7"}
{"duration":"69ms","ip":"::1","level":"info","message":"HTTP Request Log","method":"GET","statusCode":304,"timestamp":"2025-12-28 23:25:14","url":"/api/counsellor/getAllStudents"}
{"duration":"75ms","ip":"::1","level":"info","message":"HTTP Request Log","method":"GET","statusCode":304,"timestamp":"2025-12-28 23:25:14","url":"/api/auth/user/6945678b6065fb3c874ad6e7"}
{"duration":"95ms","ip":"::1","level":"info","message":"HTTP Request Log","method":"GET","statusCode":304,"timestamp":"2025-12-28 23:25:14","url":"/api/auth/user/6945678b6065fb3c874ad6e7"}
{"duration":"64ms","ip":"::1","level":"info","message":"HTTP Request Log","method":"GET","statusCode":304,"timestamp":"2025-12-28 23:25:14","url":"/api/counsellor/getAllStudents"}
{"duration":"69ms","ip":"::1","level":"info","message":"HTTP Request Log","method":"GET","statusCode":304,"timestamp":"2025-12-28 23:25:14","url":"/api/auth/user/6945678b6065fb3c874ad6e7"}
{"duration":"97ms","ip":"::1","level":"info","message":"HTTP Request Log","method":"GET","statusCode":200,"timestamp":"2025-12-28 23:25:15","url":"/api/auth/user/6945678b6065fb3c874ad6e7"}
{"duration":"101ms","ip":"::1","level":"info","message":"HTTP Request Log","method":"GET","statusCode":304,"timestamp":"2025-12-28 23:25:15","url":"/api/auth/user/6945678b6065fb3c874ad6e7"}
{"duration":"128ms","ip":"::1","level":"info","message":"HTTP Request Log","method":"GET","statusCode":200,"timestamp":"2025-12-28 23:25:16","url":"/api/auth/user/6945678b6065fb3c874ad6e7"}
{"duration":"136ms","ip":"::1","level":"info","message":"HTTP Request Log","method":"GET","statusCode":304,"timestamp":"2025-12-28 23:25:16","url":"/api/counsellor/getAllStudents"}
{"duration":"142ms","ip":"::1","level":"info","message":"HTTP Request Log","method":"GET","statusCode":304,"timestamp":"2025-12-28 23:25:16","url":"/api/auth/user/6945678b6065fb3c874ad6e7"}
{"duration":"87ms","ip":"::1","level":"info","message":"HTTP Request Log","method":"GET","statusCode":304,"timestamp":"2025-12-28 23:25:17","url":"/api/auth/user/6945678b6065fb3c874ad6e7"}
{"duration":"74ms","ip":"::1","level":"info","message":"HTTP Request Log","method":"GET","statusCode":304,"timestamp":"2025-12-28 23:25:18","url":"/api/counsellor/getAllStudents"}
{"duration":"78ms","ip":"::1","level":"info","message":"HTTP Request Log","method":"GET","statusCode":304,"timestamp":"2025-12-28 23:25:18","url":"/api/auth/user/6945678b6065fb3c874ad6e7"}
{"duration":"70ms","ip":"::1","level":"info","message":"HTTP Request Log","method":"GET","statusCode":304,"timestamp":"2025-12-28 23:25:18","url":"/api/auth/user/6945678b6065fb3c874ad6e7"}
{"duration":"67ms","ip":"::1","level":"info","message":"HTTP Request Log","method":"GET","statusCode":200,"timestamp":"2025-12-28 23:25:18","url":"/api/auth/user/6945678b6065fb3c874ad6e7"}
{"duration":"124ms","ip":"::1","level":"info","message":"HTTP Request Log","method":"GET","statusCode":200,"timestamp":"2025-12-28 23:25:19","url":"/api/auth/user/6945678b6065fb3c874ad6e7"}
{"duration":"68ms","ip":"::1","level":"info","message":"HTTP Request Log","method":"GET","statusCode":200,"timestamp":"2025-12-28 23:25:19","url":"/api/counsellor/getAllStudents"}
{"duration":"73ms","ip":"::1","level":"info","message":"HTTP Request Log","method":"GET","statusCode":304,"timestamp":"2025-12-28 23:25:19","url":"/api/auth/user/6945678b6065fb3c874ad6e7"}
{"duration":"86ms","ip":"::1","level":"info","message":"HTTP Request Log","method":"GET","statusCode":200,"timestamp":"2025-12-28 23:25:19","url":"/api/auth/user/6945678b6065fb3c874ad6e7"}
{"duration":"74ms","ip":"::1","level":"info","message":"HTTP Request Log","method":"GET","statusCode":304,"timestamp":"2025-12-28 23:25:19","url":"/api/auth/user/6945678b6065fb3c874ad6e7"}
{"duration":"74ms","ip":"::1","level":"info","message":"HTTP Request Log","method":"GET","statusCode":304,"timestamp":"2025-12-28 23:25:19","url":"/api/counsellor/getAllStudents"}
{"duration":"81ms","ip":"::1","level":"info","message":"HTTP Request Log","method":"GET","statusCode":200,"timestamp":"2025-12-28 23:25:20","url":"/api/auth/user/6945678b6065fb3c874ad6e7"}
{"duration":"83ms","ip":"::1","level":"info","message":"HTTP Request Log","method":"GET","statusCode":304,"timestamp":"2025-12-28 23:25:20","url":"/api/auth/user/6945678b6065fb3c874ad6e7"}
{"duration":"82ms","ip":"::1","level":"info","message":"HTTP Request Log","method":"GET","statusCode":304,"timestamp":"2025-12-28 23:25:20","url":"/api/counsellor/getAllStudents"}
{"duration":"62ms","ip":"::1","level":"info","message":"HTTP Request Log","method":"GET","statusCode":200,"timestamp":"2025-12-28 23:25:20","url":"/api/auth/user/6945678b6065fb3c874ad6e7"}
{"duration":"54ms","ip":"::1","level":"info","message":"HTTP Request Log","method":"GET","statusCode":304,"timestamp":"2025-12-28 23:25:20","url":"/api/auth/user/6945678b6065fb3c874ad6e7"}
{"duration":"62ms","ip":"::1","level":"info","message":"HTTP Request Log","method":"GET","statusCode":304,"timestamp":"2025-12-28 23:25:20","url":"/api/auth/user/6945678b6065fb3c874ad6e7"}
{"duration":"92ms","ip":"::1","level":"info","message":"HTTP Request Log","method":"GET","statusCode":200,"timestamp":"2025-12-28 23:25:21","url":"/api/auth/user/6945678b6065fb3c874ad6e7"}
{"duration":"74ms","ip":"::1","level":"info","message":"HTTP Request Log","method":"GET","statusCode":200,"timestamp":"2025-12-28 23:25:21","url":"/api/counsellor/getAllStudents"}
{"duration":"78ms","ip":"::1","level":"info","message":"HTTP Request Log","method":"GET","statusCode":304,"timestamp":"2025-12-28 23:25:21","url":"/api/auth/user/6945678b6065fb3c874ad6e7"}
{"duration":"88ms","ip":"::1","level":"info","message":"HTTP Request Log","method":"GET","statusCode":200,"timestamp":"2025-12-28 23:25:21","url":"/api/auth/user/6945678b6065fb3c874ad6e7"}
{"duration":"67ms","ip":"::1","level":"info","message":"HTTP Request Log","method":"GET","statusCode":304,"timestamp":"2025-12-28 23:25:21","url":"/api/counsellor/getAllStudents"}
{"duration":"73ms","ip":"::1","level":"info","message":"HTTP Request Log","method":"GET","statusCode":304,"timestamp":"2025-12-28 23:25:21","url":"/api/auth/user/6945678b6065fb3c874ad6e7"}
{"duration":"68ms","ip":"::1","level":"info","message":"HTTP Request Log","method":"GET","statusCode":200,"timestamp":"2025-12-28 23:25:22","url":"/api/auth/user/6945678b6065fb3c874ad6e7"}
{"duration":"70ms","ip":"::1","level":"info","message":"HTTP Request Log","method":"GET","statusCode":200,"timestamp":"2025-12-28 23:25:22","url":"/api/auth/user/6945678b6065fb3c874ad6e7"}
{"duration":"59ms","ip":"::1","level":"info","message":"HTTP Request Log","method":"GET","statusCode":200,"timestamp":"2025-12-28 23:25:22","url":"/api/counsellor/getAllStudents"}
{"duration":"69ms","ip":"::1","level":"info","message":"HTTP Request Log","method":"GET","statusCode":304,"timestamp":"2025-12-28 23:25:22","url":"/api/auth/user/6945678b6065fb3c874ad6e7"}
{"duration":"70ms","ip":"::1","level":"info","message":"HTTP Request Log","method":"GET","statusCode":304,"timestamp":"2025-12-28 23:25:31","url":"/api/auth/user/6945678b6065fb3c874ad6e7"}
{"duration":"66ms","ip":"::1","level":"info","message":"HTTP Request Log","method":"GET","statusCode":304,"timestamp":"2025-12-28 23:25:31","url":"/api/counsellor/getAllStudents"}
{"duration":"71ms","ip":"::1","level":"info","message":"HTTP Request Log","method":"GET","statusCode":304,"timestamp":"2025-12-28 23:25:31","url":"/api/auth/user/6945678b6065fb3c874ad6e7"}
{"duration":"1ms","ip":"::1","level":"info","message":"HTTP Request Log","method":"GET","statusCode":429,"timestamp":"2025-12-28 23:25:32","url":"/api/auth/user/6945678b6065fb3c874ad6e7"}
{"duration":"1ms","ip":"::1","level":"info","message":"HTTP Request Log","method":"GET","statusCode":429,"timestamp":"2025-12-28 23:25:32","url":"/api/auth/user/6945678b6065fb3c874ad6e7"}
{"duration":"1ms","ip":"::1","level":"info","message":"HTTP Request Log","method":"GET","statusCode":429,"timestamp":"2025-12-28 23:25:32","url":"/api/counsellor/getAllStudents"}
{"duration":"1ms","ip":"::1","level":"info","message":"HTTP Request Log","method":"GET","statusCode":429,"timestamp":"2025-12-28 23:25:33","url":"/api/auth/user/6945678b6065fb3c874ad6e7"}
{"duration":"1ms","ip":"::1","level":"info","message":"HTTP Request Log","method":"GET","statusCode":429,"timestamp":"2025-12-28 23:25:33","url":"/api/auth/user/6945678b6065fb3c874ad6e7"}
{"duration":"1ms","ip":"::1","level":"info","message":"HTTP Request Log","method":"GET","statusCode":429,"timestamp":"2025-12-28 23:25:33","url":"/api/counsellor/getAllStudents"}
{"duration":"0ms","ip":"::1","level":"info","message":"HTTP Request Log","method":"GET","statusCode":429,"timestamp":"2025-12-28 23:25:33","url":"/api/auth/user/6945678b6065fb3c874ad6e7"}
{"duration":"0ms","ip":"::1","level":"info","message":"HTTP Request Log","method":"GET","statusCode":429,"timestamp":"2025-12-28 23:25:33","url":"/api/auth/user/6945678b6065fb3c874ad6e7"}
{"duration":"1ms","ip":"::1","level":"info","message":"HTTP Request Log","method":"GET","statusCode":429,"timestamp":"2025-12-28 23:25:33","url":"/api/counsellor/getAllStudents"}
{"duration":"1ms","ip":"::1","level":"info","message":"HTTP Request Log","method":"GET","statusCode":429,"timestamp":"2025-12-28 23:25:33","url":"/api/auth/user/6945678b6065fb3c874ad6e7"}
{"duration":"1ms","ip":"::1","level":"info","message":"HTTP Request Log","method":"GET","statusCode":429,"timestamp":"2025-12-28 23:25:33","url":"/api/auth/user/6945678b6065fb3c874ad6e7"}
{"duration":"0ms","ip":"::1","level":"info","message":"HTTP Request Log","method":"GET","statusCode":429,"timestamp":"2025-12-28 23:25:33","url":"/api/counsellor/getAllStudents"}
{"duration":"0ms","ip":"::1","level":"info","message":"HTTP Request Log","method":"GET","statusCode":429,"timestamp":"2025-12-28 23:25:38","url":"/api/auth/user/6945678b6065fb3c874ad6e7"}
{"duration":"1ms","ip":"::1","level":"info","message":"HTTP Request Log","method":"GET","statusCode":429,"timestamp":"2025-12-28 23:25:38","url":"/api/auth/user/6945678b6065fb3c874ad6e7"}
{"duration":"1ms","ip":"::1","level":"info","message":"HTTP Request Log","method":"GET","statusCode":429,"timestamp":"2025-12-28 23:25:38","url":"/api/counsellor/getAllStudents"}
{"duration":"1ms","ip":"::1","level":"info","message":"HTTP Request Log","method":"POST","statusCode":429,"timestamp":"2025-12-28 23:26:12","url":"/api/auth/login"}
{"duration":"1ms","ip":"::1","level":"info","message":"HTTP Request Log","method":"POST","statusCode":429,"timestamp":"2025-12-28 23:26:16","url":"/api/auth/login"}
