{"duration":"6ms","ip":"::1","level":"info","message":"HTTP Request Log","method":"GET","statusCode":404,"timestamp":"2025-12-08 13:43:08","url":"/user/null"}
{"duration":"1ms","ip":"::1","level":"info","message":"HTTP Request Log","method":"GET","statusCode":404,"timestamp":"2025-12-08 13:43:08","url":"/user/null"}
{"duration":"1ms","ip":"::1","level":"info","message":"HTTP Request Log","method":"GET","statusCode":404,"timestamp":"2025-12-08 13:46:24","url":"/user/null"}
{"duration":"2ms","ip":"::1","level":"info","message":"HTTP Request Log","method":"GET","statusCode":404,"timestamp":"2025-12-08 13:46:24","url":"/user/null"}
{"duration":"2ms","ip":"::1","level":"info","message":"HTTP Request Log","method":"GET","statusCode":404,"timestamp":"2025-12-08 13:48:30","url":"/user/null"}
{"duration":"1ms","ip":"::1","level":"info","message":"HTTP Request Log","method":"GET","statusCode":404,"timestamp":"2025-12-08 13:48:30","url":"/user/null"}
{"duration":"1ms","ip":"::1","level":"info","message":"HTTP Request Log","method":"GET","statusCode":404,"timestamp":"2025-12-08 13:52:46","url":"/user/null"}
{"duration":"2ms","ip":"::1","level":"info","message":"HTTP Request Log","method":"GET","statusCode":404,"timestamp":"2025-12-08 13:52:46","url":"/user/null"}
{"duration":"1ms","ip":"::1","level":"info","message":"HTTP Request Log","method":"POST","statusCode":404,"timestamp":"2025-12-08 13:53:22","url":"/login"}
{"duration":"1ms","ip":"::1","level":"info","message":"HTTP Request Log","method":"POST","statusCode":404,"timestamp":"2025-12-08 13:54:50","url":"/auth/login"}
{"duration":"2ms","ip":"::1","level":"info","message":"HTTP Request Log","method":"GET","statusCode":404,"timestamp":"2025-12-08 14:00:41","url":"/api/auth/login,%20%22post%22,%20data"}
{"duration":"15ms","ip":"::1","level":"info","message":"HTTP Request Log","method":"GET","statusCode":404,"timestamp":"2025-12-08 14:01:48","url":"/api/auth/login,%20%22post%22,%20data"}
{"duration":"253ms","ip":"::1","level":"info","message":"HTTP Request Log","method":"POST","statusCode":400,"timestamp":"2025-12-08 14:04:32","url":"/api/auth/login"}
{"duration":"4746ms","ip":"::1","level":"info","message":"HTTP Request Log","method":"POST","statusCode":201,"timestamp":"2025-12-08 14:09:17","url":"/api/auth/login"}
{"duration":"3431ms","ip":"::1","level":"info","message":"HTTP Request Log","method":"POST","statusCode":201,"timestamp":"2025-12-08 14:12:06","url":"/api/auth/login"}
{"duration":"226ms","ip":"::1","level":"info","message":"HTTP Request Log","method":"POST","statusCode":400,"timestamp":"2025-12-08 14:15:21","url":"/api/auth/login"}
{"duration":"164ms","ip":"::1","level":"info","message":"HTTP Request Log","method":"POST","statusCode":400,"timestamp":"2025-12-08 14:17:57","url":"/api/auth/login"}
{"duration":"235ms","ip":"::1","level":"info","message":"HTTP Request Log","method":"POST","statusCode":400,"timestamp":"2025-12-08 14:17:59","url":"/api/auth/login"}
{"duration":"3424ms","ip":"::1","level":"info","message":"HTTP Request Log","method":"POST","statusCode":500,"timestamp":"2025-12-08 14:24:36","url":"/api/auth/login"}
{"duration":"2ms","ip":"::1","level":"info","message":"HTTP Request Log","method":"POST","statusCode":500,"timestamp":"2025-12-08 14:27:27","url":"/api/auth/login"}
{"duration":"6ms","ip":"::1","level":"info","message":"HTTP Request Log","method":"POST","statusCode":500,"timestamp":"2025-12-08 14:29:01","url":"/api/auth/login"}
{"duration":"4094ms","ip":"::1","level":"info","message":"HTTP Request Log","method":"POST","statusCode":500,"timestamp":"2025-12-08 14:32:43","url":"/api/auth/login"}
{"duration":"2ms","ip":"::1","level":"info","message":"HTTP Request Log","method":"POST","statusCode":500,"timestamp":"2025-12-08 14:33:00","url":"/api/auth/login"}
{"duration":"1ms","ip":"::1","level":"info","message":"HTTP Request Log","method":"POST","statusCode":500,"timestamp":"2025-12-08 14:33:03","url":"/api/auth/login"}
{"duration":"3ms","ip":"::1","level":"info","message":"HTTP Request Log","method":"POST","statusCode":500,"timestamp":"2025-12-08 14:33:04","url":"/api/auth/login"}
{"duration":"4125ms","ip":"::1","level":"info","message":"HTTP Request Log","method":"POST","statusCode":500,"timestamp":"2025-12-08 14:35:02","url":"/api/auth/login"}
{"duration":"1ms","ip":"::1","level":"info","message":"HTTP Request Log","method":"POST","statusCode":500,"timestamp":"2025-12-08 14:35:08","url":"/api/auth/login"}
{"duration":"3694ms","ip":"::1","level":"info","message":"HTTP Request Log","method":"POST","statusCode":500,"timestamp":"2025-12-08 14:36:01","url":"/api/auth/login"}
{"duration":"4326ms","ip":"::1","level":"info","message":"HTTP Request Log","method":"POST","statusCode":500,"timestamp":"2025-12-08 14:37:57","url":"/api/auth/login"}
{"duration":"3332ms","ip":"::1","level":"info","message":"HTTP Request Log","method":"POST","statusCode":500,"timestamp":"2025-12-08 14:40:58","url":"/api/auth/login"}
{"duration":"3491ms","ip":"::1","level":"info","message":"HTTP Request Log","method":"POST","statusCode":500,"timestamp":"2025-12-08 14:42:46","url":"/api/auth/login"}
{"duration":"2949ms","ip":"::1","level":"info","message":"HTTP Request Log","method":"POST","statusCode":500,"timestamp":"2025-12-08 14:43:22","url":"/api/auth/login"}
{"duration":"4488ms","ip":"::1","level":"info","message":"HTTP Request Log","method":"POST","statusCode":500,"timestamp":"2025-12-08 14:43:53","url":"/api/auth/login"}
{"duration":"3099ms","ip":"::1","level":"info","message":"HTTP Request Log","method":"POST","statusCode":500,"timestamp":"2025-12-08 14:44:41","url":"/api/auth/login"}
{"duration":"3239ms","ip":"::1","level":"info","message":"HTTP Request Log","method":"POST","statusCode":201,"timestamp":"2025-12-08 14:46:01","url":"/api/auth/login"}
{"duration":"3322ms","ip":"::1","level":"info","message":"HTTP Request Log","method":"POST","statusCode":201,"timestamp":"2025-12-08 14:46:31","url":"/api/auth/login"}
{"duration":"3548ms","ip":"::1","level":"info","message":"HTTP Request Log","method":"POST","statusCode":201,"timestamp":"2025-12-08 14:46:56","url":"/api/auth/login"}
{"duration":"142ms","ip":"::1","level":"info","message":"HTTP Request Log","method":"POST","statusCode":200,"timestamp":"2025-12-08 14:48:42","url":"/api/auth/login"}
{"duration":"136ms","ip":"::1","level":"info","message":"HTTP Request Log","method":"POST","statusCode":400,"timestamp":"2025-12-08 14:54:15","url":"/api/auth/login"}
{"duration":"250ms","ip":"::1","level":"info","message":"HTTP Request Log","method":"POST","statusCode":200,"timestamp":"2025-12-08 14:55:10","url":"/api/auth/login"}
{"duration":"325ms","ip":"::1","level":"info","message":"HTTP Request Log","method":"POST","statusCode":201,"timestamp":"2025-12-08 14:59:26","url":"/api/admin/createUser"}
{"duration":"3865ms","ip":"::1","level":"info","message":"HTTP Request Log","method":"POST","statusCode":201,"timestamp":"2025-12-08 14:59:41","url":"/api/auth/login"}
{"duration":"4447ms","ip":"::1","level":"info","message":"HTTP Request Log","method":"POST","statusCode":201,"timestamp":"2025-12-08 15:00:36","url":"/api/auth/login"}
{"duration":"3523ms","ip":"::1","level":"info","message":"HTTP Request Log","method":"POST","statusCode":201,"timestamp":"2025-12-08 15:02:13","url":"/api/auth/login"}
{"duration":"3911ms","ip":"::1","level":"info","message":"HTTP Request Log","method":"POST","statusCode":201,"timestamp":"2025-12-08 15:11:14","url":"/api/auth/login"}
{"duration":"3638ms","ip":"::1","level":"info","message":"HTTP Request Log","method":"POST","statusCode":201,"timestamp":"2025-12-08 15:12:54","url":"/api/auth/login"}
{"duration":"5ms","ip":"::1","level":"info","message":"HTTP Request Log","method":"GET","statusCode":404,"timestamp":"2025-12-08 15:16:26","url":"/user/69369a76668b0564d2c58aec"}
{"duration":"1ms","ip":"::1","level":"info","message":"HTTP Request Log","method":"GET","statusCode":404,"timestamp":"2025-12-08 15:16:26","url":"/user/69369a76668b0564d2c58aec"}
{"duration":"3662ms","ip":"::1","level":"info","message":"HTTP Request Log","method":"POST","statusCode":201,"timestamp":"2025-12-08 15:20:15","url":"/api/auth/login"}
{"duration":"225ms","ip":"::1","level":"info","message":"HTTP Request Log","method":"POST","statusCode":400,"timestamp":"2025-12-08 15:21:55","url":"/api/auth/login"}
{"duration":"3623ms","ip":"::1","level":"info","message":"HTTP Request Log","method":"POST","statusCode":201,"timestamp":"2025-12-08 15:22:06","url":"/api/auth/login"}
{"duration":"125ms","ip":"::1","level":"info","message":"HTTP Request Log","method":"POST","statusCode":400,"timestamp":"2025-12-08 15:25:57","url":"/api/auth/login"}
{"duration":"3708ms","ip":"::1","level":"info","message":"HTTP Request Log","method":"POST","statusCode":201,"timestamp":"2025-12-08 15:26:10","url":"/api/auth/login"}
{"duration":"5ms","ip":"::1","level":"info","message":"HTTP Request Log","method":"GET","statusCode":404,"timestamp":"2025-12-08 17:35:40","url":"/api/auth/login"}
{"duration":"6ms","ip":"::1","level":"info","message":"HTTP Request Log","method":"GET","statusCode":404,"timestamp":"2025-12-08 17:37:37","url":"/api/auth/login"}
{"duration":"1ms","ip":"::1","level":"info","message":"HTTP Request Log","method":"GET","statusCode":404,"timestamp":"2025-12-08 17:37:52","url":"/api/auth/login"}
{"duration":"0ms","ip":"::1","level":"info","message":"HTTP Request Log","method":"GET","statusCode":404,"timestamp":"2025-12-08 17:38:10","url":"/api/auth/login"}
{"duration":"1ms","ip":"::1","level":"info","message":"HTTP Request Log","method":"GET","statusCode":404,"timestamp":"2025-12-08 17:38:23","url":"/api/auth/login"}
{"duration":"152ms","ip":"::1","level":"info","message":"HTTP Request Log","method":"POST","statusCode":200,"timestamp":"2025-12-08 17:39:53","url":"/api/auth/login"}
{"duration":"2ms","ip":"::1","level":"info","message":"HTTP Request Log","method":"POST","statusCode":404,"timestamp":"2025-12-08 17:40:27","url":"/api/auth/testroute"}
{"duration":"0ms","ip":"::1","level":"info","message":"HTTP Request Log","method":"POST","statusCode":404,"timestamp":"2025-12-08 17:40:29","url":"/api/auth/testroute"}
{"duration":"0ms","ip":"::1","level":"info","message":"HTTP Request Log","method":"GET","statusCode":404,"timestamp":"2025-12-08 17:40:36","url":"/api/auth/testroute"}
{"duration":"0ms","ip":"::1","level":"info","message":"HTTP Request Log","method":"GET","statusCode":404,"timestamp":"2025-12-08 17:41:51","url":"/api/auth/testroute"}
{"duration":"1ms","ip":"::1","level":"info","message":"HTTP Request Log","method":"GET","statusCode":404,"timestamp":"2025-12-08 17:41:52","url":"/api/auth/testroute"}
{"duration":"0ms","ip":"::1","level":"info","message":"HTTP Request Log","method":"GET","statusCode":404,"timestamp":"2025-12-08 17:43:14","url":"/api/auth/testroute"}
{"duration":"4ms","ip":"::1","level":"info","message":"HTTP Request Log","method":"GET","statusCode":404,"timestamp":"2025-12-08 18:01:33","url":"/api/auth/testroute"}
