{"duration":"3934ms","ip":"::1","level":"info","message":"HTTP Request Log","method":"POST","statusCode":201,"timestamp":"2025-12-12 12:28:52","url":"/api/auth/login"}
{"duration":"2ms","ip":"::1","level":"info","message":"HTTP Request Log","method":"GET","statusCode":404,"timestamp":"2025-12-12 12:28:52","url":"/apiauth/user/69369a76668b0564d2c58aec"}
{"duration":"3929ms","ip":"::1","level":"info","message":"HTTP Request Log","method":"POST","statusCode":201,"timestamp":"2025-12-12 12:29:41","url":"/api/auth/login"}
{"duration":"1ms","ip":"::1","level":"info","message":"HTTP Request Log","method":"GET","statusCode":404,"timestamp":"2025-12-12 12:29:41","url":"/apiauth/user/69369a76668b0564d2c58aec"}
{"duration":"2ms","ip":"::1","level":"info","message":"HTTP Request Log","method":"GET","statusCode":404,"timestamp":"2025-12-12 12:29:49","url":"/apiauth/user/69369a76668b0564d2c58aec"}
{"duration":"2ms","ip":"::1","level":"info","message":"HTTP Request Log","method":"GET","statusCode":404,"timestamp":"2025-12-12 12:30:02","url":"/apiauth/user/69369a76668b0564d2c58aec"}
{"duration":"250ms","ip":"::1","level":"info","message":"HTTP Request Log","method":"POST","statusCode":400,"timestamp":"2025-12-12 12:33:12","url":"/api/auth/login"}
{"duration":"270ms","ip":"::1","level":"info","message":"HTTP Request Log","method":"POST","statusCode":400,"timestamp":"2025-12-12 12:33:22","url":"/api/auth/login"}
{"duration":"165ms","ip":"::1","level":"info","message":"HTTP Request Log","method":"POST","statusCode":400,"timestamp":"2025-12-12 12:34:12","url":"/api/auth/login"}
{"duration":"3748ms","ip":"::1","level":"info","message":"HTTP Request Log","method":"POST","statusCode":201,"timestamp":"2025-12-12 12:35:41","url":"/api/auth/login"}
{"duration":"2ms","ip":"::1","level":"info","message":"HTTP Request Log","method":"GET","statusCode":404,"timestamp":"2025-12-12 12:35:41","url":"/apiauth/user/69369a76668b0564d2c58aec"}
{"duration":"3862ms","ip":"::1","level":"info","message":"HTTP Request Log","method":"POST","statusCode":201,"timestamp":"2025-12-12 12:36:30","url":"/api/auth/login"}
{"duration":"1ms","ip":"::1","level":"info","message":"HTTP Request Log","method":"GET","statusCode":404,"timestamp":"2025-12-12 12:36:30","url":"/apiauth/user/69369a76668b0564d2c58aec"}
{"duration":"1ms","ip":"::1","level":"info","message":"HTTP Request Log","method":"GET","statusCode":404,"timestamp":"2025-12-12 12:37:42","url":"/apiauth/user/69369a76668b0564d2c58aec"}
{"duration":"1ms","ip":"::1","level":"info","message":"HTTP Request Log","method":"GET","statusCode":404,"timestamp":"2025-12-12 12:39:49","url":"/apiauth/user/69369a76668b0564d2c58aec"}
{"duration":"1ms","ip":"::1","level":"info","message":"HTTP Request Log","method":"GET","statusCode":404,"timestamp":"2025-12-12 12:39:49","url":"/apiauth/user/69369a76668b0564d2c58aec"}
{"duration":"1ms","ip":"::1","level":"info","message":"HTTP Request Log","method":"GET","statusCode":404,"timestamp":"2025-12-12 12:40:33","url":"/api%22get%22,auth/user/69369a76668b0564d2c58aec"}
{"duration":"0ms","ip":"::1","level":"info","message":"HTTP Request Log","method":"GET","statusCode":404,"timestamp":"2025-12-12 12:40:49","url":"/apiauth/user/69369a76668b0564d2c58aec"}
{"duration":"1ms","ip":"::1","level":"info","message":"HTTP Request Log","method":"GET","statusCode":404,"timestamp":"2025-12-12 12:44:19","url":"/apiauth/user/69369a76668b0564d2c58aec"}
{"duration":"1ms","ip":"::1","level":"info","message":"HTTP Request Log","method":"GET","statusCode":404,"timestamp":"2025-12-12 12:44:22","url":"/apiauth/user/69369a76668b0564d2c58aec,"}
{"duration":"1ms","ip":"::1","level":"info","message":"HTTP Request Log","method":"GET","statusCode":404,"timestamp":"2025-12-12 12:44:25","url":"/apiauth/user/69369a76668b0564d2c58aec,"}
{"duration":"1ms","ip":"::1","level":"info","message":"HTTP Request Log","method":"GET","statusCode":404,"timestamp":"2025-12-12 12:45:21","url":"/api%22/auth/user/69369a76668b0564d2c58aec%22,%20%22get%22"}
{"duration":"1ms","ip":"::1","level":"info","message":"HTTP Request Log","method":"GET","statusCode":404,"timestamp":"2025-12-12 12:45:25","url":"/api%22/auth/user/69369a76668b0564d2c58aec%22,%20%22get%22"}
{"duration":"1ms","ip":"::1","level":"info","message":"HTTP Request Log","method":"GET","statusCode":404,"timestamp":"2025-12-12 12:45:54","url":"/api%22/auth/user/69369a76668b0564d2c58aec%22,%20%22get%22"}
{"duration":"1ms","ip":"::1","level":"info","message":"HTTP Request Log","method":"GET","statusCode":404,"timestamp":"2025-12-12 12:46:00","url":"/api%22/auth/user/69369a76668b0564d2c58aec%22,%20%22get%22"}
{"duration":"1ms","ip":"::1","level":"info","message":"HTTP Request Log","method":"GET","statusCode":404,"timestamp":"2025-12-12 12:46:00","url":"/api%22/auth/user/69369a76668b0564d2c58aec%22,%20%22get%22"}
{"duration":"1ms","ip":"::1","level":"info","message":"HTTP Request Log","method":"GET","statusCode":404,"timestamp":"2025-12-12 12:46:06","url":"/api%22/auth/user/69369a76668b0564d2c58aec%22,%20%22get%22"}
{"duration":"1ms","ip":"::1","level":"info","message":"HTTP Request Log","method":"GET","statusCode":404,"timestamp":"2025-12-12 12:46:06","url":"/api%22/auth/user/69369a76668b0564d2c58aec%22,%20%22get%22"}
{"duration":"0ms","ip":"::1","level":"info","message":"HTTP Request Log","method":"GET","statusCode":404,"timestamp":"2025-12-12 12:46:08","url":"/api%22/auth/user/69369a76668b0564d2c58aec%22,%20%22get%22"}
{"duration":"0ms","ip":"::1","level":"info","message":"HTTP Request Log","method":"GET","statusCode":404,"timestamp":"2025-12-12 12:46:08","url":"/api%22/auth/user/69369a76668b0564d2c58aec%22,%20%22get%22"}
{"duration":"1ms","ip":"::1","level":"info","message":"HTTP Request Log","method":"GET","statusCode":404,"timestamp":"2025-12-12 12:46:26","url":"/api%22/auth/user/69369a76668b0564d2c58aec%22,%20%22get%22"}
{"duration":"1ms","ip":"::1","level":"info","message":"HTTP Request Log","method":"GET","statusCode":404,"timestamp":"2025-12-12 12:46:31","url":"/api%22/auth/user/69369a76668b0564d2c58aec%22,%20%22get%22"}
{"duration":"1ms","ip":"::1","level":"info","message":"HTTP Request Log","method":"GET","statusCode":404,"timestamp":"2025-12-12 12:46:31","url":"/api%22/auth/user/69369a76668b0564d2c58aec%22,%20%22get%22"}
{"duration":"7ms","ip":"::1","level":"info","message":"HTTP Request Log","method":"GET","statusCode":500,"timestamp":"2025-12-12 12:48:16","url":"/api/auth/user/69369a76668b0564d2c58aec%22,%20%22get%22"}
{"duration":"2ms","ip":"::1","level":"info","message":"HTTP Request Log","method":"GET","statusCode":500,"timestamp":"2025-12-12 12:48:17","url":"/api/auth/user/69369a76668b0564d2c58aec,%20%22get%22"}
{"duration":"3ms","ip":"::1","level":"info","message":"HTTP Request Log","method":"GET","statusCode":500,"timestamp":"2025-12-12 12:48:25","url":"/api/auth/user/69369a76668b0564d2c58aec%22,%20%22get%22"}
{"duration":"3ms","ip":"::1","level":"info","message":"HTTP Request Log","method":"GET","statusCode":500,"timestamp":"2025-12-12 12:48:27","url":"/api/auth/user/69369a76668b0564d2c58aec,%20%22get%22"}
{"duration":"2ms","ip":"::1","level":"info","message":"HTTP Request Log","method":"GET","statusCode":500,"timestamp":"2025-12-12 12:48:31","url":"/api/auth/user/69369a76668b0564d2c58aec,%20%22get%22"}
{"duration":"2ms","ip":"::1","level":"info","message":"HTTP Request Log","method":"GET","statusCode":500,"timestamp":"2025-12-12 12:48:31","url":"/api/auth/user/69369a76668b0564d2c58aec,%20%22get%22"}
{"duration":"2ms","ip":"::1","level":"info","message":"HTTP Request Log","method":"GET","statusCode":500,"timestamp":"2025-12-12 12:51:24","url":"/api/auth/user/69369a76668b0564d2c58aec,%20%22get%22"}
{"duration":"3ms","ip":"::1","level":"info","message":"HTTP Request Log","method":"GET","statusCode":500,"timestamp":"2025-12-12 12:51:24","url":"/api/auth/user/69369a76668b0564d2c58aec,%20%22get%22"}
{"duration":"2ms","ip":"::1","level":"info","message":"HTTP Request Log","method":"GET","statusCode":500,"timestamp":"2025-12-12 12:51:40","url":"/api/auth/user/69369a76668b0564d2c58aec,%20%22get%22"}
{"duration":"2ms","ip":"::1","level":"info","message":"HTTP Request Log","method":"GET","statusCode":500,"timestamp":"2025-12-12 12:51:50","url":"/api/auth/user/$%7Buserid%7D"}
{"duration":"0ms","ip":"::1","level":"info","message":"HTTP Request Log","method":"GET","statusCode":404,"timestamp":"2025-12-12 12:51:56","url":"/api%60/auth/user/$%7Buserid%7D"}
{"duration":"1ms","ip":"::1","level":"info","message":"HTTP Request Log","method":"GET","statusCode":404,"timestamp":"2025-12-12 12:52:01","url":"/api%60/auth/user/$%7Buserid%7D"}
{"duration":"1ms","ip":"::1","level":"info","message":"HTTP Request Log","method":"GET","statusCode":500,"timestamp":"2025-12-12 12:52:03","url":"/api/auth/user/$%7Buserid%7D"}
{"duration":"53ms","ip":"::1","level":"info","message":"HTTP Request Log","method":"GET","statusCode":304,"timestamp":"2025-12-12 12:52:16","url":"/api/auth/user/69369a76668b0564d2c58aec"}
{"duration":"88ms","ip":"::1","level":"info","message":"HTTP Request Log","method":"GET","statusCode":304,"timestamp":"2025-12-12 12:52:19","url":"/api/auth/user/69369a76668b0564d2c58aec"}
{"duration":"123ms","ip":"::1","level":"info","message":"HTTP Request Log","method":"GET","statusCode":304,"timestamp":"2025-12-12 12:52:19","url":"/api/auth/user/69369a76668b0564d2c58aec"}
{"duration":"3ms","ip":"::1","level":"info","message":"HTTP Request Log","method":"GET","statusCode":500,"timestamp":"2025-12-12 12:52:24","url":"/api/auth/user/69369a76668b0564d2c58aec,%20%22get%22"}
{"duration":"114ms","ip":"::1","level":"info","message":"HTTP Request Log","method":"GET","statusCode":304,"timestamp":"2025-12-12 12:52:24","url":"/api/auth/user/69369a76668b0564d2c58aec"}
{"duration":"93ms","ip":"::1","level":"info","message":"HTTP Request Log","method":"GET","statusCode":304,"timestamp":"2025-12-12 12:53:05","url":"/api/auth/user/69369a76668b0564d2c58aec"}
{"duration":"133ms","ip":"::1","level":"info","message":"HTTP Request Log","method":"GET","statusCode":304,"timestamp":"2025-12-12 12:53:17","url":"/api/auth/user/69369a76668b0564d2c58aec"}
{"duration":"100ms","ip":"::1","level":"info","message":"HTTP Request Log","method":"GET","statusCode":304,"timestamp":"2025-12-12 12:53:17","url":"/api/auth/user/69369a76668b0564d2c58aec"}
{"duration":"86ms","ip":"::1","level":"info","message":"HTTP Request Log","method":"GET","statusCode":304,"timestamp":"2025-12-12 12:54:12","url":"/api/auth/user/69369a76668b0564d2c58aec"}
{"duration":"102ms","ip":"::1","level":"info","message":"HTTP Request Log","method":"GET","statusCode":304,"timestamp":"2025-12-12 12:54:12","url":"/api/auth/user/69369a76668b0564d2c58aec"}
{"duration":"78ms","ip":"::1","level":"info","message":"HTTP Request Log","method":"GET","statusCode":304,"timestamp":"2025-12-12 12:54:15","url":"/api/auth/user/69369a76668b0564d2c58aec"}
{"duration":"102ms","ip":"::1","level":"info","message":"HTTP Request Log","method":"GET","statusCode":304,"timestamp":"2025-12-12 12:54:15","url":"/api/auth/user/69369a76668b0564d2c58aec"}
{"duration":"37ms","ip":"::1","level":"info","message":"HTTP Request Log","method":"GET","statusCode":304,"timestamp":"2025-12-12 12:55:39","url":"/api/auth/user/69369a76668b0564d2c58aec"}
{"duration":"37ms","ip":"::1","level":"info","message":"HTTP Request Log","method":"GET","statusCode":304,"timestamp":"2025-12-12 12:55:39","url":"/api/auth/user/69369a76668b0564d2c58aec"}
{"duration":"109ms","ip":"::1","level":"info","message":"HTTP Request Log","method":"GET","statusCode":304,"timestamp":"2025-12-12 12:59:17","url":"/api/auth/user/69369a76668b0564d2c58aec"}
{"duration":"79ms","ip":"::1","level":"info","message":"HTTP Request Log","method":"GET","statusCode":304,"timestamp":"2025-12-12 12:59:17","url":"/api/auth/user/69369a76668b0564d2c58aec"}
{"duration":"154ms","ip":"::1","level":"info","message":"HTTP Request Log","method":"GET","statusCode":200,"timestamp":"2025-12-12 13:03:29","url":"/api/auth/user/69369a76668b0564d2c58aec"}
{"duration":"42ms","ip":"::1","level":"info","message":"HTTP Request Log","method":"GET","statusCode":304,"timestamp":"2025-12-12 13:03:29","url":"/api/auth/user/69369a76668b0564d2c58aec"}
{"duration":"100ms","ip":"::1","level":"info","message":"HTTP Request Log","method":"GET","statusCode":304,"timestamp":"2025-12-12 13:03:58","url":"/api/auth/user/69369a76668b0564d2c58aec"}
{"duration":"139ms","ip":"::1","level":"info","message":"HTTP Request Log","method":"GET","statusCode":304,"timestamp":"2025-12-12 13:04:03","url":"/api/auth/user/69369a76668b0564d2c58aec"}
{"duration":"101ms","ip":"::1","level":"info","message":"HTTP Request Log","method":"GET","statusCode":304,"timestamp":"2025-12-12 13:04:03","url":"/api/auth/user/69369a76668b0564d2c58aec"}
{"duration":"125ms","ip":"::1","level":"info","message":"HTTP Request Log","method":"GET","statusCode":304,"timestamp":"2025-12-12 13:04:26","url":"/api/auth/user/69369a76668b0564d2c58aec"}
{"duration":"97ms","ip":"::1","level":"info","message":"HTTP Request Log","method":"GET","statusCode":304,"timestamp":"2025-12-12 13:04:26","url":"/api/auth/user/69369a76668b0564d2c58aec"}
{"duration":"116ms","ip":"::1","level":"info","message":"HTTP Request Log","method":"GET","statusCode":304,"timestamp":"2025-12-12 13:04:50","url":"/api/auth/user/69369a76668b0564d2c58aec"}
{"duration":"95ms","ip":"::1","level":"info","message":"HTTP Request Log","method":"GET","statusCode":304,"timestamp":"2025-12-12 13:04:50","url":"/api/auth/user/69369a76668b0564d2c58aec"}
{"duration":"129ms","ip":"::1","level":"info","message":"HTTP Request Log","method":"GET","statusCode":304,"timestamp":"2025-12-12 13:05:47","url":"/api/auth/user/69369a76668b0564d2c58aec"}
{"duration":"65ms","ip":"::1","level":"info","message":"HTTP Request Log","method":"GET","statusCode":304,"timestamp":"2025-12-12 13:05:49","url":"/api/auth/user/69369a76668b0564d2c58aec"}
{"duration":"45ms","ip":"::1","level":"info","message":"HTTP Request Log","method":"GET","statusCode":304,"timestamp":"2025-12-12 13:06:08","url":"/api/auth/user/69369a76668b0564d2c58aec"}
{"duration":"132ms","ip":"::1","level":"info","message":"HTTP Request Log","method":"GET","statusCode":304,"timestamp":"2025-12-12 13:06:33","url":"/api/auth/user/69369a76668b0564d2c58aec"}
{"duration":"112ms","ip":"::1","level":"info","message":"HTTP Request Log","method":"GET","statusCode":304,"timestamp":"2025-12-12 13:06:43","url":"/api/auth/user/69369a76668b0564d2c58aec"}
{"duration":"143ms","ip":"::1","level":"info","message":"HTTP Request Log","method":"GET","statusCode":304,"timestamp":"2025-12-12 13:06:48","url":"/api/auth/user/69369a76668b0564d2c58aec"}
{"duration":"63ms","ip":"::1","level":"info","message":"HTTP Request Log","method":"GET","statusCode":304,"timestamp":"2025-12-12 13:10:03","url":"/api/auth/user/69369a76668b0564d2c58aec"}
{"duration":"100ms","ip":"::1","level":"info","message":"HTTP Request Log","method":"GET","statusCode":304,"timestamp":"2025-12-12 13:10:03","url":"/api/auth/user/69369a76668b0564d2c58aec"}
{"duration":"46ms","ip":"::1","level":"info","message":"HTTP Request Log","method":"GET","statusCode":304,"timestamp":"2025-12-12 13:10:05","url":"/api/auth/user/69369a76668b0564d2c58aec"}
{"duration":"87ms","ip":"::1","level":"info","message":"HTTP Request Log","method":"GET","statusCode":304,"timestamp":"2025-12-12 13:10:08","url":"/api/auth/user/69369a76668b0564d2c58aec"}
{"duration":"64ms","ip":"::1","level":"info","message":"HTTP Request Log","method":"GET","statusCode":304,"timestamp":"2025-12-12 13:10:08","url":"/api/auth/user/69369a76668b0564d2c58aec"}
{"duration":"203ms","ip":"::1","level":"info","message":"HTTP Request Log","method":"POST","statusCode":200,"timestamp":"2025-12-12 13:11:23","url":"/api/auth/login"}
{"duration":"39ms","ip":"::1","level":"info","message":"HTTP Request Log","method":"GET","statusCode":200,"timestamp":"2025-12-12 13:11:23","url":"/api/auth/user/692ea81ab51b8991ecc9f21f"}
{"duration":"56ms","ip":"::1","level":"info","message":"HTTP Request Log","method":"GET","statusCode":304,"timestamp":"2025-12-12 13:11:23","url":"/api/auth/user/692ea81ab51b8991ecc9f21f"}
{"duration":"61ms","ip":"::1","level":"info","message":"HTTP Request Log","method":"GET","statusCode":304,"timestamp":"2025-12-12 13:19:25","url":"/api/auth/user/692ea81ab51b8991ecc9f21f"}
{"duration":"78ms","ip":"::1","level":"info","message":"HTTP Request Log","method":"GET","statusCode":304,"timestamp":"2025-12-12 13:19:37","url":"/api/auth/user/692ea81ab51b8991ecc9f21f"}
{"duration":"40ms","ip":"::1","level":"info","message":"HTTP Request Log","method":"GET","statusCode":304,"timestamp":"2025-12-12 13:19:40","url":"/api/auth/user/692ea81ab51b8991ecc9f21f"}
{"duration":"40ms","ip":"::1","level":"info","message":"HTTP Request Log","method":"GET","statusCode":304,"timestamp":"2025-12-12 13:19:40","url":"/api/auth/user/692ea81ab51b8991ecc9f21f"}
{"duration":"117ms","ip":"::1","level":"info","message":"HTTP Request Log","method":"GET","statusCode":304,"timestamp":"2025-12-12 13:19:52","url":"/api/auth/user/692ea81ab51b8991ecc9f21f"}
{"duration":"84ms","ip":"::1","level":"info","message":"HTTP Request Log","method":"GET","statusCode":304,"timestamp":"2025-12-12 13:19:53","url":"/api/auth/user/692ea81ab51b8991ecc9f21f"}
{"duration":"143ms","ip":"::1","level":"info","message":"HTTP Request Log","method":"GET","statusCode":304,"timestamp":"2025-12-12 13:21:07","url":"/api/auth/user/692ea81ab51b8991ecc9f21f"}
{"duration":"78ms","ip":"::1","level":"info","message":"HTTP Request Log","method":"GET","statusCode":304,"timestamp":"2025-12-12 13:21:08","url":"/api/auth/user/692ea81ab51b8991ecc9f21f"}
{"duration":"43ms","ip":"::1","level":"info","message":"HTTP Request Log","method":"GET","statusCode":304,"timestamp":"2025-12-12 13:21:11","url":"/api/auth/user/692ea81ab51b8991ecc9f21f"}
{"duration":"40ms","ip":"::1","level":"info","message":"HTTP Request Log","method":"GET","statusCode":304,"timestamp":"2025-12-12 13:21:11","url":"/api/auth/user/692ea81ab51b8991ecc9f21f"}
{"duration":"62ms","ip":"::1","level":"info","message":"HTTP Request Log","method":"GET","statusCode":304,"timestamp":"2025-12-12 13:21:18","url":"/api/auth/user/692ea81ab51b8991ecc9f21f"}
{"duration":"99ms","ip":"::1","level":"info","message":"HTTP Request Log","method":"GET","statusCode":304,"timestamp":"2025-12-12 13:21:18","url":"/api/auth/user/692ea81ab51b8991ecc9f21f"}
{"duration":"106ms","ip":"::1","level":"info","message":"HTTP Request Log","method":"GET","statusCode":304,"timestamp":"2025-12-12 13:22:00","url":"/api/auth/user/692ea81ab51b8991ecc9f21f"}
{"duration":"100ms","ip":"::1","level":"info","message":"HTTP Request Log","method":"GET","statusCode":304,"timestamp":"2025-12-12 13:22:01","url":"/api/auth/user/692ea81ab51b8991ecc9f21f"}
{"duration":"88ms","ip":"::1","level":"info","message":"HTTP Request Log","method":"GET","statusCode":304,"timestamp":"2025-12-12 13:22:26","url":"/api/auth/user/692ea81ab51b8991ecc9f21f"}
{"duration":"111ms","ip":"::1","level":"info","message":"HTTP Request Log","method":"GET","statusCode":304,"timestamp":"2025-12-12 13:22:29","url":"/api/auth/user/692ea81ab51b8991ecc9f21f"}
{"duration":"100ms","ip":"::1","level":"info","message":"HTTP Request Log","method":"GET","statusCode":304,"timestamp":"2025-12-12 13:22:29","url":"/api/auth/user/692ea81ab51b8991ecc9f21f"}
{"duration":"58ms","ip":"::1","level":"info","message":"HTTP Request Log","method":"GET","statusCode":304,"timestamp":"2025-12-12 13:24:48","url":"/api/auth/user/692ea81ab51b8991ecc9f21f"}
{"duration":"101ms","ip":"::1","level":"info","message":"HTTP Request Log","method":"GET","statusCode":304,"timestamp":"2025-12-12 13:24:48","url":"/api/auth/user/692ea81ab51b8991ecc9f21f"}
{"duration":"116ms","ip":"::1","level":"info","message":"HTTP Request Log","method":"GET","statusCode":304,"timestamp":"2025-12-12 13:26:20","url":"/api/auth/user/692ea81ab51b8991ecc9f21f"}
{"duration":"49ms","ip":"::1","level":"info","message":"HTTP Request Log","method":"GET","statusCode":304,"timestamp":"2025-12-12 13:26:20","url":"/api/auth/user/692ea81ab51b8991ecc9f21f"}
{"duration":"80ms","ip":"::1","level":"info","message":"HTTP Request Log","method":"GET","statusCode":304,"timestamp":"2025-12-12 13:26:23","url":"/api/auth/user/692ea81ab51b8991ecc9f21f"}
{"duration":"101ms","ip":"::1","level":"info","message":"HTTP Request Log","method":"GET","statusCode":304,"timestamp":"2025-12-12 13:26:23","url":"/api/auth/user/692ea81ab51b8991ecc9f21f"}
{"duration":"157ms","ip":"::1","level":"info","message":"HTTP Request Log","method":"GET","statusCode":304,"timestamp":"2025-12-12 13:36:09","url":"/api/auth/user/692ea81ab51b8991ecc9f21f"}
{"duration":"98ms","ip":"::1","level":"info","message":"HTTP Request Log","method":"GET","statusCode":304,"timestamp":"2025-12-12 13:36:09","url":"/api/auth/user/692ea81ab51b8991ecc9f21f"}
{"duration":"73ms","ip":"::1","level":"info","message":"HTTP Request Log","method":"GET","statusCode":304,"timestamp":"2025-12-12 13:36:45","url":"/api/auth/user/692ea81ab51b8991ecc9f21f"}
{"duration":"100ms","ip":"::1","level":"info","message":"HTTP Request Log","method":"GET","statusCode":304,"timestamp":"2025-12-12 13:36:45","url":"/api/auth/user/692ea81ab51b8991ecc9f21f"}
{"duration":"148ms","ip":"::1","level":"info","message":"HTTP Request Log","method":"GET","statusCode":304,"timestamp":"2025-12-12 13:39:55","url":"/api/auth/user/692ea81ab51b8991ecc9f21f"}
{"duration":"101ms","ip":"::1","level":"info","message":"HTTP Request Log","method":"GET","statusCode":304,"timestamp":"2025-12-12 13:39:55","url":"/api/auth/user/692ea81ab51b8991ecc9f21f"}
{"duration":"133ms","ip":"::1","level":"info","message":"HTTP Request Log","method":"POST","statusCode":200,"timestamp":"2025-12-12 16:26:27","url":"/api/auth/login"}
{"duration":"190ms","ip":"::1","level":"info","message":"HTTP Request Log","method":"POST","statusCode":400,"timestamp":"2025-12-12 16:29:09","url":"/api/auth/login"}
{"duration":"150ms","ip":"::1","level":"info","message":"HTTP Request Log","method":"POST","statusCode":200,"timestamp":"2025-12-12 16:29:20","url":"/api/auth/login"}
{"duration":"106ms","ip":"::1","level":"info","message":"HTTP Request Log","method":"GET","statusCode":304,"timestamp":"2025-12-12 16:29:20","url":"/api/auth/user/692ea81ab51b8991ecc9f21f"}
{"duration":"95ms","ip":"::1","level":"info","message":"HTTP Request Log","method":"GET","statusCode":304,"timestamp":"2025-12-12 16:29:20","url":"/api/auth/user/692ea81ab51b8991ecc9f21f"}
{"duration":"181ms","ip":"::1","level":"info","message":"HTTP Request Log","method":"GET","statusCode":304,"timestamp":"2025-12-12 16:29:29","url":"/api/auth/user/692ea81ab51b8991ecc9f21f"}
{"duration":"97ms","ip":"::1","level":"info","message":"HTTP Request Log","method":"GET","statusCode":304,"timestamp":"2025-12-12 16:29:29","url":"/api/auth/user/692ea81ab51b8991ecc9f21f"}
{"duration":"52ms","ip":"::1","level":"info","message":"HTTP Request Log","method":"GET","statusCode":304,"timestamp":"2025-12-12 16:32:31","url":"/api/auth/user/692ea81ab51b8991ecc9f21f"}
{"duration":"101ms","ip":"::1","level":"info","message":"HTTP Request Log","method":"GET","statusCode":304,"timestamp":"2025-12-12 16:32:31","url":"/api/auth/user/692ea81ab51b8991ecc9f21f"}
{"duration":"47ms","ip":"::1","level":"info","message":"HTTP Request Log","method":"GET","statusCode":304,"timestamp":"2025-12-12 16:32:40","url":"/api/auth/user/692ea81ab51b8991ecc9f21f"}
{"duration":"89ms","ip":"::1","level":"info","message":"HTTP Request Log","method":"GET","statusCode":304,"timestamp":"2025-12-12 16:32:40","url":"/api/auth/user/692ea81ab51b8991ecc9f21f"}
{"duration":"44ms","ip":"::1","level":"info","message":"HTTP Request Log","method":"GET","statusCode":304,"timestamp":"2025-12-12 16:32:42","url":"/api/auth/user/692ea81ab51b8991ecc9f21f"}
{"duration":"85ms","ip":"::1","level":"info","message":"HTTP Request Log","method":"GET","statusCode":304,"timestamp":"2025-12-12 16:32:42","url":"/api/auth/user/692ea81ab51b8991ecc9f21f"}
{"duration":"155ms","ip":"::1","level":"info","message":"HTTP Request Log","method":"GET","statusCode":304,"timestamp":"2025-12-12 16:34:21","url":"/api/auth/user/692ea81ab51b8991ecc9f21f"}
{"duration":"97ms","ip":"::1","level":"info","message":"HTTP Request Log","method":"GET","statusCode":304,"timestamp":"2025-12-12 16:34:22","url":"/api/auth/user/692ea81ab51b8991ecc9f21f"}
{"duration":"125ms","ip":"::1","level":"info","message":"HTTP Request Log","method":"GET","statusCode":304,"timestamp":"2025-12-12 16:35:13","url":"/api/auth/user/692ea81ab51b8991ecc9f21f"}
{"duration":"99ms","ip":"::1","level":"info","message":"HTTP Request Log","method":"GET","statusCode":304,"timestamp":"2025-12-12 16:35:13","url":"/api/auth/user/692ea81ab51b8991ecc9f21f"}
{"duration":"69ms","ip":"::1","level":"info","message":"HTTP Request Log","method":"GET","statusCode":304,"timestamp":"2025-12-12 16:46:37","url":"/api/auth/user/692ea81ab51b8991ecc9f21f"}
{"duration":"102ms","ip":"::1","level":"info","message":"HTTP Request Log","method":"GET","statusCode":304,"timestamp":"2025-12-12 16:46:37","url":"/api/auth/user/692ea81ab51b8991ecc9f21f"}
{"duration":"226ms","ip":"::1","level":"info","message":"HTTP Request Log","method":"GET","statusCode":304,"timestamp":"2025-12-12 16:49:03","url":"/api/auth/user/692ea81ab51b8991ecc9f21f"}
{"duration":"115ms","ip":"::1","level":"info","message":"HTTP Request Log","method":"GET","statusCode":304,"timestamp":"2025-12-12 16:49:03","url":"/api/auth/user/692ea81ab51b8991ecc9f21f"}
{"duration":"48ms","ip":"::1","level":"info","message":"HTTP Request Log","method":"GET","statusCode":304,"timestamp":"2025-12-12 16:55:59","url":"/api/auth/user/692ea81ab51b8991ecc9f21f"}
{"duration":"40ms","ip":"::1","level":"info","message":"HTTP Request Log","method":"GET","statusCode":304,"timestamp":"2025-12-12 16:55:59","url":"/api/auth/user/692ea81ab51b8991ecc9f21f"}
{"duration":"48ms","ip":"::1","level":"info","message":"HTTP Request Log","method":"GET","statusCode":304,"timestamp":"2025-12-12 17:06:23","url":"/api/auth/user/692ea81ab51b8991ecc9f21f"}
{"duration":"37ms","ip":"::1","level":"info","message":"HTTP Request Log","method":"GET","statusCode":304,"timestamp":"2025-12-12 17:06:23","url":"/api/auth/user/692ea81ab51b8991ecc9f21f"}
{"duration":"106ms","ip":"::1","level":"info","message":"HTTP Request Log","method":"GET","statusCode":304,"timestamp":"2025-12-12 17:07:36","url":"/api/auth/user/692ea81ab51b8991ecc9f21f"}
{"duration":"74ms","ip":"::1","level":"info","message":"HTTP Request Log","method":"GET","statusCode":304,"timestamp":"2025-12-12 17:07:36","url":"/api/auth/user/692ea81ab51b8991ecc9f21f"}
{"duration":"113ms","ip":"::1","level":"info","message":"HTTP Request Log","method":"GET","statusCode":304,"timestamp":"2025-12-12 17:16:43","url":"/api/auth/user/692ea81ab51b8991ecc9f21f"}
{"duration":"107ms","ip":"::1","level":"info","message":"HTTP Request Log","method":"GET","statusCode":304,"timestamp":"2025-12-12 17:16:43","url":"/api/auth/user/692ea81ab51b8991ecc9f21f"}
{"duration":"56ms","ip":"::1","level":"info","message":"HTTP Request Log","method":"GET","statusCode":304,"timestamp":"2025-12-12 17:18:03","url":"/api/auth/user/692ea81ab51b8991ecc9f21f"}
{"duration":"104ms","ip":"::1","level":"info","message":"HTTP Request Log","method":"GET","statusCode":304,"timestamp":"2025-12-12 17:18:03","url":"/api/auth/user/692ea81ab51b8991ecc9f21f"}
{"duration":"33ms","ip":"::1","level":"info","message":"HTTP Request Log","method":"GET","statusCode":304,"timestamp":"2025-12-12 17:21:41","url":"/api/auth/user/692ea81ab51b8991ecc9f21f"}
{"duration":"36ms","ip":"::1","level":"info","message":"HTTP Request Log","method":"GET","statusCode":304,"timestamp":"2025-12-12 17:21:41","url":"/api/auth/user/692ea81ab51b8991ecc9f21f"}
{"duration":"44ms","ip":"::1","level":"info","message":"HTTP Request Log","method":"GET","statusCode":304,"timestamp":"2025-12-12 17:27:08","url":"/api/auth/user/692ea81ab51b8991ecc9f21f"}
{"duration":"36ms","ip":"::1","level":"info","message":"HTTP Request Log","method":"GET","statusCode":304,"timestamp":"2025-12-12 17:27:08","url":"/api/auth/user/692ea81ab51b8991ecc9f21f"}
{"duration":"70ms","ip":"::1","level":"info","message":"HTTP Request Log","method":"GET","statusCode":304,"timestamp":"2025-12-12 17:29:21","url":"/api/auth/user/692ea81ab51b8991ecc9f21f"}
{"duration":"100ms","ip":"::1","level":"info","message":"HTTP Request Log","method":"GET","statusCode":304,"timestamp":"2025-12-12 17:29:21","url":"/api/auth/user/692ea81ab51b8991ecc9f21f"}
{"duration":"214ms","ip":"::1","level":"info","message":"HTTP Request Log","method":"GET","statusCode":304,"timestamp":"2025-12-12 17:29:51","url":"/api/auth/user/692ea81ab51b8991ecc9f21f"}
{"duration":"101ms","ip":"::1","level":"info","message":"HTTP Request Log","method":"GET","statusCode":304,"timestamp":"2025-12-12 17:29:51","url":"/api/auth/user/692ea81ab51b8991ecc9f21f"}
{"duration":"42ms","ip":"::1","level":"info","message":"HTTP Request Log","method":"GET","statusCode":304,"timestamp":"2025-12-12 17:30:24","url":"/api/auth/user/692ea81ab51b8991ecc9f21f"}
{"duration":"60ms","ip":"::1","level":"info","message":"HTTP Request Log","method":"GET","statusCode":304,"timestamp":"2025-12-12 17:30:29","url":"/api/auth/user/692ea81ab51b8991ecc9f21f"}
{"duration":"74ms","ip":"::1","level":"info","message":"HTTP Request Log","method":"GET","statusCode":304,"timestamp":"2025-12-12 17:30:37","url":"/api/auth/user/692ea81ab51b8991ecc9f21f"}
{"duration":"157ms","ip":"::1","level":"info","message":"HTTP Request Log","method":"GET","statusCode":304,"timestamp":"2025-12-12 17:30:42","url":"/api/auth/user/692ea81ab51b8991ecc9f21f"}
{"duration":"37ms","ip":"::1","level":"info","message":"HTTP Request Log","method":"GET","statusCode":304,"timestamp":"2025-12-12 17:30:42","url":"/api/auth/user/692ea81ab51b8991ecc9f21f"}
{"duration":"158ms","ip":"::1","level":"info","message":"HTTP Request Log","method":"GET","statusCode":304,"timestamp":"2025-12-12 17:30:51","url":"/api/auth/user/692ea81ab51b8991ecc9f21f"}
{"duration":"86ms","ip":"::1","level":"info","message":"HTTP Request Log","method":"GET","statusCode":304,"timestamp":"2025-12-12 17:31:08","url":"/api/auth/user/692ea81ab51b8991ecc9f21f"}
{"duration":"85ms","ip":"::1","level":"info","message":"HTTP Request Log","method":"GET","statusCode":200,"timestamp":"2025-12-12 17:31:08","url":"/api/auth/user/692ea81ab51b8991ecc9f21f"}
{"duration":"34ms","ip":"::1","level":"info","message":"HTTP Request Log","method":"GET","statusCode":200,"timestamp":"2025-12-12 17:31:08","url":"/api/auth/user/692ea81ab51b8991ecc9f21f"}
{"duration":"153ms","ip":"::1","level":"info","message":"HTTP Request Log","method":"GET","statusCode":304,"timestamp":"2025-12-12 17:31:08","url":"/api/auth/user/692ea81ab51b8991ecc9f21f"}
{"duration":"101ms","ip":"::1","level":"info","message":"HTTP Request Log","method":"GET","statusCode":304,"timestamp":"2025-12-12 17:31:45","url":"/api/auth/user/692ea81ab51b8991ecc9f21f"}
{"duration":"201ms","ip":"::1","level":"info","message":"HTTP Request Log","method":"GET","statusCode":304,"timestamp":"2025-12-12 17:31:45","url":"/api/auth/user/692ea81ab51b8991ecc9f21f"}
{"duration":"99ms","ip":"::1","level":"info","message":"HTTP Request Log","method":"GET","statusCode":304,"timestamp":"2025-12-12 17:32:44","url":"/api/auth/user/692ea81ab51b8991ecc9f21f"}
{"duration":"38ms","ip":"::1","level":"info","message":"HTTP Request Log","method":"GET","statusCode":304,"timestamp":"2025-12-12 17:32:44","url":"/api/auth/user/692ea81ab51b8991ecc9f21f"}
{"duration":"31ms","ip":"::1","level":"info","message":"HTTP Request Log","method":"GET","statusCode":304,"timestamp":"2025-12-12 17:34:24","url":"/api/auth/user/692ea81ab51b8991ecc9f21f"}
{"duration":"62ms","ip":"::1","level":"info","message":"HTTP Request Log","method":"GET","statusCode":304,"timestamp":"2025-12-12 17:34:25","url":"/api/auth/user/692ea81ab51b8991ecc9f21f"}
{"duration":"40ms","ip":"::1","level":"info","message":"HTTP Request Log","method":"GET","statusCode":304,"timestamp":"2025-12-12 17:34:30","url":"/api/auth/user/692ea81ab51b8991ecc9f21f"}
{"duration":"131ms","ip":"::1","level":"info","message":"HTTP Request Log","method":"GET","statusCode":304,"timestamp":"2025-12-12 17:34:35","url":"/api/auth/user/692ea81ab51b8991ecc9f21f"}
{"duration":"55ms","ip":"::1","level":"info","message":"HTTP Request Log","method":"GET","statusCode":304,"timestamp":"2025-12-12 17:34:36","url":"/api/auth/user/692ea81ab51b8991ecc9f21f"}
{"duration":"83ms","ip":"::1","level":"info","message":"HTTP Request Log","method":"GET","statusCode":304,"timestamp":"2025-12-12 17:35:45","url":"/api/auth/user/692ea81ab51b8991ecc9f21f"}
{"duration":"167ms","ip":"::1","level":"info","message":"HTTP Request Log","method":"GET","statusCode":304,"timestamp":"2025-12-12 17:36:11","url":"/api/auth/user/692ea81ab51b8991ecc9f21f"}
{"duration":"65ms","ip":"::1","level":"info","message":"HTTP Request Log","method":"GET","statusCode":304,"timestamp":"2025-12-12 17:36:12","url":"/api/auth/user/692ea81ab51b8991ecc9f21f"}
{"duration":"58ms","ip":"::1","level":"info","message":"HTTP Request Log","method":"GET","statusCode":304,"timestamp":"2025-12-12 17:36:31","url":"/api/auth/user/692ea81ab51b8991ecc9f21f"}
{"duration":"137ms","ip":"::1","level":"info","message":"HTTP Request Log","method":"GET","statusCode":304,"timestamp":"2025-12-12 17:36:35","url":"/api/auth/user/692ea81ab51b8991ecc9f21f"}
{"duration":"47ms","ip":"::1","level":"info","message":"HTTP Request Log","method":"GET","statusCode":304,"timestamp":"2025-12-12 17:36:35","url":"/api/auth/user/692ea81ab51b8991ecc9f21f"}
{"duration":"33ms","ip":"::1","level":"info","message":"HTTP Request Log","method":"GET","statusCode":304,"timestamp":"2025-12-12 17:38:01","url":"/api/auth/user/692ea81ab51b8991ecc9f21f"}
{"duration":"34ms","ip":"::1","level":"info","message":"HTTP Request Log","method":"GET","statusCode":304,"timestamp":"2025-12-12 17:38:01","url":"/api/auth/user/692ea81ab51b8991ecc9f21f"}
{"duration":"59ms","ip":"::1","level":"info","message":"HTTP Request Log","method":"GET","statusCode":304,"timestamp":"2025-12-12 17:38:04","url":"/api/auth/user/692ea81ab51b8991ecc9f21f"}
{"duration":"198ms","ip":"::1","level":"info","message":"HTTP Request Log","method":"GET","statusCode":304,"timestamp":"2025-12-12 17:38:04","url":"/api/auth/user/692ea81ab51b8991ecc9f21f"}
{"duration":"34ms","ip":"::1","level":"info","message":"HTTP Request Log","method":"GET","statusCode":304,"timestamp":"2025-12-12 17:39:07","url":"/api/auth/user/692ea81ab51b8991ecc9f21f"}
{"duration":"110ms","ip":"::1","level":"info","message":"HTTP Request Log","method":"GET","statusCode":304,"timestamp":"2025-12-12 17:39:07","url":"/api/auth/user/692ea81ab51b8991ecc9f21f"}
{"duration":"124ms","ip":"::1","level":"info","message":"HTTP Request Log","method":"GET","statusCode":304,"timestamp":"2025-12-12 17:41:58","url":"/api/auth/user/692ea81ab51b8991ecc9f21f"}
{"duration":"39ms","ip":"::1","level":"info","message":"HTTP Request Log","method":"GET","statusCode":304,"timestamp":"2025-12-12 17:42:02","url":"/api/auth/user/692ea81ab51b8991ecc9f21f"}
{"duration":"106ms","ip":"::1","level":"info","message":"HTTP Request Log","method":"GET","statusCode":304,"timestamp":"2025-12-12 17:42:05","url":"/api/auth/user/692ea81ab51b8991ecc9f21f"}
{"duration":"101ms","ip":"::1","level":"info","message":"HTTP Request Log","method":"GET","statusCode":304,"timestamp":"2025-12-12 17:42:06","url":"/api/auth/user/692ea81ab51b8991ecc9f21f"}
{"duration":"124ms","ip":"::1","level":"info","message":"HTTP Request Log","method":"GET","statusCode":304,"timestamp":"2025-12-12 17:42:14","url":"/api/auth/user/692ea81ab51b8991ecc9f21f"}
{"duration":"100ms","ip":"::1","level":"info","message":"HTTP Request Log","method":"GET","statusCode":304,"timestamp":"2025-12-12 17:42:14","url":"/api/auth/user/692ea81ab51b8991ecc9f21f"}
{"duration":"185ms","ip":"::1","level":"info","message":"HTTP Request Log","method":"POST","statusCode":400,"timestamp":"2025-12-12 17:42:29","url":"/api/auth/login"}
{"duration":"4612ms","ip":"::1","level":"info","message":"HTTP Request Log","method":"POST","statusCode":201,"timestamp":"2025-12-12 17:42:39","url":"/api/auth/login"}
{"duration":"4598ms","ip":"::1","level":"info","message":"HTTP Request Log","method":"POST","statusCode":201,"timestamp":"2025-12-12 17:42:50","url":"/api/auth/login"}
{"duration":"145ms","ip":"::1","level":"info","message":"HTTP Request Log","method":"POST","statusCode":400,"timestamp":"2025-12-12 17:43:11","url":"/api/auth/login"}
{"duration":"196ms","ip":"::1","level":"info","message":"HTTP Request Log","method":"POST","statusCode":200,"timestamp":"2025-12-12 17:43:26","url":"/api/auth/login"}
{"duration":"33ms","ip":"::1","level":"info","message":"HTTP Request Log","method":"GET","statusCode":304,"timestamp":"2025-12-12 17:43:26","url":"/api/auth/user/692ea81ab51b8991ecc9f21f"}
{"duration":"241ms","ip":"::1","level":"info","message":"HTTP Request Log","method":"GET","statusCode":304,"timestamp":"2025-12-12 17:43:26","url":"/api/auth/user/692ea81ab51b8991ecc9f21f"}
{"duration":"110ms","ip":"::1","level":"info","message":"HTTP Request Log","method":"GET","statusCode":304,"timestamp":"2025-12-12 17:46:00","url":"/api/auth/user/692ea81ab51b8991ecc9f21f"}
{"duration":"35ms","ip":"::1","level":"info","message":"HTTP Request Log","method":"GET","statusCode":304,"timestamp":"2025-12-12 17:46:00","url":"/api/auth/user/692ea81ab51b8991ecc9f21f"}
{"duration":"62ms","ip":"::1","level":"info","message":"HTTP Request Log","method":"GET","statusCode":304,"timestamp":"2025-12-12 17:46:52","url":"/api/auth/user/692ea81ab51b8991ecc9f21f"}
{"duration":"103ms","ip":"::1","level":"info","message":"HTTP Request Log","method":"GET","statusCode":304,"timestamp":"2025-12-12 17:46:52","url":"/api/auth/user/692ea81ab51b8991ecc9f21f"}
