{"duration":"220ms","ip":"::1","level":"info","message":"HTTP Request Log","method":"POST","statusCode":200,"timestamp":"2025-12-30 12:03:30","url":"/api/auth/login"}
{"duration":"82ms","ip":"::1","level":"info","message":"HTTP Request Log","method":"GET","statusCode":304,"timestamp":"2025-12-30 12:03:30","url":"/api/counsellor/getAllStudents"}
{"duration":"152ms","ip":"::1","level":"info","message":"HTTP Request Log","method":"GET","statusCode":304,"timestamp":"2025-12-30 12:03:46","url":"/api/counsellor/getAllStudents"}
{"duration":"45ms","ip":"::1","level":"info","message":"HTTP Request Log","method":"GET","statusCode":304,"timestamp":"2025-12-30 12:17:06","url":"/api/counsellor/getAllStudents"}
{"duration":"94ms","ip":"::1","level":"info","message":"HTTP Request Log","method":"GET","statusCode":304,"timestamp":"2025-12-30 12:17:13","url":"/api/counsellor/getAllStudents"}
{"duration":"111ms","ip":"::1","level":"info","message":"HTTP Request Log","method":"GET","statusCode":304,"timestamp":"2025-12-30 12:17:36","url":"/api/counsellor/getAllStudents"}
{"duration":"190ms","ip":"::1","level":"info","message":"HTTP Request Log","method":"POST","statusCode":200,"timestamp":"2025-12-30 12:20:15","url":"/api/auth/login"}
{"duration":"23014ms","ip":"::1","level":"info","message":"HTTP Request Log","method":"POST","statusCode":200,"timestamp":"2025-12-30 12:21:52","url":"/api/auth/login"}
{"duration":"20511ms","ip":"::1","level":"info","message":"HTTP Request Log","method":"GET","statusCode":304,"timestamp":"2025-12-30 12:23:36","url":"/api/counsellor/getAllStudents"}
{"duration":"182ms","ip":"::1","level":"info","message":"HTTP Request Log","method":"POST","statusCode":200,"timestamp":"2025-12-30 12:23:46","url":"/api/auth/login"}
{"duration":"46ms","ip":"::1","level":"info","message":"HTTP Request Log","method":"GET","statusCode":304,"timestamp":"2025-12-30 12:23:46","url":"/api/counsellor/getAllStudents"}
{"duration":"48ms","ip":"::1","level":"info","message":"HTTP Request Log","method":"GET","statusCode":304,"timestamp":"2025-12-30 12:23:50","url":"/api/counsellor/getAllStudents"}
{"duration":"49280ms","ip":"::1","level":"info","message":"HTTP Request Log","method":"GET","statusCode":500,"timestamp":"2025-12-30 12:26:12","url":"/api/counsellor/getAllStudents"}
{"duration":"10024ms","ip":"::1","level":"info","message":"HTTP Request Log","method":"POST","statusCode":500,"timestamp":"2025-12-30 12:43:46","url":"/api/auth/login"}
{"duration":"10007ms","ip":"::1","level":"info","message":"HTTP Request Log","method":"POST","statusCode":500,"timestamp":"2025-12-30 12:44:13","url":"/api/auth/login"}
{"duration":"10035ms","ip":"::1","level":"info","message":"HTTP Request Log","method":"POST","statusCode":500,"timestamp":"2025-12-30 12:59:45","url":"/api/auth/login"}
{"duration":"10007ms","ip":"::1","level":"info","message":"HTTP Request Log","method":"POST","statusCode":500,"timestamp":"2025-12-30 13:00:55","url":"/api/auth/login"}
{"duration":"284ms","ip":"::1","level":"info","message":"HTTP Request Log","method":"POST","statusCode":200,"timestamp":"2025-12-30 13:06:41","url":"/api/auth/login"}
{"duration":"65ms","ip":"::1","level":"info","message":"HTTP Request Log","method":"GET","statusCode":200,"timestamp":"2025-12-30 13:06:41","url":"/api/counsellor/getAllStudents"}
{"duration":"70ms","ip":"::1","level":"info","message":"HTTP Request Log","method":"GET","statusCode":304,"timestamp":"2025-12-30 13:06:51","url":"/api/counsellor/getAllStudents"}
{"duration":"148ms","ip":"::1","level":"info","message":"HTTP Request Log","method":"POST","statusCode":200,"timestamp":"2025-12-30 13:09:36","url":"/api/auth/login"}
{"duration":"147ms","ip":"::1","level":"info","message":"HTTP Request Log","method":"GET","statusCode":304,"timestamp":"2025-12-30 13:09:58","url":"/api/counsellor/getAllStudents"}
{"duration":"70ms","ip":"::1","level":"info","message":"HTTP Request Log","method":"GET","statusCode":304,"timestamp":"2025-12-30 13:11:44","url":"/api/counsellor/getAllStudents"}
{"duration":"64ms","ip":"::1","level":"info","message":"HTTP Request Log","method":"GET","statusCode":304,"timestamp":"2025-12-30 13:14:20","url":"/api/counsellor/getAllStudents"}
{"duration":"53ms","ip":"::1","level":"info","message":"HTTP Request Log","method":"GET","statusCode":304,"timestamp":"2025-12-30 13:14:26","url":"/api/counsellor/getAllStudents"}
{"duration":"92ms","ip":"::1","level":"info","message":"HTTP Request Log","method":"GET","statusCode":304,"timestamp":"2025-12-30 13:14:34","url":"/api/counsellor/getAllStudents"}
{"duration":"64ms","ip":"::1","level":"info","message":"HTTP Request Log","method":"GET","statusCode":304,"timestamp":"2025-12-30 13:14:39","url":"/api/counsellor/getAllStudents"}
{"duration":"223ms","ip":"::1","level":"info","message":"HTTP Request Log","method":"POST","statusCode":200,"timestamp":"2025-12-30 13:15:03","url":"/api/auth/login"}
{"duration":"85ms","ip":"::1","level":"info","message":"HTTP Request Log","method":"GET","statusCode":304,"timestamp":"2025-12-30 13:15:03","url":"/api/auth/user/692ea81ab51b8991ecc9f21f"}
{"duration":"112ms","ip":"::1","level":"info","message":"HTTP Request Log","method":"GET","statusCode":304,"timestamp":"2025-12-30 13:15:04","url":"/api/auth/user/692ea81ab51b8991ecc9f21f"}
{"duration":"111ms","ip":"::1","level":"info","message":"HTTP Request Log","method":"GET","statusCode":304,"timestamp":"2025-12-30 13:15:04","url":"/api/counsellor/getAllStudents"}
{"duration":"266ms","ip":"::1","level":"info","message":"HTTP Request Log","method":"POST","statusCode":200,"timestamp":"2025-12-30 13:15:24","url":"/api/auth/login"}
{"duration":"69ms","ip":"::1","level":"info","message":"HTTP Request Log","method":"GET","statusCode":304,"timestamp":"2025-12-30 13:15:24","url":"/api/auth/user/692ea81ab51b8991ecc9f21f"}
{"duration":"70ms","ip":"::1","level":"info","message":"HTTP Request Log","method":"GET","statusCode":304,"timestamp":"2025-12-30 13:15:24","url":"/api/auth/user/692ea81ab51b8991ecc9f21f"}
{"duration":"72ms","ip":"::1","level":"info","message":"HTTP Request Log","method":"GET","statusCode":304,"timestamp":"2025-12-30 13:15:24","url":"/api/counsellor/getAllStudents"}
{"duration":"373ms","ip":"::1","level":"info","message":"HTTP Request Log","method":"POST","statusCode":200,"timestamp":"2025-12-30 13:15:41","url":"/api/auth/login"}
{"duration":"279ms","ip":"::1","level":"info","message":"HTTP Request Log","method":"GET","statusCode":304,"timestamp":"2025-12-30 13:15:41","url":"/api/counsellor/getAllStudents"}
{"duration":"240ms","ip":"::1","level":"info","message":"HTTP Request Log","method":"POST","statusCode":200,"timestamp":"2025-12-30 13:20:07","url":"/api/auth/login"}
{"duration":"90ms","ip":"::1","level":"info","message":"HTTP Request Log","method":"GET","statusCode":304,"timestamp":"2025-12-30 13:20:07","url":"/api/counsellor/getAllStudents"}
{"duration":"76ms","ip":"::1","level":"info","message":"HTTP Request Log","method":"GET","statusCode":304,"timestamp":"2025-12-30 13:20:21","url":"/api/counsellor/getAllStudents"}
{"duration":"267ms","ip":"::1","level":"info","message":"HTTP Request Log","method":"POST","statusCode":200,"timestamp":"2025-12-30 13:21:01","url":"/api/auth/login"}
{"duration":"154ms","ip":"::1","level":"info","message":"HTTP Request Log","method":"GET","statusCode":304,"timestamp":"2025-12-30 13:21:01","url":"/api/counsellor/getAllStudents"}
{"duration":"229ms","ip":"::1","level":"info","message":"HTTP Request Log","method":"POST","statusCode":200,"timestamp":"2025-12-30 13:21:08","url":"/api/auth/login"}
{"duration":"146ms","ip":"::1","level":"info","message":"HTTP Request Log","method":"GET","statusCode":304,"timestamp":"2025-12-30 13:21:22","url":"/api/counsellor/getAllStudents"}
{"duration":"213ms","ip":"::1","level":"info","message":"HTTP Request Log","method":"POST","statusCode":200,"timestamp":"2025-12-30 13:21:37","url":"/api/auth/login"}
{"duration":"95ms","ip":"::1","level":"info","message":"HTTP Request Log","method":"GET","statusCode":304,"timestamp":"2025-12-30 13:21:37","url":"/api/counsellor/getAllStudents"}
{"duration":"63ms","ip":"::1","level":"info","message":"HTTP Request Log","method":"GET","statusCode":304,"timestamp":"2025-12-30 13:22:18","url":"/api/counsellor/getAllStudents"}
{"duration":"82ms","ip":"::1","level":"info","message":"HTTP Request Log","method":"GET","statusCode":304,"timestamp":"2025-12-30 13:22:22","url":"/api/counsellor/getAllStudents"}
{"duration":"3863ms","ip":"::1","level":"info","message":"HTTP Request Log","method":"POST","statusCode":201,"timestamp":"2025-12-30 13:22:35","url":"/api/auth/login"}
{"duration":"257ms","ip":"::1","level":"info","message":"HTTP Request Log","method":"POST","statusCode":200,"timestamp":"2025-12-30 13:23:09","url":"/api/auth/login"}
{"duration":"49ms","ip":"::1","level":"info","message":"HTTP Request Log","method":"GET","statusCode":304,"timestamp":"2025-12-30 13:23:09","url":"/api/counsellor/getAllStudents"}
{"duration":"64ms","ip":"::1","level":"info","message":"HTTP Request Log","method":"GET","statusCode":304,"timestamp":"2025-12-30 13:23:47","url":"/api/counsellor/getAllStudents"}
{"duration":"158ms","ip":"::1","level":"info","message":"HTTP Request Log","method":"GET","statusCode":304,"timestamp":"2025-12-30 13:25:01","url":"/api/counsellor/getAllStudents"}
{"duration":"54ms","ip":"::1","level":"info","message":"HTTP Request Log","method":"GET","statusCode":304,"timestamp":"2025-12-30 13:25:06","url":"/api/counsellor/getAllStudents"}
{"duration":"79ms","ip":"::1","level":"info","message":"HTTP Request Log","method":"GET","statusCode":304,"timestamp":"2025-12-30 13:26:11","url":"/api/counsellor/getAllStudents"}
{"duration":"79ms","ip":"::1","level":"info","message":"HTTP Request Log","method":"GET","statusCode":304,"timestamp":"2025-12-30 13:26:31","url":"/api/counsellor/getAllStudents"}
{"duration":"236ms","ip":"::1","level":"info","message":"HTTP Request Log","method":"POST","statusCode":200,"timestamp":"2025-12-30 13:27:19","url":"/api/auth/login"}
{"duration":"61ms","ip":"::1","level":"info","message":"HTTP Request Log","method":"GET","statusCode":304,"timestamp":"2025-12-30 13:27:19","url":"/api/counsellor/getAllStudents"}
{"duration":"157ms","ip":"::1","level":"info","message":"HTTP Request Log","method":"GET","statusCode":304,"timestamp":"2025-12-30 13:30:37","url":"/api/counsellor/getAllStudents"}
{"duration":"52ms","ip":"::1","level":"info","message":"HTTP Request Log","method":"GET","statusCode":304,"timestamp":"2025-12-30 13:31:09","url":"/api/counsellor/getAllStudents"}
{"duration":"102ms","ip":"::1","level":"info","message":"HTTP Request Log","method":"GET","statusCode":304,"timestamp":"2025-12-30 13:32:03","url":"/api/auth/user/6945678b6065fb3c874ad6e7"}
{"duration":"54ms","ip":"::1","level":"info","message":"HTTP Request Log","method":"GET","statusCode":304,"timestamp":"2025-12-30 13:32:08","url":"/api/auth/user/6945678b6065fb3c874ad6e7"}
{"duration":"93ms","ip":"::1","level":"info","message":"HTTP Request Log","method":"GET","statusCode":304,"timestamp":"2025-12-30 13:32:08","url":"/api/counsellor/getAllStudents"}
{"duration":"78ms","ip":"::1","level":"info","message":"HTTP Request Log","method":"GET","statusCode":304,"timestamp":"2025-12-30 13:32:52","url":"/api/counsellor/getAllStudents"}
{"duration":"137ms","ip":"::1","level":"info","message":"HTTP Request Log","method":"GET","statusCode":200,"timestamp":"2025-12-30 13:32:58","url":"/api/counsellor/getAllCourses"}
{"duration":"270ms","ip":"::1","level":"info","message":"HTTP Request Log","method":"POST","statusCode":200,"timestamp":"2025-12-30 14:23:08","url":"/api/auth/login"}
{"duration":"58ms","ip":"::1","level":"info","message":"HTTP Request Log","method":"GET","statusCode":304,"timestamp":"2025-12-30 14:23:08","url":"/api/auth/user/6945678b6065fb3c874ad6e7"}
{"duration":"48ms","ip":"::1","level":"info","message":"HTTP Request Log","method":"GET","statusCode":304,"timestamp":"2025-12-30 14:23:08","url":"/api/counsellor/getAllStudents"}
{"duration":"95ms","ip":"::1","level":"info","message":"HTTP Request Log","method":"GET","statusCode":304,"timestamp":"2025-12-30 14:23:32","url":"/api/counsellor/getAllStudents"}
{"duration":"144ms","ip":"::1","level":"info","message":"HTTP Request Log","method":"GET","statusCode":304,"timestamp":"2025-12-30 14:23:35","url":"/api/counsellor/getAllCourses"}
{"duration":"242ms","ip":"::1","level":"info","message":"HTTP Request Log","method":"POST","statusCode":200,"timestamp":"2025-12-30 14:37:37","url":"/api/auth/login"}
{"duration":"62ms","ip":"::1","level":"info","message":"HTTP Request Log","method":"GET","statusCode":304,"timestamp":"2025-12-30 14:37:37","url":"/api/auth/user/6945678b6065fb3c874ad6e7"}
{"duration":"65ms","ip":"::1","level":"info","message":"HTTP Request Log","method":"GET","statusCode":304,"timestamp":"2025-12-30 14:37:37","url":"/api/counsellor/getAllStudents"}
{"duration":"4ms","ip":"::1","level":"info","message":"HTTP Request Log","method":"POST","statusCode":500,"timestamp":"2025-12-30 14:40:20","url":"/api/upload"}
{"duration":"6ms","ip":"::1","level":"info","message":"HTTP Request Log","method":"POST","statusCode":200,"timestamp":"2025-12-30 14:40:38","url":"/api/upload"}
{"duration":"14ms","ip":"::1","level":"info","message":"HTTP Request Log","method":"POST","statusCode":400,"timestamp":"2025-12-30 14:44:25","url":"/api/upload"}
{"duration":"139ms","ip":"::1","level":"info","message":"HTTP Request Log","method":"GET","statusCode":304,"timestamp":"2025-12-30 14:44:59","url":"/api/auth/user/6945678b6065fb3c874ad6e7"}
{"duration":"59ms","ip":"::1","level":"info","message":"HTTP Request Log","method":"GET","statusCode":304,"timestamp":"2025-12-30 14:44:59","url":"/api/counsellor/getAllStudents"}
{"duration":"12ms","ip":"::1","level":"info","message":"HTTP Request Log","method":"POST","statusCode":400,"timestamp":"2025-12-30 14:46:49","url":"/api/upload"}
{"duration":"13ms","ip":"::1","level":"info","message":"HTTP Request Log","method":"POST","statusCode":400,"timestamp":"2025-12-30 14:48:04","url":"/api/upload"}
{"duration":"25ms","ip":"::1","level":"info","message":"HTTP Request Log","method":"POST","statusCode":400,"timestamp":"2025-12-30 14:48:22","url":"/api/upload"}
{"duration":"3844ms","ip":"::1","level":"info","message":"HTTP Request Log","method":"POST","statusCode":200,"timestamp":"2025-12-30 14:50:35","url":"/api/upload"}
{"duration":"186ms","ip":"::1","level":"info","message":"HTTP Request Log","method":"GET","statusCode":304,"timestamp":"2025-12-30 14:53:38","url":"/api/auth/user/6945678b6065fb3c874ad6e7"}
{"duration":"153ms","ip":"::1","level":"info","message":"HTTP Request Log","method":"GET","statusCode":304,"timestamp":"2025-12-30 14:53:38","url":"/api/counsellor/getAllStudents"}
{"duration":"101ms","ip":"::1","level":"info","message":"HTTP Request Log","method":"GET","statusCode":304,"timestamp":"2025-12-30 14:53:41","url":"/api/counsellor/getAllStudents"}
{"duration":"147ms","ip":"::1","level":"info","message":"HTTP Request Log","method":"GET","statusCode":304,"timestamp":"2025-12-30 14:53:42","url":"/api/counsellor/getAllCourses"}
{"duration":"680ms","ip":"::1","level":"info","message":"HTTP Request Log","method":"GET","statusCode":304,"timestamp":"2025-12-30 15:07:56","url":"/api/auth/user/6945678b6065fb3c874ad6e7"}
{"duration":"218ms","ip":"::1","level":"info","message":"HTTP Request Log","method":"POST","statusCode":200,"timestamp":"2025-12-30 16:37:27","url":"/api/auth/login"}
{"duration":"60ms","ip":"::1","level":"info","message":"HTTP Request Log","method":"GET","statusCode":304,"timestamp":"2025-12-30 16:37:27","url":"/api/auth/user/6945678b6065fb3c874ad6e7"}
{"duration":"42ms","ip":"::1","level":"info","message":"HTTP Request Log","method":"GET","statusCode":304,"timestamp":"2025-12-30 16:37:27","url":"/api/counsellor/getAllStudents"}
{"duration":"37ms","ip":"::1","level":"info","message":"HTTP Request Log","method":"GET","statusCode":304,"timestamp":"2025-12-30 16:38:00","url":"/api/counsellor/getAllStudents"}
{"duration":"47ms","ip":"::1","level":"info","message":"HTTP Request Log","method":"GET","statusCode":304,"timestamp":"2025-12-30 16:38:05","url":"/api/counsellor/getAllStudents"}
{"duration":"95ms","ip":"::1","level":"info","message":"HTTP Request Log","method":"GET","statusCode":304,"timestamp":"2025-12-30 16:38:16","url":"/api/counsellor/getAllStudents"}
{"duration":"48ms","ip":"::1","level":"info","message":"HTTP Request Log","method":"GET","statusCode":304,"timestamp":"2025-12-30 16:38:18","url":"/api/auth/user/6945678b6065fb3c874ad6e7"}
{"duration":"39ms","ip":"::1","level":"info","message":"HTTP Request Log","method":"GET","statusCode":304,"timestamp":"2025-12-30 16:38:18","url":"/api/counsellor/getAllStudents"}
{"duration":"37ms","ip":"::1","level":"info","message":"HTTP Request Log","method":"GET","statusCode":304,"timestamp":"2025-12-30 16:38:30","url":"/api/auth/user/6945678b6065fb3c874ad6e7"}
{"duration":"111ms","ip":"::1","level":"info","message":"HTTP Request Log","method":"GET","statusCode":304,"timestamp":"2025-12-30 16:38:30","url":"/api/counsellor/getAllStudents"}
{"duration":"84ms","ip":"::1","level":"info","message":"HTTP Request Log","method":"GET","statusCode":304,"timestamp":"2025-12-30 16:38:40","url":"/api/auth/user/6945678b6065fb3c874ad6e7"}
{"duration":"117ms","ip":"::1","level":"info","message":"HTTP Request Log","method":"GET","statusCode":304,"timestamp":"2025-12-30 16:38:40","url":"/api/counsellor/getAllStudents"}
{"duration":"141ms","ip":"::1","level":"info","message":"HTTP Request Log","method":"GET","statusCode":304,"timestamp":"2025-12-30 16:38:45","url":"/api/auth/user/6945678b6065fb3c874ad6e7"}
{"duration":"108ms","ip":"::1","level":"info","message":"HTTP Request Log","method":"GET","statusCode":304,"timestamp":"2025-12-30 16:38:45","url":"/api/counsellor/getAllStudents"}
{"duration":"38ms","ip":"::1","level":"info","message":"HTTP Request Log","method":"GET","statusCode":304,"timestamp":"2025-12-30 16:38:55","url":"/api/counsellor/getAllStudents"}
{"duration":"112ms","ip":"::1","level":"info","message":"HTTP Request Log","method":"GET","statusCode":304,"timestamp":"2025-12-30 16:39:25","url":"/api/auth/user/6945678b6065fb3c874ad6e7"}
{"duration":"81ms","ip":"::1","level":"info","message":"HTTP Request Log","method":"GET","statusCode":304,"timestamp":"2025-12-30 16:39:25","url":"/api/counsellor/getAllStudents"}
{"duration":"61ms","ip":"::1","level":"info","message":"HTTP Request Log","method":"GET","statusCode":304,"timestamp":"2025-12-30 16:39:49","url":"/api/auth/user/6945678b6065fb3c874ad6e7"}
{"duration":"155ms","ip":"::1","level":"info","message":"HTTP Request Log","method":"GET","statusCode":304,"timestamp":"2025-12-30 16:39:49","url":"/api/counsellor/getAllStudents"}
{"duration":"126ms","ip":"::1","level":"info","message":"HTTP Request Log","method":"POST","statusCode":200,"timestamp":"2025-12-30 16:40:13","url":"/api/auth/login"}
{"duration":"157ms","ip":"::1","level":"info","message":"HTTP Request Log","method":"GET","statusCode":304,"timestamp":"2025-12-30 16:41:16","url":"/api/counsellor/getAllStudents"}
{"duration":"36ms","ip":"::1","level":"info","message":"HTTP Request Log","method":"GET","statusCode":304,"timestamp":"2025-12-30 16:41:39","url":"/api/counsellor/getAllStudents"}
{"duration":"197ms","ip":"::1","level":"info","message":"HTTP Request Log","method":"POST","statusCode":200,"timestamp":"2025-12-30 16:41:59","url":"/api/auth/login"}
{"duration":"116ms","ip":"::1","level":"info","message":"HTTP Request Log","method":"GET","statusCode":304,"timestamp":"2025-12-30 16:42:00","url":"/api/auth/user/6945678b6065fb3c874ad6e7"}
{"duration":"913ms","ip":"::1","level":"info","message":"HTTP Request Log","method":"GET","statusCode":304,"timestamp":"2025-12-30 16:42:01","url":"/api/counsellor/getAllStudents"}
{"duration":"295ms","ip":"::1","level":"info","message":"HTTP Request Log","method":"GET","statusCode":304,"timestamp":"2025-12-30 16:42:05","url":"/api/auth/user/6945678b6065fb3c874ad6e7"}
{"duration":"113ms","ip":"::1","level":"info","message":"HTTP Request Log","method":"GET","statusCode":304,"timestamp":"2025-12-30 16:42:05","url":"/api/counsellor/getAllStudents"}
{"duration":"71ms","ip":"::1","level":"info","message":"HTTP Request Log","method":"GET","statusCode":304,"timestamp":"2025-12-30 16:42:06","url":"/api/auth/user/6945678b6065fb3c874ad6e7"}
{"duration":"228ms","ip":"::1","level":"info","message":"HTTP Request Log","method":"GET","statusCode":304,"timestamp":"2025-12-30 16:42:06","url":"/api/counsellor/getAllStudents"}
{"duration":"169ms","ip":"::1","level":"info","message":"HTTP Request Log","method":"GET","statusCode":304,"timestamp":"2025-12-30 16:42:08","url":"/api/auth/user/6945678b6065fb3c874ad6e7"}
{"duration":"118ms","ip":"::1","level":"info","message":"HTTP Request Log","method":"GET","statusCode":304,"timestamp":"2025-12-30 16:42:08","url":"/api/counsellor/getAllStudents"}
{"duration":"132ms","ip":"::1","level":"info","message":"HTTP Request Log","method":"GET","statusCode":304,"timestamp":"2025-12-30 16:42:09","url":"/api/auth/user/6945678b6065fb3c874ad6e7"}
{"duration":"80ms","ip":"::1","level":"info","message":"HTTP Request Log","method":"GET","statusCode":304,"timestamp":"2025-12-30 16:42:09","url":"/api/counsellor/getAllStudents"}
{"duration":"115ms","ip":"::1","level":"info","message":"HTTP Request Log","method":"GET","statusCode":304,"timestamp":"2025-12-30 16:42:10","url":"/api/auth/user/6945678b6065fb3c874ad6e7"}
{"duration":"301ms","ip":"::1","level":"info","message":"HTTP Request Log","method":"GET","statusCode":304,"timestamp":"2025-12-30 16:42:11","url":"/api/counsellor/getAllStudents"}
{"duration":"61ms","ip":"::1","level":"info","message":"HTTP Request Log","method":"GET","statusCode":304,"timestamp":"2025-12-30 16:42:12","url":"/api/auth/user/6945678b6065fb3c874ad6e7"}
{"duration":"70ms","ip":"::1","level":"info","message":"HTTP Request Log","method":"GET","statusCode":304,"timestamp":"2025-12-30 16:42:12","url":"/api/counsellor/getAllStudents"}
{"duration":"146ms","ip":"::1","level":"info","message":"HTTP Request Log","method":"GET","statusCode":304,"timestamp":"2025-12-30 16:42:13","url":"/api/auth/user/6945678b6065fb3c874ad6e7"}
{"duration":"77ms","ip":"::1","level":"info","message":"HTTP Request Log","method":"GET","statusCode":304,"timestamp":"2025-12-30 16:42:13","url":"/api/counsellor/getAllStudents"}
{"duration":"379ms","ip":"::1","level":"info","message":"HTTP Request Log","method":"GET","statusCode":304,"timestamp":"2025-12-30 16:42:14","url":"/api/auth/user/6945678b6065fb3c874ad6e7"}
{"duration":"204ms","ip":"::1","level":"info","message":"HTTP Request Log","method":"GET","statusCode":304,"timestamp":"2025-12-30 16:42:14","url":"/api/counsellor/getAllStudents"}
{"duration":"257ms","ip":"::1","level":"info","message":"HTTP Request Log","method":"GET","statusCode":304,"timestamp":"2025-12-30 16:42:15","url":"/api/auth/user/6945678b6065fb3c874ad6e7"}
{"duration":"191ms","ip":"::1","level":"info","message":"HTTP Request Log","method":"GET","statusCode":304,"timestamp":"2025-12-30 16:42:15","url":"/api/counsellor/getAllStudents"}
{"duration":"510ms","ip":"::1","level":"info","message":"HTTP Request Log","method":"GET","statusCode":304,"timestamp":"2025-12-30 16:42:17","url":"/api/auth/user/6945678b6065fb3c874ad6e7"}
{"duration":"52ms","ip":"::1","level":"info","message":"HTTP Request Log","method":"GET","statusCode":304,"timestamp":"2025-12-30 16:42:17","url":"/api/counsellor/getAllStudents"}
{"duration":"204ms","ip":"::1","level":"info","message":"HTTP Request Log","method":"GET","statusCode":304,"timestamp":"2025-12-30 16:42:18","url":"/api/auth/user/6945678b6065fb3c874ad6e7"}
{"duration":"346ms","ip":"::1","level":"info","message":"HTTP Request Log","method":"GET","statusCode":304,"timestamp":"2025-12-30 16:42:19","url":"/api/counsellor/getAllStudents"}
{"duration":"381ms","ip":"::1","level":"info","message":"HTTP Request Log","method":"GET","statusCode":304,"timestamp":"2025-12-30 16:42:20","url":"/api/auth/user/6945678b6065fb3c874ad6e7"}
{"duration":"67ms","ip":"::1","level":"info","message":"HTTP Request Log","method":"GET","statusCode":304,"timestamp":"2025-12-30 16:42:20","url":"/api/counsellor/getAllStudents"}
{"duration":"280ms","ip":"::1","level":"info","message":"HTTP Request Log","method":"GET","statusCode":304,"timestamp":"2025-12-30 16:42:21","url":"/api/auth/user/6945678b6065fb3c874ad6e7"}
{"duration":"381ms","ip":"::1","level":"info","message":"HTTP Request Log","method":"GET","statusCode":304,"timestamp":"2025-12-30 16:42:21","url":"/api/counsellor/getAllStudents"}
{"duration":"146ms","ip":"::1","level":"info","message":"HTTP Request Log","method":"GET","statusCode":304,"timestamp":"2025-12-30 16:42:22","url":"/api/auth/user/6945678b6065fb3c874ad6e7"}
{"duration":"113ms","ip":"::1","level":"info","message":"HTTP Request Log","method":"GET","statusCode":304,"timestamp":"2025-12-30 16:42:22","url":"/api/counsellor/getAllStudents"}
{"duration":"47ms","ip":"::1","level":"info","message":"HTTP Request Log","method":"GET","statusCode":304,"timestamp":"2025-12-30 16:42:24","url":"/api/auth/user/6945678b6065fb3c874ad6e7"}
{"duration":"85ms","ip":"::1","level":"info","message":"HTTP Request Log","method":"GET","statusCode":304,"timestamp":"2025-12-30 16:42:24","url":"/api/counsellor/getAllStudents"}
{"duration":"3224ms","ip":"::1","level":"info","message":"HTTP Request Log","method":"GET","statusCode":304,"timestamp":"2025-12-30 16:42:59","url":"/api/auth/user/6945678b6065fb3c874ad6e7"}
{"duration":"235ms","ip":"::1","level":"info","message":"HTTP Request Log","method":"GET","statusCode":304,"timestamp":"2025-12-30 16:42:59","url":"/api/counsellor/getAllStudents"}
{"duration":"40ms","ip":"::1","level":"info","message":"HTTP Request Log","method":"GET","statusCode":304,"timestamp":"2025-12-30 16:43:01","url":"/api/auth/user/6945678b6065fb3c874ad6e7"}
{"duration":"298ms","ip":"::1","level":"info","message":"HTTP Request Log","method":"GET","statusCode":304,"timestamp":"2025-12-30 16:43:01","url":"/api/counsellor/getAllStudents"}
{"duration":"501ms","ip":"::1","level":"info","message":"HTTP Request Log","method":"POST","statusCode":200,"timestamp":"2025-12-30 16:44:08","url":"/api/auth/login"}
{"duration":"430ms","ip":"::1","level":"info","message":"HTTP Request Log","method":"GET","statusCode":304,"timestamp":"2025-12-30 16:44:08","url":"/api/auth/user/6945678b6065fb3c874ad6e7"}
{"duration":"576ms","ip":"::1","level":"info","message":"HTTP Request Log","method":"GET","statusCode":304,"timestamp":"2025-12-30 16:44:09","url":"/api/counsellor/getAllStudents"}
{"duration":"260ms","ip":"::1","level":"info","message":"HTTP Request Log","method":"GET","statusCode":304,"timestamp":"2025-12-30 16:44:16","url":"/api/counsellor/getAllCourses"}
{"duration":"259ms","ip":"::1","level":"info","message":"HTTP Request Log","method":"GET","statusCode":304,"timestamp":"2025-12-30 16:44:19","url":"/api/counsellor/getAllStudents"}
{"duration":"283ms","ip":"::1","level":"info","message":"HTTP Request Log","method":"GET","statusCode":304,"timestamp":"2025-12-30 16:44:26","url":"/api/counsellor/getAllStudents"}
