{"duration":"276ms","ip":"::1","level":"info","message":"HTTP Request Log","method":"POST","statusCode":200,"timestamp":"2025-12-21 17:32:44","url":"/api/auth/login"}
{"duration":"100ms","ip":"::1","level":"info","message":"HTTP Request Log","method":"GET","statusCode":304,"timestamp":"2025-12-21 17:32:44","url":"/api/auth/user/692ea81ab51b8991ecc9f21f"}
{"duration":"54ms","ip":"::1","level":"info","message":"HTTP Request Log","method":"GET","statusCode":304,"timestamp":"2025-12-21 17:32:44","url":"/api/auth/user/692ea81ab51b8991ecc9f21f"}
{"duration":"72ms","ip":"::1","level":"info","message":"HTTP Request Log","method":"GET","statusCode":304,"timestamp":"2025-12-21 17:34:55","url":"/api/auth/user/692ea81ab51b8991ecc9f21f"}
{"duration":"139ms","ip":"::1","level":"info","message":"HTTP Request Log","method":"GET","statusCode":304,"timestamp":"2025-12-21 17:34:55","url":"/api/auth/user/692ea81ab51b8991ecc9f21f"}
{"duration":"87ms","ip":"::1","level":"info","message":"HTTP Request Log","method":"GET","statusCode":304,"timestamp":"2025-12-21 17:36:29","url":"/api/auth/user/692ea81ab51b8991ecc9f21f"}
{"duration":"102ms","ip":"::1","level":"info","message":"HTTP Request Log","method":"GET","statusCode":304,"timestamp":"2025-12-21 17:36:29","url":"/api/auth/user/692ea81ab51b8991ecc9f21f"}
{"duration":"165ms","ip":"::1","level":"info","message":"HTTP Request Log","method":"GET","statusCode":304,"timestamp":"2025-12-21 17:56:14","url":"/api/auth/user/692ea81ab51b8991ecc9f21f"}
{"duration":"61ms","ip":"::1","level":"info","message":"HTTP Request Log","method":"GET","statusCode":304,"timestamp":"2025-12-21 17:56:14","url":"/api/auth/user/692ea81ab51b8991ecc9f21f"}
{"duration":"125ms","ip":"::1","level":"info","message":"HTTP Request Log","method":"GET","statusCode":304,"timestamp":"2025-12-21 17:58:36","url":"/api/auth/user/692ea81ab51b8991ecc9f21f"}
{"duration":"77ms","ip":"::1","level":"info","message":"HTTP Request Log","method":"GET","statusCode":304,"timestamp":"2025-12-21 17:58:36","url":"/api/auth/user/692ea81ab51b8991ecc9f21f"}
{"duration":"138ms","ip":"::1","level":"info","message":"HTTP Request Log","method":"GET","statusCode":304,"timestamp":"2025-12-21 17:58:53","url":"/api/auth/user/692ea81ab51b8991ecc9f21f"}
{"duration":"75ms","ip":"::1","level":"info","message":"HTTP Request Log","method":"GET","statusCode":304,"timestamp":"2025-12-21 17:58:53","url":"/api/auth/user/692ea81ab51b8991ecc9f21f"}
{"duration":"3ms","ip":"::1","level":"info","message":"HTTP Request Log","method":"POST","statusCode":400,"timestamp":"2025-12-21 18:04:36","url":"/api/counsellor/createStudent"}
{"duration":"1ms","ip":"::1","level":"info","message":"HTTP Request Log","method":"POST","statusCode":400,"timestamp":"2025-12-21 18:04:55","url":"/api/counsellor/createStudent"}
{"duration":"0ms","ip":"::1","level":"info","message":"HTTP Request Log","method":"POST","statusCode":400,"timestamp":"2025-12-21 18:06:55","url":"/api/counsellor/createstudent"}
{"duration":"101ms","ip":"::1","level":"info","message":"HTTP Request Log","method":"GET","statusCode":304,"timestamp":"2025-12-21 18:07:59","url":"/api/auth/user/692ea81ab51b8991ecc9f21f"}
{"duration":"5ms","ip":"::1","level":"info","message":"HTTP Request Log","method":"POST","statusCode":404,"timestamp":"2025-12-21 18:11:15","url":"/api/counsellor/createstudent"}
{"duration":"0ms","ip":"::1","level":"info","message":"HTTP Request Log","method":"POST","statusCode":404,"timestamp":"2025-12-21 18:11:40","url":"/api/counsellor/createstudent:userid"}
{"duration":"80ms","ip":"::1","level":"info","message":"HTTP Request Log","method":"GET","statusCode":304,"timestamp":"2025-12-21 18:12:23","url":"/api/auth/user/692ea81ab51b8991ecc9f21f"}
{"duration":"78ms","ip":"::1","level":"info","message":"HTTP Request Log","method":"GET","statusCode":304,"timestamp":"2025-12-21 18:12:23","url":"/api/auth/user/692ea81ab51b8991ecc9f21f"}
{"duration":"986ms","ip":"::1","level":"info","message":"HTTP Request Log","method":"GET","statusCode":304,"timestamp":"2025-12-21 18:47:21","url":"/api/auth/user/692ea81ab51b8991ecc9f21f"}
{"duration":"146ms","ip":"::1","level":"info","message":"HTTP Request Log","method":"GET","statusCode":304,"timestamp":"2025-12-21 18:47:21","url":"/api/auth/user/692ea81ab51b8991ecc9f21f"}
