{"duration":"201ms","ip":"::1","level":"info","message":"HTTP Request Log","method":"POST","statusCode":400,"timestamp":"2025-12-13 16:32:33","url":"/api/auth/login"}
{"duration":"239ms","ip":"::1","level":"info","message":"HTTP Request Log","method":"POST","statusCode":200,"timestamp":"2025-12-13 16:32:43","url":"/api/auth/login"}
{"duration":"66ms","ip":"::1","level":"info","message":"HTTP Request Log","method":"GET","statusCode":304,"timestamp":"2025-12-13 16:32:43","url":"/api/auth/user/692ea81ab51b8991ecc9f21f"}
{"duration":"87ms","ip":"::1","level":"info","message":"HTTP Request Log","method":"GET","statusCode":304,"timestamp":"2025-12-13 16:32:43","url":"/api/auth/user/692ea81ab51b8991ecc9f21f"}
{"duration":"84ms","ip":"::1","level":"info","message":"HTTP Request Log","method":"GET","statusCode":304,"timestamp":"2025-12-13 16:32:50","url":"/api/auth/user/692ea81ab51b8991ecc9f21f"}
{"duration":"99ms","ip":"::1","level":"info","message":"HTTP Request Log","method":"GET","statusCode":304,"timestamp":"2025-12-13 16:32:50","url":"/api/auth/user/692ea81ab51b8991ecc9f21f"}
{"duration":"44ms","ip":"::1","level":"info","message":"HTTP Request Log","method":"GET","statusCode":304,"timestamp":"2025-12-13 16:34:11","url":"/api/auth/user/692ea81ab51b8991ecc9f21f"}
{"duration":"72ms","ip":"::1","level":"info","message":"HTTP Request Log","method":"GET","statusCode":304,"timestamp":"2025-12-13 16:34:11","url":"/api/auth/user/692ea81ab51b8991ecc9f21f"}
{"duration":"4731ms","ip":"::1","level":"info","message":"HTTP Request Log","method":"POST","statusCode":201,"timestamp":"2025-12-13 17:11:48","url":"/api/auth/login"}
{"duration":"3863ms","ip":"::1","level":"info","message":"HTTP Request Log","method":"POST","statusCode":201,"timestamp":"2025-12-13 17:12:06","url":"/api/auth/login"}
{"duration":"3677ms","ip":"::1","level":"info","message":"HTTP Request Log","method":"POST","statusCode":201,"timestamp":"2025-12-13 17:12:22","url":"/api/auth/login"}
{"duration":"220ms","ip":"::1","level":"info","message":"HTTP Request Log","method":"POST","statusCode":400,"timestamp":"2025-12-13 17:13:42","url":"/api/auth/login"}
{"duration":"223ms","ip":"::1","level":"info","message":"HTTP Request Log","method":"POST","statusCode":200,"timestamp":"2025-12-13 17:13:51","url":"/api/auth/login"}
{"duration":"126ms","ip":"::1","level":"info","message":"HTTP Request Log","method":"GET","statusCode":304,"timestamp":"2025-12-13 17:13:51","url":"/api/auth/user/692ea81ab51b8991ecc9f21f"}
{"duration":"112ms","ip":"::1","level":"info","message":"HTTP Request Log","method":"GET","statusCode":304,"timestamp":"2025-12-13 17:13:51","url":"/api/auth/user/692ea81ab51b8991ecc9f21f"}
{"duration":"45ms","ip":"::1","level":"info","message":"HTTP Request Log","method":"GET","statusCode":304,"timestamp":"2025-12-13 17:15:50","url":"/api/auth/user/692ea81ab51b8991ecc9f21f"}
{"duration":"51ms","ip":"::1","level":"info","message":"HTTP Request Log","method":"GET","statusCode":304,"timestamp":"2025-12-13 17:15:50","url":"/api/auth/user/692ea81ab51b8991ecc9f21f"}
{"duration":"36ms","ip":"::1","level":"info","message":"HTTP Request Log","method":"GET","statusCode":304,"timestamp":"2025-12-13 17:15:54","url":"/api/auth/user/692ea81ab51b8991ecc9f21f"}
{"duration":"140ms","ip":"::1","level":"info","message":"HTTP Request Log","method":"GET","statusCode":304,"timestamp":"2025-12-13 17:15:54","url":"/api/auth/user/692ea81ab51b8991ecc9f21f"}
{"duration":"91ms","ip":"::1","level":"info","message":"HTTP Request Log","method":"GET","statusCode":304,"timestamp":"2025-12-13 17:16:23","url":"/api/auth/user/692ea81ab51b8991ecc9f21f"}
{"duration":"101ms","ip":"::1","level":"info","message":"HTTP Request Log","method":"GET","statusCode":304,"timestamp":"2025-12-13 17:16:23","url":"/api/auth/user/692ea81ab51b8991ecc9f21f"}
{"duration":"309ms","ip":"::1","level":"info","message":"HTTP Request Log","method":"GET","statusCode":200,"timestamp":"2025-12-13 17:22:33","url":"/api/auth/user/692ea81ab51b8991ecc9f21f"}
{"duration":"374ms","ip":"::1","level":"info","message":"HTTP Request Log","method":"GET","statusCode":304,"timestamp":"2025-12-13 17:22:34","url":"/api/auth/user/692ea81ab51b8991ecc9f21f"}
{"duration":"80ms","ip":"::1","level":"info","message":"HTTP Request Log","method":"GET","statusCode":304,"timestamp":"2025-12-13 17:22:34","url":"/api/auth/user/692ea81ab51b8991ecc9f21f"}
{"duration":"89ms","ip":"::1","level":"info","message":"HTTP Request Log","method":"GET","statusCode":304,"timestamp":"2025-12-13 17:22:35","url":"/api/auth/user/692ea81ab51b8991ecc9f21f"}
{"duration":"98ms","ip":"::1","level":"info","message":"HTTP Request Log","method":"GET","statusCode":304,"timestamp":"2025-12-13 17:22:36","url":"/api/auth/user/692ea81ab51b8991ecc9f21f"}
{"duration":"232ms","ip":"::1","level":"info","message":"HTTP Request Log","method":"GET","statusCode":304,"timestamp":"2025-12-13 17:22:36","url":"/api/auth/user/692ea81ab51b8991ecc9f21f"}
{"duration":"93ms","ip":"::1","level":"info","message":"HTTP Request Log","method":"GET","statusCode":304,"timestamp":"2025-12-13 17:22:37","url":"/api/auth/user/692ea81ab51b8991ecc9f21f"}
{"duration":"200ms","ip":"::1","level":"info","message":"HTTP Request Log","method":"GET","statusCode":304,"timestamp":"2025-12-13 17:22:37","url":"/api/auth/user/692ea81ab51b8991ecc9f21f"}
{"duration":"143ms","ip":"::1","level":"info","message":"HTTP Request Log","method":"GET","statusCode":304,"timestamp":"2025-12-13 17:22:38","url":"/api/auth/user/692ea81ab51b8991ecc9f21f"}
{"duration":"95ms","ip":"::1","level":"info","message":"HTTP Request Log","method":"GET","statusCode":304,"timestamp":"2025-12-13 17:22:38","url":"/api/auth/user/692ea81ab51b8991ecc9f21f"}
{"duration":"92ms","ip":"::1","level":"info","message":"HTTP Request Log","method":"GET","statusCode":304,"timestamp":"2025-12-13 17:22:40","url":"/api/auth/user/692ea81ab51b8991ecc9f21f"}
{"duration":"95ms","ip":"::1","level":"info","message":"HTTP Request Log","method":"GET","statusCode":304,"timestamp":"2025-12-13 17:22:40","url":"/api/auth/user/692ea81ab51b8991ecc9f21f"}
{"duration":"87ms","ip":"::1","level":"info","message":"HTTP Request Log","method":"GET","statusCode":304,"timestamp":"2025-12-13 17:22:41","url":"/api/auth/user/692ea81ab51b8991ecc9f21f"}
{"duration":"97ms","ip":"::1","level":"info","message":"HTTP Request Log","method":"GET","statusCode":304,"timestamp":"2025-12-13 17:22:41","url":"/api/auth/user/692ea81ab51b8991ecc9f21f"}
{"duration":"100ms","ip":"::1","level":"info","message":"HTTP Request Log","method":"GET","statusCode":304,"timestamp":"2025-12-13 17:22:42","url":"/api/auth/user/692ea81ab51b8991ecc9f21f"}
{"duration":"98ms","ip":"::1","level":"info","message":"HTTP Request Log","method":"GET","statusCode":304,"timestamp":"2025-12-13 17:22:42","url":"/api/auth/user/692ea81ab51b8991ecc9f21f"}
{"duration":"80ms","ip":"::1","level":"info","message":"HTTP Request Log","method":"GET","statusCode":304,"timestamp":"2025-12-13 17:22:43","url":"/api/auth/user/692ea81ab51b8991ecc9f21f"}
{"duration":"40ms","ip":"::1","level":"info","message":"HTTP Request Log","method":"GET","statusCode":304,"timestamp":"2025-12-13 17:22:43","url":"/api/auth/user/692ea81ab51b8991ecc9f21f"}
{"duration":"160ms","ip":"::1","level":"info","message":"HTTP Request Log","method":"GET","statusCode":304,"timestamp":"2025-12-13 17:22:45","url":"/api/auth/user/692ea81ab51b8991ecc9f21f"}
{"duration":"98ms","ip":"::1","level":"info","message":"HTTP Request Log","method":"GET","statusCode":304,"timestamp":"2025-12-13 17:22:45","url":"/api/auth/user/692ea81ab51b8991ecc9f21f"}
{"duration":"76ms","ip":"::1","level":"info","message":"HTTP Request Log","method":"GET","statusCode":304,"timestamp":"2025-12-13 17:22:46","url":"/api/auth/user/692ea81ab51b8991ecc9f21f"}
{"duration":"104ms","ip":"::1","level":"info","message":"HTTP Request Log","method":"GET","statusCode":304,"timestamp":"2025-12-13 17:22:46","url":"/api/auth/user/692ea81ab51b8991ecc9f21f"}
{"duration":"146ms","ip":"::1","level":"info","message":"HTTP Request Log","method":"GET","statusCode":304,"timestamp":"2025-12-13 17:22:47","url":"/api/auth/user/692ea81ab51b8991ecc9f21f"}
{"duration":"102ms","ip":"::1","level":"info","message":"HTTP Request Log","method":"GET","statusCode":304,"timestamp":"2025-12-13 17:22:47","url":"/api/auth/user/692ea81ab51b8991ecc9f21f"}
{"duration":"122ms","ip":"::1","level":"info","message":"HTTP Request Log","method":"GET","statusCode":304,"timestamp":"2025-12-13 17:22:48","url":"/api/auth/user/692ea81ab51b8991ecc9f21f"}
{"duration":"97ms","ip":"::1","level":"info","message":"HTTP Request Log","method":"GET","statusCode":304,"timestamp":"2025-12-13 17:22:49","url":"/api/auth/user/692ea81ab51b8991ecc9f21f"}
{"duration":"99ms","ip":"::1","level":"info","message":"HTTP Request Log","method":"GET","statusCode":304,"timestamp":"2025-12-13 17:22:50","url":"/api/auth/user/692ea81ab51b8991ecc9f21f"}
{"duration":"101ms","ip":"::1","level":"info","message":"HTTP Request Log","method":"GET","statusCode":304,"timestamp":"2025-12-13 17:22:50","url":"/api/auth/user/692ea81ab51b8991ecc9f21f"}
{"duration":"121ms","ip":"::1","level":"info","message":"HTTP Request Log","method":"GET","statusCode":304,"timestamp":"2025-12-13 17:22:51","url":"/api/auth/user/692ea81ab51b8991ecc9f21f"}
{"duration":"197ms","ip":"::1","level":"info","message":"HTTP Request Log","method":"GET","statusCode":304,"timestamp":"2025-12-13 17:22:51","url":"/api/auth/user/692ea81ab51b8991ecc9f21f"}
{"duration":"47ms","ip":"::1","level":"info","message":"HTTP Request Log","method":"GET","statusCode":304,"timestamp":"2025-12-13 17:22:52","url":"/api/auth/user/692ea81ab51b8991ecc9f21f"}
{"duration":"75ms","ip":"::1","level":"info","message":"HTTP Request Log","method":"GET","statusCode":304,"timestamp":"2025-12-13 17:22:52","url":"/api/auth/user/692ea81ab51b8991ecc9f21f"}
{"duration":"101ms","ip":"::1","level":"info","message":"HTTP Request Log","method":"GET","statusCode":304,"timestamp":"2025-12-13 17:22:53","url":"/api/auth/user/692ea81ab51b8991ecc9f21f"}
{"duration":"51ms","ip":"::1","level":"info","message":"HTTP Request Log","method":"GET","statusCode":304,"timestamp":"2025-12-13 17:22:53","url":"/api/auth/user/692ea81ab51b8991ecc9f21f"}
{"duration":"161ms","ip":"::1","level":"info","message":"HTTP Request Log","method":"GET","statusCode":304,"timestamp":"2025-12-13 17:22:55","url":"/api/auth/user/692ea81ab51b8991ecc9f21f"}
{"duration":"95ms","ip":"::1","level":"info","message":"HTTP Request Log","method":"GET","statusCode":304,"timestamp":"2025-12-13 17:22:55","url":"/api/auth/user/692ea81ab51b8991ecc9f21f"}
{"duration":"146ms","ip":"::1","level":"info","message":"HTTP Request Log","method":"GET","statusCode":304,"timestamp":"2025-12-13 17:22:59","url":"/api/auth/user/692ea81ab51b8991ecc9f21f"}
{"duration":"63ms","ip":"::1","level":"info","message":"HTTP Request Log","method":"GET","statusCode":304,"timestamp":"2025-12-13 17:22:59","url":"/api/auth/user/692ea81ab51b8991ecc9f21f"}
{"duration":"86ms","ip":"::1","level":"info","message":"HTTP Request Log","method":"GET","statusCode":304,"timestamp":"2025-12-13 17:23:00","url":"/api/auth/user/692ea81ab51b8991ecc9f21f"}
{"duration":"100ms","ip":"::1","level":"info","message":"HTTP Request Log","method":"GET","statusCode":304,"timestamp":"2025-12-13 17:23:00","url":"/api/auth/user/692ea81ab51b8991ecc9f21f"}
{"duration":"193ms","ip":"::1","level":"info","message":"HTTP Request Log","method":"GET","statusCode":304,"timestamp":"2025-12-13 17:23:01","url":"/api/auth/user/692ea81ab51b8991ecc9f21f"}
{"duration":"75ms","ip":"::1","level":"info","message":"HTTP Request Log","method":"GET","statusCode":304,"timestamp":"2025-12-13 17:23:01","url":"/api/auth/user/692ea81ab51b8991ecc9f21f"}
{"duration":"139ms","ip":"::1","level":"info","message":"HTTP Request Log","method":"GET","statusCode":304,"timestamp":"2025-12-13 17:23:02","url":"/api/auth/user/692ea81ab51b8991ecc9f21f"}
{"duration":"199ms","ip":"::1","level":"info","message":"HTTP Request Log","method":"GET","statusCode":304,"timestamp":"2025-12-13 17:23:02","url":"/api/auth/user/692ea81ab51b8991ecc9f21f"}
{"duration":"96ms","ip":"::1","level":"info","message":"HTTP Request Log","method":"GET","statusCode":304,"timestamp":"2025-12-13 17:23:03","url":"/api/auth/user/692ea81ab51b8991ecc9f21f"}
{"duration":"101ms","ip":"::1","level":"info","message":"HTTP Request Log","method":"GET","statusCode":304,"timestamp":"2025-12-13 17:23:03","url":"/api/auth/user/692ea81ab51b8991ecc9f21f"}
{"duration":"95ms","ip":"::1","level":"info","message":"HTTP Request Log","method":"GET","statusCode":304,"timestamp":"2025-12-13 17:23:03","url":"/api/auth/user/692ea81ab51b8991ecc9f21f"}
{"duration":"102ms","ip":"::1","level":"info","message":"HTTP Request Log","method":"GET","statusCode":304,"timestamp":"2025-12-13 17:23:03","url":"/api/auth/user/692ea81ab51b8991ecc9f21f"}
{"duration":"82ms","ip":"::1","level":"info","message":"HTTP Request Log","method":"GET","statusCode":200,"timestamp":"2025-12-13 17:23:04","url":"/api/auth/user/692ea81ab51b8991ecc9f21f"}
{"duration":"81ms","ip":"::1","level":"info","message":"HTTP Request Log","method":"GET","statusCode":200,"timestamp":"2025-12-13 17:23:04","url":"/api/auth/user/692ea81ab51b8991ecc9f21f"}
{"duration":"58ms","ip":"::1","level":"info","message":"HTTP Request Log","method":"GET","statusCode":200,"timestamp":"2025-12-13 17:23:04","url":"/api/auth/user/692ea81ab51b8991ecc9f21f"}
{"duration":"117ms","ip":"::1","level":"info","message":"HTTP Request Log","method":"GET","statusCode":200,"timestamp":"2025-12-13 17:23:05","url":"/api/auth/user/692ea81ab51b8991ecc9f21f"}
{"duration":"136ms","ip":"::1","level":"info","message":"HTTP Request Log","method":"GET","statusCode":200,"timestamp":"2025-12-13 17:23:05","url":"/api/auth/user/692ea81ab51b8991ecc9f21f"}
{"duration":"65ms","ip":"::1","level":"info","message":"HTTP Request Log","method":"GET","statusCode":200,"timestamp":"2025-12-13 17:23:05","url":"/api/auth/user/692ea81ab51b8991ecc9f21f"}
{"duration":"99ms","ip":"::1","level":"info","message":"HTTP Request Log","method":"GET","statusCode":304,"timestamp":"2025-12-13 17:23:05","url":"/api/auth/user/692ea81ab51b8991ecc9f21f"}
{"duration":"61ms","ip":"::1","level":"info","message":"HTTP Request Log","method":"GET","statusCode":304,"timestamp":"2025-12-13 17:23:36","url":"/api/auth/user/692ea81ab51b8991ecc9f21f"}
{"duration":"136ms","ip":"::1","level":"info","message":"HTTP Request Log","method":"GET","statusCode":304,"timestamp":"2025-12-13 17:23:36","url":"/api/auth/user/692ea81ab51b8991ecc9f21f"}
{"duration":"130ms","ip":"::1","level":"info","message":"HTTP Request Log","method":"GET","statusCode":304,"timestamp":"2025-12-13 17:23:37","url":"/api/auth/user/692ea81ab51b8991ecc9f21f"}
{"duration":"98ms","ip":"::1","level":"info","message":"HTTP Request Log","method":"GET","statusCode":304,"timestamp":"2025-12-13 17:23:37","url":"/api/auth/user/692ea81ab51b8991ecc9f21f"}
{"duration":"213ms","ip":"::1","level":"info","message":"HTTP Request Log","method":"GET","statusCode":304,"timestamp":"2025-12-13 17:23:38","url":"/api/auth/user/692ea81ab51b8991ecc9f21f"}
{"duration":"103ms","ip":"::1","level":"info","message":"HTTP Request Log","method":"GET","statusCode":304,"timestamp":"2025-12-13 17:23:38","url":"/api/auth/user/692ea81ab51b8991ecc9f21f"}
{"duration":"72ms","ip":"::1","level":"info","message":"HTTP Request Log","method":"GET","statusCode":304,"timestamp":"2025-12-13 17:25:46","url":"/api/auth/user/692ea81ab51b8991ecc9f21f"}
{"duration":"51ms","ip":"::1","level":"info","message":"HTTP Request Log","method":"GET","statusCode":304,"timestamp":"2025-12-13 17:25:46","url":"/api/auth/user/692ea81ab51b8991ecc9f21f"}
{"duration":"173ms","ip":"::1","level":"info","message":"HTTP Request Log","method":"POST","statusCode":200,"timestamp":"2025-12-13 17:26:09","url":"/api/auth/login"}
{"duration":"54ms","ip":"::1","level":"info","message":"HTTP Request Log","method":"GET","statusCode":304,"timestamp":"2025-12-13 17:26:09","url":"/api/auth/user/692ea81ab51b8991ecc9f21f"}
{"duration":"37ms","ip":"::1","level":"info","message":"HTTP Request Log","method":"GET","statusCode":304,"timestamp":"2025-12-13 17:26:09","url":"/api/auth/user/692ea81ab51b8991ecc9f21f"}
{"duration":"44ms","ip":"::1","level":"info","message":"HTTP Request Log","method":"GET","statusCode":304,"timestamp":"2025-12-13 17:26:12","url":"/api/auth/user/692ea81ab51b8991ecc9f21f"}
{"duration":"36ms","ip":"::1","level":"info","message":"HTTP Request Log","method":"GET","statusCode":304,"timestamp":"2025-12-13 17:26:12","url":"/api/auth/user/692ea81ab51b8991ecc9f21f"}
{"duration":"34ms","ip":"::1","level":"info","message":"HTTP Request Log","method":"GET","statusCode":304,"timestamp":"2025-12-13 17:26:18","url":"/api/auth/user/692ea81ab51b8991ecc9f21f"}
{"duration":"102ms","ip":"::1","level":"info","message":"HTTP Request Log","method":"GET","statusCode":304,"timestamp":"2025-12-13 17:26:18","url":"/api/auth/user/692ea81ab51b8991ecc9f21f"}
{"duration":"135ms","ip":"::1","level":"info","message":"HTTP Request Log","method":"GET","statusCode":304,"timestamp":"2025-12-13 17:26:19","url":"/api/auth/user/692ea81ab51b8991ecc9f21f"}
{"duration":"38ms","ip":"::1","level":"info","message":"HTTP Request Log","method":"GET","statusCode":304,"timestamp":"2025-12-13 17:26:19","url":"/api/auth/user/692ea81ab51b8991ecc9f21f"}
{"duration":"37ms","ip":"::1","level":"info","message":"HTTP Request Log","method":"GET","statusCode":304,"timestamp":"2025-12-13 17:26:20","url":"/api/auth/user/692ea81ab51b8991ecc9f21f"}
{"duration":"42ms","ip":"::1","level":"info","message":"HTTP Request Log","method":"GET","statusCode":304,"timestamp":"2025-12-13 17:26:20","url":"/api/auth/user/692ea81ab51b8991ecc9f21f"}
{"duration":"155ms","ip":"::1","level":"info","message":"HTTP Request Log","method":"GET","statusCode":304,"timestamp":"2025-12-13 17:26:26","url":"/api/auth/user/692ea81ab51b8991ecc9f21f"}
{"duration":"101ms","ip":"::1","level":"info","message":"HTTP Request Log","method":"GET","statusCode":304,"timestamp":"2025-12-13 17:26:27","url":"/api/auth/user/692ea81ab51b8991ecc9f21f"}
{"duration":"72ms","ip":"::1","level":"info","message":"HTTP Request Log","method":"GET","statusCode":304,"timestamp":"2025-12-13 17:26:27","url":"/api/auth/user/692ea81ab51b8991ecc9f21f"}
{"duration":"106ms","ip":"::1","level":"info","message":"HTTP Request Log","method":"GET","statusCode":304,"timestamp":"2025-12-13 17:26:28","url":"/api/auth/user/692ea81ab51b8991ecc9f21f"}
{"duration":"136ms","ip":"::1","level":"info","message":"HTTP Request Log","method":"GET","statusCode":304,"timestamp":"2025-12-13 17:26:31","url":"/api/auth/user/692ea81ab51b8991ecc9f21f"}
{"duration":"64ms","ip":"::1","level":"info","message":"HTTP Request Log","method":"GET","statusCode":304,"timestamp":"2025-12-13 17:26:31","url":"/api/auth/user/692ea81ab51b8991ecc9f21f"}
{"duration":"40ms","ip":"::1","level":"info","message":"HTTP Request Log","method":"GET","statusCode":304,"timestamp":"2025-12-13 17:26:34","url":"/api/auth/user/692ea81ab51b8991ecc9f21f"}
{"duration":"129ms","ip":"::1","level":"info","message":"HTTP Request Log","method":"GET","statusCode":304,"timestamp":"2025-12-13 17:26:34","url":"/api/auth/user/692ea81ab51b8991ecc9f21f"}
{"duration":"99ms","ip":"::1","level":"info","message":"HTTP Request Log","method":"GET","statusCode":304,"timestamp":"2025-12-13 17:26:35","url":"/api/auth/user/692ea81ab51b8991ecc9f21f"}
{"duration":"117ms","ip":"::1","level":"info","message":"HTTP Request Log","method":"GET","statusCode":200,"timestamp":"2025-12-13 17:26:35","url":"/api/auth/user/692ea81ab51b8991ecc9f21f"}
{"duration":"92ms","ip":"::1","level":"info","message":"HTTP Request Log","method":"GET","statusCode":304,"timestamp":"2025-12-13 17:26:35","url":"/api/auth/user/692ea81ab51b8991ecc9f21f"}
{"duration":"131ms","ip":"::1","level":"info","message":"HTTP Request Log","method":"GET","statusCode":304,"timestamp":"2025-12-13 17:26:35","url":"/api/auth/user/692ea81ab51b8991ecc9f21f"}
{"duration":"105ms","ip":"::1","level":"info","message":"HTTP Request Log","method":"GET","statusCode":200,"timestamp":"2025-12-13 17:26:36","url":"/api/auth/user/692ea81ab51b8991ecc9f21f"}
{"duration":"36ms","ip":"::1","level":"info","message":"HTTP Request Log","method":"GET","statusCode":304,"timestamp":"2025-12-13 17:26:36","url":"/api/auth/user/692ea81ab51b8991ecc9f21f"}
{"duration":"94ms","ip":"::1","level":"info","message":"HTTP Request Log","method":"GET","statusCode":304,"timestamp":"2025-12-13 17:26:36","url":"/api/auth/user/692ea81ab51b8991ecc9f21f"}
{"duration":"90ms","ip":"::1","level":"info","message":"HTTP Request Log","method":"GET","statusCode":200,"timestamp":"2025-12-13 17:26:36","url":"/api/auth/user/692ea81ab51b8991ecc9f21f"}
{"duration":"43ms","ip":"::1","level":"info","message":"HTTP Request Log","method":"GET","statusCode":200,"timestamp":"2025-12-13 17:26:37","url":"/api/auth/user/692ea81ab51b8991ecc9f21f"}
{"duration":"33ms","ip":"::1","level":"info","message":"HTTP Request Log","method":"GET","statusCode":304,"timestamp":"2025-12-13 17:26:37","url":"/api/auth/user/692ea81ab51b8991ecc9f21f"}
{"duration":"130ms","ip":"::1","level":"info","message":"HTTP Request Log","method":"GET","statusCode":304,"timestamp":"2025-12-13 17:26:37","url":"/api/auth/user/692ea81ab51b8991ecc9f21f"}
{"duration":"98ms","ip":"::1","level":"info","message":"HTTP Request Log","method":"GET","statusCode":304,"timestamp":"2025-12-13 17:26:37","url":"/api/auth/user/692ea81ab51b8991ecc9f21f"}
{"duration":"75ms","ip":"::1","level":"info","message":"HTTP Request Log","method":"GET","statusCode":304,"timestamp":"2025-12-13 17:26:38","url":"/api/auth/user/692ea81ab51b8991ecc9f21f"}
{"duration":"100ms","ip":"::1","level":"info","message":"HTTP Request Log","method":"GET","statusCode":304,"timestamp":"2025-12-13 17:26:38","url":"/api/auth/user/692ea81ab51b8991ecc9f21f"}
{"duration":"54ms","ip":"::1","level":"info","message":"HTTP Request Log","method":"GET","statusCode":304,"timestamp":"2025-12-13 17:26:39","url":"/api/auth/user/692ea81ab51b8991ecc9f21f"}
{"duration":"98ms","ip":"::1","level":"info","message":"HTTP Request Log","method":"GET","statusCode":304,"timestamp":"2025-12-13 17:26:39","url":"/api/auth/user/692ea81ab51b8991ecc9f21f"}
{"duration":"241ms","ip":"::1","level":"info","message":"HTTP Request Log","method":"GET","statusCode":304,"timestamp":"2025-12-13 17:26:40","url":"/api/auth/user/692ea81ab51b8991ecc9f21f"}
{"duration":"34ms","ip":"::1","level":"info","message":"HTTP Request Log","method":"GET","statusCode":304,"timestamp":"2025-12-13 17:26:40","url":"/api/auth/user/692ea81ab51b8991ecc9f21f"}
{"duration":"58ms","ip":"::1","level":"info","message":"HTTP Request Log","method":"GET","statusCode":304,"timestamp":"2025-12-13 17:26:41","url":"/api/auth/user/692ea81ab51b8991ecc9f21f"}
{"duration":"35ms","ip":"::1","level":"info","message":"HTTP Request Log","method":"GET","statusCode":304,"timestamp":"2025-12-13 17:26:41","url":"/api/auth/user/692ea81ab51b8991ecc9f21f"}
{"duration":"133ms","ip":"::1","level":"info","message":"HTTP Request Log","method":"GET","statusCode":304,"timestamp":"2025-12-13 17:26:45","url":"/api/auth/user/692ea81ab51b8991ecc9f21f"}
{"duration":"359ms","ip":"::1","level":"info","message":"HTTP Request Log","method":"GET","statusCode":304,"timestamp":"2025-12-13 17:26:46","url":"/api/auth/user/692ea81ab51b8991ecc9f21f"}
{"duration":"105ms","ip":"::1","level":"info","message":"HTTP Request Log","method":"GET","statusCode":304,"timestamp":"2025-12-13 17:26:59","url":"/api/auth/user/692ea81ab51b8991ecc9f21f"}
{"duration":"103ms","ip":"::1","level":"info","message":"HTTP Request Log","method":"GET","statusCode":304,"timestamp":"2025-12-13 17:27:00","url":"/api/auth/user/692ea81ab51b8991ecc9f21f"}
{"duration":"152ms","ip":"::1","level":"info","message":"HTTP Request Log","method":"GET","statusCode":304,"timestamp":"2025-12-13 17:27:00","url":"/api/auth/user/692ea81ab51b8991ecc9f21f"}
{"duration":"82ms","ip":"::1","level":"info","message":"HTTP Request Log","method":"GET","statusCode":304,"timestamp":"2025-12-13 17:27:01","url":"/api/auth/user/692ea81ab51b8991ecc9f21f"}
{"duration":"95ms","ip":"::1","level":"info","message":"HTTP Request Log","method":"GET","statusCode":304,"timestamp":"2025-12-13 17:27:02","url":"/api/auth/user/692ea81ab51b8991ecc9f21f"}
{"duration":"199ms","ip":"::1","level":"info","message":"HTTP Request Log","method":"GET","statusCode":304,"timestamp":"2025-12-13 17:27:02","url":"/api/auth/user/692ea81ab51b8991ecc9f21f"}
{"duration":"73ms","ip":"::1","level":"info","message":"HTTP Request Log","method":"GET","statusCode":304,"timestamp":"2025-12-13 17:27:03","url":"/api/auth/user/692ea81ab51b8991ecc9f21f"}
{"duration":"52ms","ip":"::1","level":"info","message":"HTTP Request Log","method":"GET","statusCode":304,"timestamp":"2025-12-13 17:27:03","url":"/api/auth/user/692ea81ab51b8991ecc9f21f"}
{"duration":"47ms","ip":"::1","level":"info","message":"HTTP Request Log","method":"GET","statusCode":304,"timestamp":"2025-12-13 17:27:04","url":"/api/auth/user/692ea81ab51b8991ecc9f21f"}
{"duration":"68ms","ip":"::1","level":"info","message":"HTTP Request Log","method":"GET","statusCode":304,"timestamp":"2025-12-13 17:27:04","url":"/api/auth/user/692ea81ab51b8991ecc9f21f"}
{"duration":"86ms","ip":"::1","level":"info","message":"HTTP Request Log","method":"GET","statusCode":304,"timestamp":"2025-12-13 17:27:06","url":"/api/auth/user/692ea81ab51b8991ecc9f21f"}
{"duration":"100ms","ip":"::1","level":"info","message":"HTTP Request Log","method":"GET","statusCode":304,"timestamp":"2025-12-13 17:27:06","url":"/api/auth/user/692ea81ab51b8991ecc9f21f"}
{"duration":"42ms","ip":"::1","level":"info","message":"HTTP Request Log","method":"GET","statusCode":304,"timestamp":"2025-12-13 17:27:07","url":"/api/auth/user/692ea81ab51b8991ecc9f21f"}
{"duration":"80ms","ip":"::1","level":"info","message":"HTTP Request Log","method":"GET","statusCode":304,"timestamp":"2025-12-13 17:27:07","url":"/api/auth/user/692ea81ab51b8991ecc9f21f"}
{"duration":"221ms","ip":"::1","level":"info","message":"HTTP Request Log","method":"GET","statusCode":304,"timestamp":"2025-12-13 17:27:08","url":"/api/auth/user/692ea81ab51b8991ecc9f21f"}
{"duration":"71ms","ip":"::1","level":"info","message":"HTTP Request Log","method":"GET","statusCode":304,"timestamp":"2025-12-13 17:27:08","url":"/api/auth/user/692ea81ab51b8991ecc9f21f"}
{"duration":"154ms","ip":"::1","level":"info","message":"HTTP Request Log","method":"GET","statusCode":304,"timestamp":"2025-12-13 17:27:09","url":"/api/auth/user/692ea81ab51b8991ecc9f21f"}
{"duration":"99ms","ip":"::1","level":"info","message":"HTTP Request Log","method":"GET","statusCode":304,"timestamp":"2025-12-13 17:27:09","url":"/api/auth/user/692ea81ab51b8991ecc9f21f"}
{"duration":"121ms","ip":"::1","level":"info","message":"HTTP Request Log","method":"GET","statusCode":304,"timestamp":"2025-12-13 17:27:10","url":"/api/auth/user/692ea81ab51b8991ecc9f21f"}
{"duration":"98ms","ip":"::1","level":"info","message":"HTTP Request Log","method":"GET","statusCode":304,"timestamp":"2025-12-13 17:27:11","url":"/api/auth/user/692ea81ab51b8991ecc9f21f"}
{"duration":"51ms","ip":"::1","level":"info","message":"HTTP Request Log","method":"GET","statusCode":304,"timestamp":"2025-12-13 17:28:50","url":"/api/auth/user/692ea81ab51b8991ecc9f21f"}
{"duration":"43ms","ip":"::1","level":"info","message":"HTTP Request Log","method":"GET","statusCode":304,"timestamp":"2025-12-13 17:28:50","url":"/api/auth/user/692ea81ab51b8991ecc9f21f"}
{"duration":"44ms","ip":"::1","level":"info","message":"HTTP Request Log","method":"GET","statusCode":304,"timestamp":"2025-12-13 17:28:51","url":"/api/auth/user/692ea81ab51b8991ecc9f21f"}
{"duration":"84ms","ip":"::1","level":"info","message":"HTTP Request Log","method":"GET","statusCode":304,"timestamp":"2025-12-13 17:28:51","url":"/api/auth/user/692ea81ab51b8991ecc9f21f"}
{"duration":"87ms","ip":"::1","level":"info","message":"HTTP Request Log","method":"GET","statusCode":304,"timestamp":"2025-12-13 17:28:51","url":"/api/auth/user/692ea81ab51b8991ecc9f21f"}
{"duration":"101ms","ip":"::1","level":"info","message":"HTTP Request Log","method":"GET","statusCode":304,"timestamp":"2025-12-13 17:28:51","url":"/api/auth/user/692ea81ab51b8991ecc9f21f"}
{"duration":"124ms","ip":"::1","level":"info","message":"HTTP Request Log","method":"GET","statusCode":200,"timestamp":"2025-12-13 17:28:52","url":"/api/auth/user/692ea81ab51b8991ecc9f21f"}
{"duration":"65ms","ip":"::1","level":"info","message":"HTTP Request Log","method":"GET","statusCode":200,"timestamp":"2025-12-13 17:28:52","url":"/api/auth/user/692ea81ab51b8991ecc9f21f"}
{"duration":"101ms","ip":"::1","level":"info","message":"HTTP Request Log","method":"GET","statusCode":304,"timestamp":"2025-12-13 17:28:52","url":"/api/auth/user/692ea81ab51b8991ecc9f21f"}
{"duration":"52ms","ip":"::1","level":"info","message":"HTTP Request Log","method":"GET","statusCode":304,"timestamp":"2025-12-13 17:28:52","url":"/api/auth/user/692ea81ab51b8991ecc9f21f"}
{"duration":"65ms","ip":"::1","level":"info","message":"HTTP Request Log","method":"GET","statusCode":304,"timestamp":"2025-12-13 17:28:52","url":"/api/auth/user/692ea81ab51b8991ecc9f21f"}
{"duration":"102ms","ip":"::1","level":"info","message":"HTTP Request Log","method":"GET","statusCode":304,"timestamp":"2025-12-13 17:28:53","url":"/api/auth/user/692ea81ab51b8991ecc9f21f"}
{"duration":"86ms","ip":"::1","level":"info","message":"HTTP Request Log","method":"GET","statusCode":304,"timestamp":"2025-12-13 17:28:53","url":"/api/auth/user/692ea81ab51b8991ecc9f21f"}
{"duration":"45ms","ip":"::1","level":"info","message":"HTTP Request Log","method":"GET","statusCode":304,"timestamp":"2025-12-13 17:28:53","url":"/api/auth/user/692ea81ab51b8991ecc9f21f"}
{"duration":"34ms","ip":"::1","level":"info","message":"HTTP Request Log","method":"GET","statusCode":304,"timestamp":"2025-12-13 17:28:53","url":"/api/auth/user/692ea81ab51b8991ecc9f21f"}
{"duration":"127ms","ip":"::1","level":"info","message":"HTTP Request Log","method":"GET","statusCode":200,"timestamp":"2025-12-13 17:29:00","url":"/api/auth/user/692ea81ab51b8991ecc9f21f"}
{"duration":"99ms","ip":"::1","level":"info","message":"HTTP Request Log","method":"GET","statusCode":304,"timestamp":"2025-12-13 17:29:00","url":"/api/auth/user/692ea81ab51b8991ecc9f21f"}
{"duration":"54ms","ip":"::1","level":"info","message":"HTTP Request Log","method":"GET","statusCode":304,"timestamp":"2025-12-13 17:29:15","url":"/api/auth/user/692ea81ab51b8991ecc9f21f"}
{"duration":"117ms","ip":"::1","level":"info","message":"HTTP Request Log","method":"GET","statusCode":304,"timestamp":"2025-12-13 17:29:15","url":"/api/auth/user/692ea81ab51b8991ecc9f21f"}
{"duration":"116ms","ip":"::1","level":"info","message":"HTTP Request Log","method":"GET","statusCode":304,"timestamp":"2025-12-13 17:29:16","url":"/api/auth/user/692ea81ab51b8991ecc9f21f"}
{"duration":"146ms","ip":"::1","level":"info","message":"HTTP Request Log","method":"GET","statusCode":304,"timestamp":"2025-12-13 17:29:16","url":"/api/auth/user/692ea81ab51b8991ecc9f21f"}
{"duration":"162ms","ip":"::1","level":"info","message":"HTTP Request Log","method":"POST","statusCode":200,"timestamp":"2025-12-13 17:31:56","url":"/api/auth/login"}
{"duration":"4ms","ip":"::1","level":"info","message":"HTTP Request Log","method":"GET","statusCode":404,"timestamp":"2025-12-13 17:34:28","url":"/api/refresh"}
{"duration":"108ms","ip":"::1","level":"info","message":"HTTP Request Log","method":"POST","statusCode":200,"timestamp":"2025-12-13 17:36:03","url":"/api/auth/login"}
{"duration":"8ms","ip":"::1","level":"info","message":"HTTP Request Log","method":"POST","statusCode":500,"timestamp":"2025-12-13 17:36:26","url":"/api/auth/refresh"}
{"duration":"2909ms","ip":"::1","level":"info","message":"HTTP Request Log","method":"GET","statusCode":304,"timestamp":"2025-12-13 17:41:42","url":"/api/auth/user/692ea81ab51b8991ecc9f21f"}
{"duration":"78ms","ip":"::1","level":"info","message":"HTTP Request Log","method":"GET","statusCode":304,"timestamp":"2025-12-13 17:41:42","url":"/api/auth/user/692ea81ab51b8991ecc9f21f"}
{"duration":"92ms","ip":"::1","level":"info","message":"HTTP Request Log","method":"GET","statusCode":304,"timestamp":"2025-12-13 17:42:21","url":"/api/auth/user/692ea81ab51b8991ecc9f21f"}
{"duration":"93ms","ip":"::1","level":"info","message":"HTTP Request Log","method":"GET","statusCode":304,"timestamp":"2025-12-13 17:42:21","url":"/api/auth/user/692ea81ab51b8991ecc9f21f"}
{"duration":"73ms","ip":"::1","level":"info","message":"HTTP Request Log","method":"GET","statusCode":304,"timestamp":"2025-12-13 17:44:24","url":"/api/auth/user/692ea81ab51b8991ecc9f21f"}
{"duration":"72ms","ip":"::1","level":"info","message":"HTTP Request Log","method":"GET","statusCode":304,"timestamp":"2025-12-13 17:44:24","url":"/api/auth/user/692ea81ab51b8991ecc9f21f"}
{"duration":"45ms","ip":"::1","level":"info","message":"HTTP Request Log","method":"GET","statusCode":304,"timestamp":"2025-12-13 17:44:26","url":"/api/auth/user/692ea81ab51b8991ecc9f21f"}
{"duration":"110ms","ip":"::1","level":"info","message":"HTTP Request Log","method":"GET","statusCode":304,"timestamp":"2025-12-13 17:44:26","url":"/api/auth/user/692ea81ab51b8991ecc9f21f"}
{"duration":"88ms","ip":"::1","level":"info","message":"HTTP Request Log","method":"GET","statusCode":304,"timestamp":"2025-12-13 17:45:11","url":"/api/auth/user/692ea81ab51b8991ecc9f21f"}
{"duration":"91ms","ip":"::1","level":"info","message":"HTTP Request Log","method":"GET","statusCode":304,"timestamp":"2025-12-13 17:45:11","url":"/api/auth/user/692ea81ab51b8991ecc9f21f"}
{"duration":"137ms","ip":"::1","level":"info","message":"HTTP Request Log","method":"GET","statusCode":304,"timestamp":"2025-12-13 17:45:58","url":"/api/auth/user/692ea81ab51b8991ecc9f21f"}
{"duration":"38ms","ip":"::1","level":"info","message":"HTTP Request Log","method":"GET","statusCode":304,"timestamp":"2025-12-13 17:45:58","url":"/api/auth/user/692ea81ab51b8991ecc9f21f"}
{"duration":"82ms","ip":"::1","level":"info","message":"HTTP Request Log","method":"GET","statusCode":304,"timestamp":"2025-12-13 17:46:06","url":"/api/auth/user/692ea81ab51b8991ecc9f21f"}
{"duration":"69ms","ip":"::1","level":"info","message":"HTTP Request Log","method":"GET","statusCode":304,"timestamp":"2025-12-13 17:46:06","url":"/api/auth/user/692ea81ab51b8991ecc9f21f"}
{"duration":"122ms","ip":"::1","level":"info","message":"HTTP Request Log","method":"GET","statusCode":304,"timestamp":"2025-12-13 17:46:17","url":"/api/auth/user/692ea81ab51b8991ecc9f21f"}
{"duration":"101ms","ip":"::1","level":"info","message":"HTTP Request Log","method":"GET","statusCode":304,"timestamp":"2025-12-13 17:46:17","url":"/api/auth/user/692ea81ab51b8991ecc9f21f"}
{"duration":"100ms","ip":"::1","level":"info","message":"HTTP Request Log","method":"GET","statusCode":304,"timestamp":"2025-12-13 17:47:03","url":"/api/auth/user/692ea81ab51b8991ecc9f21f"}
{"duration":"83ms","ip":"::1","level":"info","message":"HTTP Request Log","method":"GET","statusCode":304,"timestamp":"2025-12-13 17:47:03","url":"/api/auth/user/692ea81ab51b8991ecc9f21f"}
{"duration":"132ms","ip":"::1","level":"info","message":"HTTP Request Log","method":"GET","statusCode":304,"timestamp":"2025-12-13 17:47:14","url":"/api/auth/user/692ea81ab51b8991ecc9f21f"}
{"duration":"48ms","ip":"::1","level":"info","message":"HTTP Request Log","method":"GET","statusCode":304,"timestamp":"2025-12-13 17:47:14","url":"/api/auth/user/692ea81ab51b8991ecc9f21f"}
{"duration":"5ms","ip":"::1","level":"info","message":"HTTP Request Log","method":"POST","statusCode":500,"timestamp":"2025-12-13 17:47:20","url":"/api/auth/refresh"}
{"duration":"3ms","ip":"::1","level":"info","message":"HTTP Request Log","method":"POST","statusCode":500,"timestamp":"2025-12-13 17:47:55","url":"/api/auth/refresh"}
{"duration":"100ms","ip":"::1","level":"info","message":"HTTP Request Log","method":"GET","statusCode":304,"timestamp":"2025-12-13 17:48:11","url":"/api/auth/user/692ea81ab51b8991ecc9f21f"}
{"duration":"103ms","ip":"::1","level":"info","message":"HTTP Request Log","method":"GET","statusCode":304,"timestamp":"2025-12-13 17:48:12","url":"/api/auth/user/692ea81ab51b8991ecc9f21f"}
{"duration":"56ms","ip":"::1","level":"info","message":"HTTP Request Log","method":"GET","statusCode":304,"timestamp":"2025-12-13 17:48:22","url":"/api/auth/user/692ea81ab51b8991ecc9f21f"}
{"duration":"49ms","ip":"::1","level":"info","message":"HTTP Request Log","method":"GET","statusCode":304,"timestamp":"2025-12-13 17:48:22","url":"/api/auth/user/692ea81ab51b8991ecc9f21f"}
{"duration":"102ms","ip":"::1","level":"info","message":"HTTP Request Log","method":"GET","statusCode":304,"timestamp":"2025-12-13 17:48:40","url":"/api/auth/user/692ea81ab51b8991ecc9f21f"}
{"duration":"42ms","ip":"::1","level":"info","message":"HTTP Request Log","method":"GET","statusCode":304,"timestamp":"2025-12-13 17:48:40","url":"/api/auth/user/692ea81ab51b8991ecc9f21f"}
{"duration":"200ms","ip":"::1","level":"info","message":"HTTP Request Log","method":"GET","statusCode":304,"timestamp":"2025-12-13 17:51:12","url":"/api/auth/user/692ea81ab51b8991ecc9f21f"}
{"duration":"333ms","ip":"::1","level":"info","message":"HTTP Request Log","method":"GET","statusCode":304,"timestamp":"2025-12-13 17:51:13","url":"/api/auth/user/692ea81ab51b8991ecc9f21f"}
{"duration":"105ms","ip":"::1","level":"info","message":"HTTP Request Log","method":"GET","statusCode":304,"timestamp":"2025-12-13 17:51:20","url":"/api/auth/user/692ea81ab51b8991ecc9f21f"}
{"duration":"94ms","ip":"::1","level":"info","message":"HTTP Request Log","method":"GET","statusCode":304,"timestamp":"2025-12-13 17:51:20","url":"/api/auth/user/692ea81ab51b8991ecc9f21f"}
{"duration":"167ms","ip":"::1","level":"info","message":"HTTP Request Log","method":"POST","statusCode":200,"timestamp":"2025-12-13 17:51:42","url":"/api/auth/login"}
{"duration":"44ms","ip":"::1","level":"info","message":"HTTP Request Log","method":"GET","statusCode":304,"timestamp":"2025-12-13 17:51:42","url":"/api/auth/user/692ea81ab51b8991ecc9f21f"}
{"duration":"132ms","ip":"::1","level":"info","message":"HTTP Request Log","method":"GET","statusCode":304,"timestamp":"2025-12-13 17:51:42","url":"/api/auth/user/692ea81ab51b8991ecc9f21f"}
{"duration":"90ms","ip":"::1","level":"info","message":"HTTP Request Log","method":"GET","statusCode":304,"timestamp":"2025-12-13 17:51:49","url":"/api/auth/user/692ea81ab51b8991ecc9f21f"}
{"duration":"196ms","ip":"::1","level":"info","message":"HTTP Request Log","method":"GET","statusCode":304,"timestamp":"2025-12-13 17:51:50","url":"/api/auth/user/692ea81ab51b8991ecc9f21f"}
{"duration":"121ms","ip":"::1","level":"info","message":"HTTP Request Log","method":"GET","statusCode":304,"timestamp":"2025-12-13 17:52:41","url":"/api/auth/user/692ea81ab51b8991ecc9f21f"}
{"duration":"86ms","ip":"::1","level":"info","message":"HTTP Request Log","method":"GET","statusCode":304,"timestamp":"2025-12-13 17:52:41","url":"/api/auth/user/692ea81ab51b8991ecc9f21f"}
{"duration":"159ms","ip":"::1","level":"info","message":"HTTP Request Log","method":"GET","statusCode":304,"timestamp":"2025-12-13 17:53:19","url":"/api/auth/user/692ea81ab51b8991ecc9f21f"}
{"duration":"105ms","ip":"::1","level":"info","message":"HTTP Request Log","method":"GET","statusCode":304,"timestamp":"2025-12-13 17:53:19","url":"/api/auth/user/692ea81ab51b8991ecc9f21f"}
{"duration":"121ms","ip":"::1","level":"info","message":"HTTP Request Log","method":"GET","statusCode":304,"timestamp":"2025-12-13 17:53:36","url":"/api/auth/user/692ea81ab51b8991ecc9f21f"}
{"duration":"197ms","ip":"::1","level":"info","message":"HTTP Request Log","method":"GET","statusCode":304,"timestamp":"2025-12-13 17:53:36","url":"/api/auth/user/692ea81ab51b8991ecc9f21f"}
{"duration":"158ms","ip":"::1","level":"info","message":"HTTP Request Log","method":"GET","statusCode":304,"timestamp":"2025-12-13 17:53:49","url":"/api/auth/user/692ea81ab51b8991ecc9f21f"}
{"duration":"102ms","ip":"::1","level":"info","message":"HTTP Request Log","method":"GET","statusCode":304,"timestamp":"2025-12-13 17:53:49","url":"/api/auth/user/692ea81ab51b8991ecc9f21f"}
{"duration":"142ms","ip":"::1","level":"info","message":"HTTP Request Log","method":"GET","statusCode":200,"timestamp":"2025-12-13 17:53:50","url":"/api/auth/user/692ea81ab51b8991ecc9f21f"}
{"duration":"100ms","ip":"::1","level":"info","message":"HTTP Request Log","method":"GET","statusCode":304,"timestamp":"2025-12-13 17:53:50","url":"/api/auth/user/692ea81ab51b8991ecc9f21f"}
{"duration":"101ms","ip":"::1","level":"info","message":"HTTP Request Log","method":"GET","statusCode":304,"timestamp":"2025-12-13 17:53:51","url":"/api/auth/user/692ea81ab51b8991ecc9f21f"}
{"duration":"232ms","ip":"::1","level":"info","message":"HTTP Request Log","method":"GET","statusCode":304,"timestamp":"2025-12-13 17:53:51","url":"/api/auth/user/692ea81ab51b8991ecc9f21f"}
{"duration":"219ms","ip":"::1","level":"info","message":"HTTP Request Log","method":"GET","statusCode":304,"timestamp":"2025-12-13 17:53:52","url":"/api/auth/user/692ea81ab51b8991ecc9f21f"}
{"duration":"49ms","ip":"::1","level":"info","message":"HTTP Request Log","method":"GET","statusCode":304,"timestamp":"2025-12-13 17:53:52","url":"/api/auth/user/692ea81ab51b8991ecc9f21f"}
{"duration":"148ms","ip":"::1","level":"info","message":"HTTP Request Log","method":"GET","statusCode":304,"timestamp":"2025-12-13 17:53:53","url":"/api/auth/user/692ea81ab51b8991ecc9f21f"}
{"duration":"63ms","ip":"::1","level":"info","message":"HTTP Request Log","method":"GET","statusCode":304,"timestamp":"2025-12-13 17:53:53","url":"/api/auth/user/692ea81ab51b8991ecc9f21f"}
{"duration":"144ms","ip":"::1","level":"info","message":"HTTP Request Log","method":"GET","statusCode":304,"timestamp":"2025-12-13 17:53:54","url":"/api/auth/user/692ea81ab51b8991ecc9f21f"}
{"duration":"48ms","ip":"::1","level":"info","message":"HTTP Request Log","method":"GET","statusCode":304,"timestamp":"2025-12-13 17:53:54","url":"/api/auth/user/692ea81ab51b8991ecc9f21f"}
{"duration":"104ms","ip":"::1","level":"info","message":"HTTP Request Log","method":"GET","statusCode":304,"timestamp":"2025-12-13 17:53:55","url":"/api/auth/user/692ea81ab51b8991ecc9f21f"}
{"duration":"44ms","ip":"::1","level":"info","message":"HTTP Request Log","method":"GET","statusCode":304,"timestamp":"2025-12-13 17:53:55","url":"/api/auth/user/692ea81ab51b8991ecc9f21f"}
{"duration":"40ms","ip":"::1","level":"info","message":"HTTP Request Log","method":"GET","statusCode":304,"timestamp":"2025-12-13 17:53:55","url":"/api/auth/user/692ea81ab51b8991ecc9f21f"}
{"duration":"75ms","ip":"::1","level":"info","message":"HTTP Request Log","method":"GET","statusCode":304,"timestamp":"2025-12-13 17:53:55","url":"/api/auth/user/692ea81ab51b8991ecc9f21f"}
{"duration":"143ms","ip":"::1","level":"info","message":"HTTP Request Log","method":"GET","statusCode":304,"timestamp":"2025-12-13 17:53:56","url":"/api/auth/user/692ea81ab51b8991ecc9f21f"}
{"duration":"102ms","ip":"::1","level":"info","message":"HTTP Request Log","method":"GET","statusCode":304,"timestamp":"2025-12-13 17:53:56","url":"/api/auth/user/692ea81ab51b8991ecc9f21f"}
{"duration":"151ms","ip":"::1","level":"info","message":"HTTP Request Log","method":"GET","statusCode":304,"timestamp":"2025-12-13 17:53:56","url":"/api/auth/user/692ea81ab51b8991ecc9f21f"}
{"duration":"34ms","ip":"::1","level":"info","message":"HTTP Request Log","method":"GET","statusCode":304,"timestamp":"2025-12-13 17:53:56","url":"/api/auth/user/692ea81ab51b8991ecc9f21f"}
{"duration":"39ms","ip":"::1","level":"info","message":"HTTP Request Log","method":"GET","statusCode":304,"timestamp":"2025-12-13 17:53:57","url":"/api/auth/user/692ea81ab51b8991ecc9f21f"}
{"duration":"401ms","ip":"::1","level":"info","message":"HTTP Request Log","method":"GET","statusCode":304,"timestamp":"2025-12-13 17:53:57","url":"/api/auth/user/692ea81ab51b8991ecc9f21f"}
{"duration":"78ms","ip":"::1","level":"info","message":"HTTP Request Log","method":"GET","statusCode":304,"timestamp":"2025-12-13 17:54:00","url":"/api/auth/user/692ea81ab51b8991ecc9f21f"}
{"duration":"34ms","ip":"::1","level":"info","message":"HTTP Request Log","method":"GET","statusCode":304,"timestamp":"2025-12-13 17:54:00","url":"/api/auth/user/692ea81ab51b8991ecc9f21f"}
{"duration":"42ms","ip":"::1","level":"info","message":"HTTP Request Log","method":"GET","statusCode":304,"timestamp":"2025-12-13 17:54:02","url":"/api/auth/user/692ea81ab51b8991ecc9f21f"}
{"duration":"37ms","ip":"::1","level":"info","message":"HTTP Request Log","method":"GET","statusCode":304,"timestamp":"2025-12-13 17:54:02","url":"/api/auth/user/692ea81ab51b8991ecc9f21f"}
{"duration":"95ms","ip":"::1","level":"info","message":"HTTP Request Log","method":"GET","statusCode":200,"timestamp":"2025-12-13 17:54:02","url":"/api/auth/user/692ea81ab51b8991ecc9f21f"}
{"duration":"97ms","ip":"::1","level":"info","message":"HTTP Request Log","method":"GET","statusCode":304,"timestamp":"2025-12-13 17:54:02","url":"/api/auth/user/692ea81ab51b8991ecc9f21f"}
{"duration":"135ms","ip":"::1","level":"info","message":"HTTP Request Log","method":"GET","statusCode":304,"timestamp":"2025-12-13 17:54:03","url":"/api/auth/user/692ea81ab51b8991ecc9f21f"}
{"duration":"98ms","ip":"::1","level":"info","message":"HTTP Request Log","method":"GET","statusCode":304,"timestamp":"2025-12-13 17:54:03","url":"/api/auth/user/692ea81ab51b8991ecc9f21f"}
{"duration":"42ms","ip":"::1","level":"info","message":"HTTP Request Log","method":"GET","statusCode":304,"timestamp":"2025-12-13 17:54:04","url":"/api/auth/user/692ea81ab51b8991ecc9f21f"}
{"duration":"77ms","ip":"::1","level":"info","message":"HTTP Request Log","method":"GET","statusCode":304,"timestamp":"2025-12-13 17:54:04","url":"/api/auth/user/692ea81ab51b8991ecc9f21f"}
{"duration":"114ms","ip":"::1","level":"info","message":"HTTP Request Log","method":"GET","statusCode":304,"timestamp":"2025-12-13 17:54:04","url":"/api/auth/user/692ea81ab51b8991ecc9f21f"}
{"duration":"199ms","ip":"::1","level":"info","message":"HTTP Request Log","method":"GET","statusCode":304,"timestamp":"2025-12-13 17:54:05","url":"/api/auth/user/692ea81ab51b8991ecc9f21f"}
{"duration":"40ms","ip":"::1","level":"info","message":"HTTP Request Log","method":"GET","statusCode":304,"timestamp":"2025-12-13 17:54:05","url":"/api/auth/user/692ea81ab51b8991ecc9f21f"}
{"duration":"52ms","ip":"::1","level":"info","message":"HTTP Request Log","method":"GET","statusCode":304,"timestamp":"2025-12-13 17:54:05","url":"/api/auth/user/692ea81ab51b8991ecc9f21f"}
{"duration":"72ms","ip":"::1","level":"info","message":"HTTP Request Log","method":"GET","statusCode":304,"timestamp":"2025-12-13 17:54:06","url":"/api/auth/user/692ea81ab51b8991ecc9f21f"}
{"duration":"91ms","ip":"::1","level":"info","message":"HTTP Request Log","method":"GET","statusCode":304,"timestamp":"2025-12-13 17:54:06","url":"/api/auth/user/692ea81ab51b8991ecc9f21f"}
{"duration":"122ms","ip":"::1","level":"info","message":"HTTP Request Log","method":"GET","statusCode":304,"timestamp":"2025-12-13 17:54:07","url":"/api/auth/user/692ea81ab51b8991ecc9f21f"}
{"duration":"100ms","ip":"::1","level":"info","message":"HTTP Request Log","method":"GET","statusCode":304,"timestamp":"2025-12-13 17:54:07","url":"/api/auth/user/692ea81ab51b8991ecc9f21f"}
{"duration":"173ms","ip":"::1","level":"info","message":"HTTP Request Log","method":"GET","statusCode":304,"timestamp":"2025-12-13 17:54:11","url":"/api/auth/user/692ea81ab51b8991ecc9f21f"}
{"duration":"207ms","ip":"::1","level":"info","message":"HTTP Request Log","method":"GET","statusCode":304,"timestamp":"2025-12-13 17:54:12","url":"/api/auth/user/692ea81ab51b8991ecc9f21f"}
{"duration":"32ms","ip":"::1","level":"info","message":"HTTP Request Log","method":"GET","statusCode":304,"timestamp":"2025-12-13 17:54:12","url":"/api/auth/user/692ea81ab51b8991ecc9f21f"}
{"duration":"210ms","ip":"::1","level":"info","message":"HTTP Request Log","method":"GET","statusCode":304,"timestamp":"2025-12-13 17:54:13","url":"/api/auth/user/692ea81ab51b8991ecc9f21f"}
{"duration":"75ms","ip":"::1","level":"info","message":"HTTP Request Log","method":"GET","statusCode":304,"timestamp":"2025-12-13 17:54:37","url":"/api/auth/user/692ea81ab51b8991ecc9f21f"}
{"duration":"57ms","ip":"::1","level":"info","message":"HTTP Request Log","method":"GET","statusCode":304,"timestamp":"2025-12-13 17:54:37","url":"/api/auth/user/692ea81ab51b8991ecc9f21f"}
{"duration":"62ms","ip":"::1","level":"info","message":"HTTP Request Log","method":"GET","statusCode":304,"timestamp":"2025-12-13 17:54:38","url":"/api/auth/user/692ea81ab51b8991ecc9f21f"}
{"duration":"101ms","ip":"::1","level":"info","message":"HTTP Request Log","method":"GET","statusCode":304,"timestamp":"2025-12-13 17:54:38","url":"/api/auth/user/692ea81ab51b8991ecc9f21f"}
{"duration":"5ms","ip":"::1","level":"info","message":"HTTP Request Log","method":"POST","statusCode":500,"timestamp":"2025-12-13 17:54:52","url":"/api/auth/refresh"}
{"duration":"5ms","ip":"::1","level":"info","message":"HTTP Request Log","method":"POST","statusCode":500,"timestamp":"2025-12-13 17:56:03","url":"/api/auth/refresh"}
{"duration":"3ms","ip":"::1","level":"info","message":"HTTP Request Log","method":"POST","statusCode":500,"timestamp":"2025-12-13 17:56:11","url":"/api/auth/refresh"}
{"duration":"2ms","ip":"::1","level":"info","message":"HTTP Request Log","method":"POST","statusCode":500,"timestamp":"2025-12-13 17:56:12","url":"/api/auth/refresh"}
