{"duration":"9ms","ip":"::1","level":"info","message":"HTTP Request Log","method":"POST","statusCode":404,"timestamp":"2025-12-10 14:24:54","url":"/api//auth"}
{"duration":"9ms","ip":"::1","level":"info","message":"HTTP Request Log","method":"POST","statusCode":404,"timestamp":"2025-12-10 14:35:24","url":"/api//auth"}
{"duration":"9ms","ip":"::1","level":"info","message":"HTTP Request Log","method":"POST","statusCode":404,"timestamp":"2025-12-10 14:36:06","url":"/api//auth"}
{"duration":"1ms","ip":"::1","level":"info","message":"HTTP Request Log","method":"POST","statusCode":404,"timestamp":"2025-12-10 14:36:35","url":"/api//auth"}
{"duration":"9ms","ip":"::1","level":"info","message":"HTTP Request Log","method":"POST","statusCode":404,"timestamp":"2025-12-10 14:54:45","url":"/api/auth"}
{"duration":"2ms","ip":"::1","level":"info","message":"HTTP Request Log","method":"POST","statusCode":404,"timestamp":"2025-12-10 14:54:54","url":"/api/auth"}
{"duration":"4687ms","ip":"::1","level":"info","message":"HTTP Request Log","method":"POST","statusCode":201,"timestamp":"2025-12-10 14:56:08","url":"/api/auth/login"}
{"duration":"4ms","ip":"::1","level":"info","message":"HTTP Request Log","method":"GET","statusCode":404,"timestamp":"2025-12-10 14:56:09","url":"/apiuser/69369a76668b0564d2c58aec"}
{"duration":"1ms","ip":"::1","level":"info","message":"HTTP Request Log","method":"GET","statusCode":404,"timestamp":"2025-12-10 14:57:21","url":"/apiuser/69369a76668b0564d2c58aec"}
{"duration":"1ms","ip":"::1","level":"info","message":"HTTP Request Log","method":"GET","statusCode":404,"timestamp":"2025-12-10 14:57:21","url":"/apiauth/user/69369a76668b0564d2c58aec"}
{"duration":"2ms","ip":"::1","level":"info","message":"HTTP Request Log","method":"GET","statusCode":404,"timestamp":"2025-12-10 14:57:31","url":"/apiuser/69369a76668b0564d2c58aec"}
{"duration":"1ms","ip":"::1","level":"info","message":"HTTP Request Log","method":"GET","statusCode":404,"timestamp":"2025-12-10 14:57:31","url":"/apiauth/user/69369a76668b0564d2c58aec"}
{"duration":"1ms","ip":"::1","level":"info","message":"HTTP Request Log","method":"GET","statusCode":404,"timestamp":"2025-12-10 14:59:34","url":"/api/user/69369a76668b0564d2c58aec"}
{"duration":"2ms","ip":"::1","level":"info","message":"HTTP Request Log","method":"GET","statusCode":404,"timestamp":"2025-12-10 14:59:36","url":"/apiuser/69369a76668b0564d2c58aec"}
{"duration":"2ms","ip":"::1","level":"info","message":"HTTP Request Log","method":"GET","statusCode":404,"timestamp":"2025-12-10 14:59:42","url":"/apiuser/69369a76668b0564d2c58aec"}
{"duration":"2ms","ip":"::1","level":"info","message":"HTTP Request Log","method":"GET","statusCode":404,"timestamp":"2025-12-10 14:59:42","url":"/apiuser/69369a76668b0564d2c58aec"}
{"duration":"0ms","ip":"::1","level":"info","message":"HTTP Request Log","method":"GET","statusCode":404,"timestamp":"2025-12-10 15:00:29","url":"/apiuser/69369a76668b0564d2c58aec"}
{"duration":"1ms","ip":"::1","level":"info","message":"HTTP Request Log","method":"GET","statusCode":404,"timestamp":"2025-12-10 15:00:34","url":"/apiuser/69369a76668b0564d2c58aec"}
{"duration":"1ms","ip":"::1","level":"info","message":"HTTP Request Log","method":"GET","statusCode":404,"timestamp":"2025-12-10 15:00:41","url":"/apiuser/69369a76668b0564d2c58aec"}
{"duration":"1ms","ip":"::1","level":"info","message":"HTTP Request Log","method":"GET","statusCode":404,"timestamp":"2025-12-10 15:00:41","url":"/apiuser/69369a76668b0564d2c58aec"}
{"duration":"1ms","ip":"::1","level":"info","message":"HTTP Request Log","method":"GET","statusCode":404,"timestamp":"2025-12-10 15:01:27","url":"/apiuser/69369a76668b0564d2c58aec"}
{"duration":"13ms","ip":"::1","level":"info","message":"HTTP Request Log","method":"GET","statusCode":404,"timestamp":"2025-12-10 15:01:37","url":"/apiuser/69369a76668b0564d2c58aec"}
{"duration":"2ms","ip":"::1","level":"info","message":"HTTP Request Log","method":"GET","statusCode":404,"timestamp":"2025-12-10 15:01:37","url":"/apiuser/69369a76668b0564d2c58aec"}
{"duration":"2ms","ip":"::1","level":"info","message":"HTTP Request Log","method":"GET","statusCode":404,"timestamp":"2025-12-10 15:02:07","url":"/apiauthuser/69369a76668b0564d2c58aec"}
{"duration":"1ms","ip":"::1","level":"info","message":"HTTP Request Log","method":"GET","statusCode":404,"timestamp":"2025-12-10 15:02:08","url":"/apiauth/user/69369a76668b0564d2c58aec"}
{"duration":"1ms","ip":"::1","level":"info","message":"HTTP Request Log","method":"GET","statusCode":404,"timestamp":"2025-12-10 15:02:40","url":"/apiauth/user/:userid69369a76668b0564d2c58aec"}
{"duration":"1ms","ip":"::1","level":"info","message":"HTTP Request Log","method":"GET","statusCode":404,"timestamp":"2025-12-10 15:02:43","url":"/apiauth/user/69369a76668b0564d2c58aec"}
{"duration":"2ms","ip":"::1","level":"info","message":"HTTP Request Log","method":"GET","statusCode":404,"timestamp":"2025-12-10 15:02:47","url":"/apiuser/69369a76668b0564d2c58aec"}
{"duration":"1ms","ip":"::1","level":"info","message":"HTTP Request Log","method":"GET","statusCode":404,"timestamp":"2025-12-10 15:02:47","url":"/apiauth/user/69369a76668b0564d2c58aec"}
{"duration":"2ms","ip":"::1","level":"info","message":"HTTP Request Log","method":"GET","statusCode":404,"timestamp":"2025-12-10 15:02:53","url":"/apiuser/69369a76668b0564d2c58aec"}
{"duration":"1ms","ip":"::1","level":"info","message":"HTTP Request Log","method":"GET","statusCode":404,"timestamp":"2025-12-10 15:02:53","url":"/apiauth/user/69369a76668b0564d2c58aec"}
{"duration":"1ms","ip":"::1","level":"info","message":"HTTP Request Log","method":"GET","statusCode":404,"timestamp":"2025-12-10 15:04:05","url":"/apiuser/69369a76668b0564d2c58aec"}
{"duration":"10ms","ip":"::1","level":"info","message":"HTTP Request Log","method":"GET","statusCode":404,"timestamp":"2025-12-10 15:04:14","url":"/apiuser/69369a76668b0564d2c58aec"}
{"duration":"2ms","ip":"::1","level":"info","message":"HTTP Request Log","method":"GET","statusCode":404,"timestamp":"2025-12-10 15:04:14","url":"/apiuser/69369a76668b0564d2c58aec"}
{"duration":"2ms","ip":"::1","level":"info","message":"HTTP Request Log","method":"GET","statusCode":404,"timestamp":"2025-12-10 15:04:18","url":"/apiuser/69369a76668b0564d2c58aec"}
{"duration":"1ms","ip":"::1","level":"info","message":"HTTP Request Log","method":"GET","statusCode":404,"timestamp":"2025-12-10 15:04:18","url":"/apiuser/69369a76668b0564d2c58aec"}
{"duration":"1ms","ip":"::1","level":"info","message":"HTTP Request Log","method":"GET","statusCode":404,"timestamp":"2025-12-10 15:06:43","url":"/apiuser/69369a76668b0564d2c58aec"}
{"duration":"2ms","ip":"::1","level":"info","message":"HTTP Request Log","method":"GET","statusCode":404,"timestamp":"2025-12-10 15:07:02","url":"/apiuser/69369a76668b0564d2c58aec"}
{"duration":"2ms","ip":"::1","level":"info","message":"HTTP Request Log","method":"GET","statusCode":404,"timestamp":"2025-12-10 15:07:11","url":"/apiuser/69369a76668b0564d2c58aec"}
{"duration":"1ms","ip":"::1","level":"info","message":"HTTP Request Log","method":"GET","statusCode":404,"timestamp":"2025-12-10 15:07:11","url":"/apiuser/69369a76668b0564d2c58aec"}
{"duration":"2ms","ip":"::1","level":"info","message":"HTTP Request Log","method":"GET","statusCode":404,"timestamp":"2025-12-10 15:07:12","url":"/apiuser/69369a76668b0564d2c58aec"}
{"duration":"2ms","ip":"::1","level":"info","message":"HTTP Request Log","method":"GET","statusCode":404,"timestamp":"2025-12-10 15:07:12","url":"/apiuser/69369a76668b0564d2c58aec"}
{"duration":"1ms","ip":"::1","level":"info","message":"HTTP Request Log","method":"GET","statusCode":404,"timestamp":"2025-12-10 15:07:13","url":"/apiuser/69369a76668b0564d2c58aec"}
{"duration":"0ms","ip":"::1","level":"info","message":"HTTP Request Log","method":"GET","statusCode":404,"timestamp":"2025-12-10 15:07:13","url":"/apiuser/69369a76668b0564d2c58aec"}
{"duration":"11ms","ip":"::1","level":"info","message":"HTTP Request Log","method":"GET","statusCode":404,"timestamp":"2025-12-10 15:07:41","url":"/apiuser/null"}
{"duration":"205ms","ip":"::1","level":"info","message":"HTTP Request Log","method":"POST","statusCode":400,"timestamp":"2025-12-10 15:12:40","url":"/api/auth/login"}
{"duration":"258ms","ip":"::1","level":"info","message":"HTTP Request Log","method":"POST","statusCode":200,"timestamp":"2025-12-10 15:12:52","url":"/api/auth/login"}
{"duration":"3ms","ip":"::1","level":"info","message":"HTTP Request Log","method":"GET","statusCode":404,"timestamp":"2025-12-10 15:12:52","url":"/apiuser/692ea81ab51b8991ecc9f21f"}
{"duration":"2ms","ip":"::1","level":"info","message":"HTTP Request Log","method":"GET","statusCode":404,"timestamp":"2025-12-10 15:12:52","url":"/apiuser/692ea81ab51b8991ecc9f21f"}
{"duration":"1ms","ip":"::1","level":"info","message":"HTTP Request Log","method":"GET","statusCode":404,"timestamp":"2025-12-10 15:15:12","url":"/apiuser/692ea81ab51b8991ecc9f21f"}
{"duration":"1ms","ip":"::1","level":"info","message":"HTTP Request Log","method":"GET","statusCode":404,"timestamp":"2025-12-10 15:15:16","url":"/apiuser/692ea81ab51b8991ecc9f21f"}
{"duration":"1ms","ip":"::1","level":"info","message":"HTTP Request Log","method":"GET","statusCode":404,"timestamp":"2025-12-10 15:15:16","url":"/apiuser/692ea81ab51b8991ecc9f21f"}
{"duration":"2ms","ip":"::1","level":"info","message":"HTTP Request Log","method":"GET","statusCode":404,"timestamp":"2025-12-10 15:15:59","url":"/apiuser/692ea81ab51b8991ecc9f21f"}
{"duration":"2ms","ip":"::1","level":"info","message":"HTTP Request Log","method":"GET","statusCode":404,"timestamp":"2025-12-10 15:15:59","url":"/apiuser/692ea81ab51b8991ecc9f21f"}
{"duration":"1ms","ip":"::1","level":"info","message":"HTTP Request Log","method":"GET","statusCode":404,"timestamp":"2025-12-10 15:17:17","url":"/apiauthuser/692ea81ab51b8991ecc9f21f"}
{"duration":"1ms","ip":"::1","level":"info","message":"HTTP Request Log","method":"GET","statusCode":404,"timestamp":"2025-12-10 15:17:19","url":"/apiauth/user/692ea81ab51b8991ecc9f21f"}
{"duration":"2ms","ip":"::1","level":"info","message":"HTTP Request Log","method":"GET","statusCode":404,"timestamp":"2025-12-10 15:17:23","url":"/apiauth/user/692ea81ab51b8991ecc9f21f"}
{"duration":"1ms","ip":"::1","level":"info","message":"HTTP Request Log","method":"GET","statusCode":404,"timestamp":"2025-12-10 15:17:23","url":"/apiuser/692ea81ab51b8991ecc9f21f"}
{"duration":"0ms","ip":"::1","level":"info","message":"HTTP Request Log","method":"GET","statusCode":404,"timestamp":"2025-12-10 15:19:12","url":"/apiauthuser/692ea81ab51b8991ecc9f21f"}
{"duration":"1ms","ip":"::1","level":"info","message":"HTTP Request Log","method":"GET","statusCode":404,"timestamp":"2025-12-10 15:19:14","url":"/apiauth/user/692ea81ab51b8991ecc9f21f"}
{"duration":"1ms","ip":"::1","level":"info","message":"HTTP Request Log","method":"GET","statusCode":404,"timestamp":"2025-12-10 15:19:18","url":"/apiauth/user/692ea81ab51b8991ecc9f21f"}
{"duration":"1ms","ip":"::1","level":"info","message":"HTTP Request Log","method":"GET","statusCode":404,"timestamp":"2025-12-10 15:19:18","url":"/apiauth/user/692ea81ab51b8991ecc9f21f"}
{"duration":"232ms","ip":"::1","level":"info","message":"HTTP Request Log","method":"POST","statusCode":400,"timestamp":"2025-12-10 15:19:46","url":"/api/auth/login"}
{"duration":"187ms","ip":"::1","level":"info","message":"HTTP Request Log","method":"POST","statusCode":200,"timestamp":"2025-12-10 15:19:55","url":"/api/auth/login"}
{"duration":"1ms","ip":"::1","level":"info","message":"HTTP Request Log","method":"GET","statusCode":404,"timestamp":"2025-12-10 15:19:55","url":"/apiauth/user/692ea81ab51b8991ecc9f21f"}
{"duration":"1ms","ip":"::1","level":"info","message":"HTTP Request Log","method":"GET","statusCode":404,"timestamp":"2025-12-10 15:19:55","url":"/apiauth/user/692ea81ab51b8991ecc9f21f"}
{"duration":"1ms","ip":"::1","level":"info","message":"HTTP Request Log","method":"GET","statusCode":404,"timestamp":"2025-12-10 15:24:12","url":"/apiauth/user/692ea81ab51b8991ecc9f21f"}
{"duration":"0ms","ip":"::1","level":"info","message":"HTTP Request Log","method":"GET","statusCode":404,"timestamp":"2025-12-10 15:25:30","url":"/apiauth/user/692ea81ab51b8991ecc9f21f"}
{"duration":"1ms","ip":"::1","level":"info","message":"HTTP Request Log","method":"GET","statusCode":404,"timestamp":"2025-12-10 15:25:32","url":"/apiauth/user/692ea81ab51b8991ecc9f21f"}
{"duration":"1ms","ip":"::1","level":"info","message":"HTTP Request Log","method":"GET","statusCode":404,"timestamp":"2025-12-10 15:25:32","url":"/apiauth/user/692ea81ab51b8991ecc9f21f"}
{"duration":"0ms","ip":"::1","level":"info","message":"HTTP Request Log","method":"GET","statusCode":404,"timestamp":"2025-12-10 15:25:43","url":"/apiauth/user/692ea81ab51b8991ecc9f21f"}
{"duration":"1ms","ip":"::1","level":"info","message":"HTTP Request Log","method":"GET","statusCode":404,"timestamp":"2025-12-10 15:25:43","url":"/apiauth/user/692ea81ab51b8991ecc9f21f"}
{"duration":"17ms","ip":"::1","level":"info","message":"HTTP Request Log","method":"GET","statusCode":404,"timestamp":"2025-12-10 15:26:05","url":"/apiauth/user/692ea81ab51b8991ecc9f21f"}
{"duration":"3ms","ip":"::1","level":"info","message":"HTTP Request Log","method":"GET","statusCode":404,"timestamp":"2025-12-10 15:26:05","url":"/apiauth/user/692ea81ab51b8991ecc9f21f"}
{"duration":"1ms","ip":"::1","level":"info","message":"HTTP Request Log","method":"GET","statusCode":404,"timestamp":"2025-12-10 15:27:15","url":"/api/auth/user"}
{"duration":"2ms","ip":"::1","level":"info","message":"HTTP Request Log","method":"GET","statusCode":404,"timestamp":"2025-12-10 15:28:20","url":"/api/auth/%7Buserid%7D"}
{"duration":"145ms","ip":"::1","level":"info","message":"HTTP Request Log","method":"GET","statusCode":200,"timestamp":"2025-12-10 15:29:57","url":"/api/auth/user/692ea81ab51b8991ecc9f21f"}
{"duration":"3ms","ip":"::1","level":"info","message":"HTTP Request Log","method":"GET","statusCode":404,"timestamp":"2025-12-10 15:30:09","url":"/apiauth/user/692ea81ab51b8991ecc9f21f"}
{"duration":"1ms","ip":"::1","level":"info","message":"HTTP Request Log","method":"GET","statusCode":404,"timestamp":"2025-12-10 15:30:09","url":"/apiauth/user/692ea81ab51b8991ecc9f21f"}
{"duration":"2ms","ip":"::1","level":"info","message":"HTTP Request Log","method":"GET","statusCode":404,"timestamp":"2025-12-10 15:30:10","url":"/apiauth/user/692ea81ab51b8991ecc9f21f"}
{"duration":"3ms","ip":"::1","level":"info","message":"HTTP Request Log","method":"GET","statusCode":404,"timestamp":"2025-12-10 15:30:10","url":"/apiauth/user/692ea81ab51b8991ecc9f21f"}
{"duration":"2ms","ip":"::1","level":"info","message":"HTTP Request Log","method":"GET","statusCode":404,"timestamp":"2025-12-10 15:30:10","url":"/apiauth/user/692ea81ab51b8991ecc9f21f"}
{"duration":"1ms","ip":"::1","level":"info","message":"HTTP Request Log","method":"GET","statusCode":404,"timestamp":"2025-12-10 15:30:10","url":"/apiauth/user/692ea81ab51b8991ecc9f21f"}
{"duration":"1ms","ip":"::1","level":"info","message":"HTTP Request Log","method":"GET","statusCode":404,"timestamp":"2025-12-10 15:31:52","url":"/apiauth/user/692ea81ab51b8991ecc9f21f"}
{"duration":"2ms","ip":"::1","level":"info","message":"HTTP Request Log","method":"GET","statusCode":404,"timestamp":"2025-12-10 15:31:55","url":"/apiauth/user/692ea81ab51b8991ecc9f21f"}
{"duration":"1ms","ip":"::1","level":"info","message":"HTTP Request Log","method":"GET","statusCode":404,"timestamp":"2025-12-10 15:31:55","url":"/apiauth/user/692ea81ab51b8991ecc9f21f"}
{"duration":"245ms","ip":"::1","level":"info","message":"HTTP Request Log","method":"POST","statusCode":200,"timestamp":"2025-12-10 15:35:00","url":"/api/auth/login"}
{"duration":"3ms","ip":"::1","level":"info","message":"HTTP Request Log","method":"GET","statusCode":404,"timestamp":"2025-12-10 15:35:00","url":"/apiauth/user/692ea81ab51b8991ecc9f21f"}
{"duration":"1ms","ip":"::1","level":"info","message":"HTTP Request Log","method":"GET","statusCode":404,"timestamp":"2025-12-10 15:35:00","url":"/apiauth/user/692ea81ab51b8991ecc9f21f"}
{"duration":"2ms","ip":"::1","level":"info","message":"HTTP Request Log","method":"GET","statusCode":404,"timestamp":"2025-12-10 15:35:09","url":"/apiauth/user/692ea81ab51b8991ecc9f21f"}
{"duration":"1ms","ip":"::1","level":"info","message":"HTTP Request Log","method":"GET","statusCode":404,"timestamp":"2025-12-10 15:35:09","url":"/apiauth/user/692ea81ab51b8991ecc9f21f"}
{"duration":"12ms","ip":"::1","level":"info","message":"HTTP Request Log","method":"GET","statusCode":404,"timestamp":"2025-12-10 16:33:48","url":"/apiauth/user/692ea81ab51b8991ecc9f21f"}
{"duration":"3ms","ip":"::1","level":"info","message":"HTTP Request Log","method":"GET","statusCode":404,"timestamp":"2025-12-10 16:33:48","url":"/apiauth/user/692ea81ab51b8991ecc9f21f"}
{"duration":"2ms","ip":"::1","level":"info","message":"HTTP Request Log","method":"GET","statusCode":404,"timestamp":"2025-12-10 16:55:03","url":"/apiauth/user/692ea81ab51b8991ecc9f21f"}
{"duration":"1ms","ip":"::1","level":"info","message":"HTTP Request Log","method":"GET","statusCode":404,"timestamp":"2025-12-10 16:55:03","url":"/apiauth/user/692ea81ab51b8991ecc9f21f"}
{"duration":"337ms","ip":"::1","level":"info","message":"HTTP Request Log","method":"POST","statusCode":201,"timestamp":"2025-12-10 16:57:18","url":"/api/admin/createUser"}
{"duration":"191ms","ip":"::1","level":"info","message":"HTTP Request Log","method":"POST","statusCode":400,"timestamp":"2025-12-10 16:57:35","url":"/api/auth/login"}
{"duration":"202ms","ip":"::1","level":"info","message":"HTTP Request Log","method":"POST","statusCode":400,"timestamp":"2025-12-10 16:58:02","url":"/api/auth/login"}
{"duration":"157ms","ip":"::1","level":"info","message":"HTTP Request Log","method":"POST","statusCode":400,"timestamp":"2025-12-10 16:58:08","url":"/api/auth/login"}
{"duration":"693ms","ip":"::1","level":"info","message":"HTTP Request Log","method":"POST","statusCode":400,"timestamp":"2025-12-10 16:58:24","url":"/api/auth/login"}
{"duration":"239ms","ip":"::1","level":"info","message":"HTTP Request Log","method":"POST","statusCode":400,"timestamp":"2025-12-10 16:58:59","url":"/api/auth/login"}
{"duration":"201ms","ip":"::1","level":"info","message":"HTTP Request Log","method":"POST","statusCode":400,"timestamp":"2025-12-10 16:59:07","url":"/api/auth/login"}
{"duration":"154ms","ip":"::1","level":"info","message":"HTTP Request Log","method":"POST","statusCode":400,"timestamp":"2025-12-10 16:59:43","url":"/api/auth/login"}
{"duration":"542ms","ip":"::1","level":"info","message":"HTTP Request Log","method":"POST","statusCode":201,"timestamp":"2025-12-10 17:01:07","url":"/api/admin/createUser"}
{"duration":"4740ms","ip":"::1","level":"info","message":"HTTP Request Log","method":"POST","statusCode":201,"timestamp":"2025-12-10 17:01:32","url":"/api/auth/login"}
{"duration":"1ms","ip":"::1","level":"info","message":"HTTP Request Log","method":"GET","statusCode":404,"timestamp":"2025-12-10 17:01:32","url":"/apiauth/user/693959fb4804eb0e117af5e4"}
{"duration":"1ms","ip":"::1","level":"info","message":"HTTP Request Log","method":"GET","statusCode":404,"timestamp":"2025-12-10 17:01:32","url":"/apiauth/user/693959fb4804eb0e117af5e4"}
{"duration":"1ms","ip":"::1","level":"info","message":"HTTP Request Log","method":"GET","statusCode":404,"timestamp":"2025-12-10 17:02:54","url":"/apiauth/user/693959fb4804eb0e117af5e4"}
{"duration":"1ms","ip":"::1","level":"info","message":"HTTP Request Log","method":"GET","statusCode":404,"timestamp":"2025-12-10 17:02:54","url":"/apiauth/user/693959fb4804eb0e117af5e4"}
{"duration":"4132ms","ip":"::1","level":"info","message":"HTTP Request Log","method":"POST","statusCode":201,"timestamp":"2025-12-10 17:04:11","url":"/api/auth/login"}
{"duration":"1ms","ip":"::1","level":"info","message":"HTTP Request Log","method":"GET","statusCode":404,"timestamp":"2025-12-10 17:06:04","url":"/apiauth/user/693959fb4804eb0e117af5e4"}
{"duration":"1ms","ip":"::1","level":"info","message":"HTTP Request Log","method":"GET","statusCode":404,"timestamp":"2025-12-10 17:06:04","url":"/apiauth/user/693959fb4804eb0e117af5e4"}
{"duration":"1ms","ip":"::1","level":"info","message":"HTTP Request Log","method":"GET","statusCode":404,"timestamp":"2025-12-10 17:09:06","url":"/apiauth/user/693959fb4804eb0e117af5e4"}
{"duration":"1ms","ip":"::1","level":"info","message":"HTTP Request Log","method":"GET","statusCode":404,"timestamp":"2025-12-10 17:09:06","url":"/apiauth/user/693959fb4804eb0e117af5e4"}
{"duration":"1ms","ip":"::1","level":"info","message":"HTTP Request Log","method":"GET","statusCode":404,"timestamp":"2025-12-10 17:24:16","url":"/apiauth/user/693959fb4804eb0e117af5e4"}
{"duration":"1ms","ip":"::1","level":"info","message":"HTTP Request Log","method":"GET","statusCode":404,"timestamp":"2025-12-10 17:24:16","url":"/apiauth/user/693959fb4804eb0e117af5e4"}
{"duration":"4561ms","ip":"::1","level":"info","message":"HTTP Request Log","method":"POST","statusCode":201,"timestamp":"2025-12-10 17:24:56","url":"/api/auth/login"}
{"duration":"1ms","ip":"::1","level":"info","message":"HTTP Request Log","method":"GET","statusCode":404,"timestamp":"2025-12-10 17:24:56","url":"/apiauth/user/693959fb4804eb0e117af5e4"}
{"duration":"1ms","ip":"::1","level":"info","message":"HTTP Request Log","method":"GET","statusCode":404,"timestamp":"2025-12-10 17:24:56","url":"/apiauth/user/693959fb4804eb0e117af5e4"}
{"duration":"1ms","ip":"::1","level":"info","message":"HTTP Request Log","method":"GET","statusCode":404,"timestamp":"2025-12-10 17:26:41","url":"/apiauth/user/693959fb4804eb0e117af5e4"}
{"duration":"1ms","ip":"::1","level":"info","message":"HTTP Request Log","method":"GET","statusCode":404,"timestamp":"2025-12-10 17:26:41","url":"/apiauth/user/693959fb4804eb0e117af5e4"}
{"duration":"3739ms","ip":"::1","level":"info","message":"HTTP Request Log","method":"POST","statusCode":201,"timestamp":"2025-12-10 17:27:15","url":"/api/auth/login"}
{"duration":"4149ms","ip":"::1","level":"info","message":"HTTP Request Log","method":"POST","statusCode":201,"timestamp":"2025-12-10 17:28:39","url":"/api/auth/login"}
{"duration":"441ms","ip":"::1","level":"info","message":"HTTP Request Log","method":"POST","statusCode":201,"timestamp":"2025-12-10 17:32:05","url":"/api/admin/createUser"}
{"duration":"4462ms","ip":"::1","level":"info","message":"HTTP Request Log","method":"POST","statusCode":201,"timestamp":"2025-12-10 17:32:21","url":"/api/auth/login"}
