{"duration":"116ms","ip":"::1","level":"info","message":"HTTP Request Log","method":"POST","statusCode":404,"timestamp":"2025-12-22 10:54:27","url":"/api/auth/login"}
{"duration":"159ms","ip":"::1","level":"info","message":"HTTP Request Log","method":"POST","statusCode":200,"timestamp":"2025-12-22 10:54:41","url":"/api/auth/login"}
{"duration":"69ms","ip":"::1","level":"info","message":"HTTP Request Log","method":"GET","statusCode":304,"timestamp":"2025-12-22 10:54:41","url":"/api/auth/user/692ea81ab51b8991ecc9f21f"}
{"duration":"90ms","ip":"::1","level":"info","message":"HTTP Request Log","method":"GET","statusCode":304,"timestamp":"2025-12-22 10:54:41","url":"/api/auth/user/692ea81ab51b8991ecc9f21f"}
{"duration":"77ms","ip":"::1","level":"info","message":"HTTP Request Log","method":"GET","statusCode":304,"timestamp":"2025-12-22 10:55:42","url":"/api/auth/user/692ea81ab51b8991ecc9f21f"}
{"duration":"91ms","ip":"::1","level":"info","message":"HTTP Request Log","method":"GET","statusCode":304,"timestamp":"2025-12-22 10:55:42","url":"/api/auth/user/692ea81ab51b8991ecc9f21f"}
{"duration":"132ms","ip":"::1","level":"info","message":"HTTP Request Log","method":"GET","statusCode":304,"timestamp":"2025-12-22 10:57:20","url":"/api/auth/user/692ea81ab51b8991ecc9f21f"}
{"duration":"77ms","ip":"::1","level":"info","message":"HTTP Request Log","method":"GET","statusCode":304,"timestamp":"2025-12-22 10:57:20","url":"/api/auth/user/692ea81ab51b8991ecc9f21f"}
{"duration":"142ms","ip":"::1","level":"info","message":"HTTP Request Log","method":"GET","statusCode":304,"timestamp":"2025-12-22 11:03:00","url":"/api/auth/user/692ea81ab51b8991ecc9f21f"}
{"duration":"110ms","ip":"::1","level":"info","message":"HTTP Request Log","method":"GET","statusCode":304,"timestamp":"2025-12-22 11:03:07","url":"/api/auth/user/692ea81ab51b8991ecc9f21f"}
{"duration":"103ms","ip":"::1","level":"info","message":"HTTP Request Log","method":"GET","statusCode":304,"timestamp":"2025-12-22 11:05:58","url":"/api/auth/user/692ea81ab51b8991ecc9f21f"}
{"duration":"63ms","ip":"::1","level":"info","message":"HTTP Request Log","method":"GET","statusCode":304,"timestamp":"2025-12-22 11:05:58","url":"/api/auth/user/692ea81ab51b8991ecc9f21f"}
{"duration":"159ms","ip":"::1","level":"info","message":"HTTP Request Log","method":"POST","statusCode":400,"timestamp":"2025-12-22 11:43:29","url":"/api/auth/login"}
{"duration":"207ms","ip":"::1","level":"info","message":"HTTP Request Log","method":"POST","statusCode":400,"timestamp":"2025-12-22 11:43:35","url":"/api/auth/login"}
{"duration":"119ms","ip":"::1","level":"info","message":"HTTP Request Log","method":"POST","statusCode":200,"timestamp":"2025-12-22 11:43:45","url":"/api/auth/login"}
{"duration":"45ms","ip":"::1","level":"info","message":"HTTP Request Log","method":"GET","statusCode":304,"timestamp":"2025-12-22 11:43:45","url":"/api/auth/user/692ea81ab51b8991ecc9f21f"}
{"duration":"116ms","ip":"::1","level":"info","message":"HTTP Request Log","method":"GET","statusCode":304,"timestamp":"2025-12-22 11:43:45","url":"/api/auth/user/692ea81ab51b8991ecc9f21f"}
{"duration":"132ms","ip":"::1","level":"info","message":"HTTP Request Log","method":"GET","statusCode":304,"timestamp":"2025-12-22 11:47:12","url":"/api/auth/user/692ea81ab51b8991ecc9f21f"}
{"duration":"92ms","ip":"::1","level":"info","message":"HTTP Request Log","method":"GET","statusCode":304,"timestamp":"2025-12-22 11:47:12","url":"/api/auth/user/692ea81ab51b8991ecc9f21f"}
{"duration":"142ms","ip":"::1","level":"info","message":"HTTP Request Log","method":"GET","statusCode":304,"timestamp":"2025-12-22 11:47:12","url":"/api/auth/user/692ea81ab51b8991ecc9f21f"}
{"duration":"96ms","ip":"::1","level":"info","message":"HTTP Request Log","method":"GET","statusCode":304,"timestamp":"2025-12-22 11:47:12","url":"/api/auth/user/692ea81ab51b8991ecc9f21f"}
{"duration":"42ms","ip":"::1","level":"info","message":"HTTP Request Log","method":"GET","statusCode":304,"timestamp":"2025-12-22 11:53:01","url":"/api/auth/user/692ea81ab51b8991ecc9f21f"}
{"duration":"44ms","ip":"::1","level":"info","message":"HTTP Request Log","method":"GET","statusCode":304,"timestamp":"2025-12-22 11:53:01","url":"/api/auth/user/692ea81ab51b8991ecc9f21f"}
{"duration":"149ms","ip":"::1","level":"info","message":"HTTP Request Log","method":"GET","statusCode":304,"timestamp":"2025-12-22 11:53:12","url":"/api/auth/user/692ea81ab51b8991ecc9f21f"}
{"duration":"92ms","ip":"::1","level":"info","message":"HTTP Request Log","method":"GET","statusCode":304,"timestamp":"2025-12-22 11:53:12","url":"/api/auth/user/692ea81ab51b8991ecc9f21f"}
{"duration":"94ms","ip":"::1","level":"info","message":"HTTP Request Log","method":"GET","statusCode":304,"timestamp":"2025-12-22 11:53:12","url":"/api/auth/user/692ea81ab51b8991ecc9f21f"}
{"duration":"93ms","ip":"::1","level":"info","message":"HTTP Request Log","method":"GET","statusCode":304,"timestamp":"2025-12-22 11:53:13","url":"/api/auth/user/692ea81ab51b8991ecc9f21f"}
{"duration":"148ms","ip":"::1","level":"info","message":"HTTP Request Log","method":"GET","statusCode":304,"timestamp":"2025-12-22 11:53:13","url":"/api/auth/user/692ea81ab51b8991ecc9f21f"}
{"duration":"89ms","ip":"::1","level":"info","message":"HTTP Request Log","method":"GET","statusCode":304,"timestamp":"2025-12-22 11:53:13","url":"/api/auth/user/692ea81ab51b8991ecc9f21f"}
{"duration":"46ms","ip":"::1","level":"info","message":"HTTP Request Log","method":"GET","statusCode":304,"timestamp":"2025-12-22 12:01:03","url":"/api/auth/user/692ea81ab51b8991ecc9f21f"}
{"duration":"95ms","ip":"::1","level":"info","message":"HTTP Request Log","method":"GET","statusCode":304,"timestamp":"2025-12-22 12:01:16","url":"/api/auth/user/692ea81ab51b8991ecc9f21f"}
{"duration":"139ms","ip":"::1","level":"info","message":"HTTP Request Log","method":"GET","statusCode":304,"timestamp":"2025-12-22 12:01:22","url":"/api/auth/user/692ea81ab51b8991ecc9f21f"}
{"duration":"81ms","ip":"::1","level":"info","message":"HTTP Request Log","method":"GET","statusCode":304,"timestamp":"2025-12-22 12:03:31","url":"/api/auth/user/692ea81ab51b8991ecc9f21f"}
{"duration":"78ms","ip":"::1","level":"info","message":"HTTP Request Log","method":"GET","statusCode":304,"timestamp":"2025-12-22 12:03:31","url":"/api/auth/user/692ea81ab51b8991ecc9f21f"}
{"duration":"173ms","ip":"::1","level":"info","message":"HTTP Request Log","method":"POST","statusCode":400,"timestamp":"2025-12-22 13:54:37","url":"/api/auth/login"}
{"duration":"163ms","ip":"::1","level":"info","message":"HTTP Request Log","method":"POST","statusCode":200,"timestamp":"2025-12-22 13:54:43","url":"/api/auth/login"}
{"duration":"47ms","ip":"::1","level":"info","message":"HTTP Request Log","method":"GET","statusCode":304,"timestamp":"2025-12-22 13:54:43","url":"/api/auth/user/692ea81ab51b8991ecc9f21f"}
{"duration":"139ms","ip":"::1","level":"info","message":"HTTP Request Log","method":"GET","statusCode":304,"timestamp":"2025-12-22 13:54:43","url":"/api/auth/user/692ea81ab51b8991ecc9f21f"}
{"duration":"144ms","ip":"::1","level":"info","message":"HTTP Request Log","method":"GET","statusCode":304,"timestamp":"2025-12-22 14:00:11","url":"/api/auth/user/692ea81ab51b8991ecc9f21f"}
{"duration":"138ms","ip":"::1","level":"info","message":"HTTP Request Log","method":"GET","statusCode":304,"timestamp":"2025-12-22 14:01:53","url":"/api/auth/user/692ea81ab51b8991ecc9f21f"}
{"duration":"626ms","ip":"::1","level":"info","message":"HTTP Request Log","method":"POST","statusCode":400,"timestamp":"2025-12-22 16:38:31","url":"/api/auth/login"}
{"duration":"176ms","ip":"::1","level":"info","message":"HTTP Request Log","method":"POST","statusCode":200,"timestamp":"2025-12-22 16:38:38","url":"/api/auth/login"}
{"duration":"53ms","ip":"::1","level":"info","message":"HTTP Request Log","method":"GET","statusCode":304,"timestamp":"2025-12-22 16:38:38","url":"/api/auth/user/692ea81ab51b8991ecc9f21f"}
{"duration":"45ms","ip":"::1","level":"info","message":"HTTP Request Log","method":"GET","statusCode":304,"timestamp":"2025-12-22 16:38:38","url":"/api/auth/user/692ea81ab51b8991ecc9f21f"}
{"duration":"3990ms","ip":"::1","level":"info","message":"HTTP Request Log","method":"POST","statusCode":201,"timestamp":"2025-12-22 16:49:05","url":"/api/auth/login"}
{"duration":"80ms","ip":"::1","level":"info","message":"HTTP Request Log","method":"GET","statusCode":304,"timestamp":"2025-12-22 16:49:12","url":"/api/auth/user/6945678b6065fb3c874ad6e7"}
{"duration":"94ms","ip":"::1","level":"info","message":"HTTP Request Log","method":"GET","statusCode":304,"timestamp":"2025-12-22 16:49:12","url":"/api/auth/user/6945678b6065fb3c874ad6e7"}
{"duration":"45ms","ip":"::1","level":"info","message":"HTTP Request Log","method":"GET","statusCode":304,"timestamp":"2025-12-22 16:54:04","url":"/api/auth/user/6945678b6065fb3c874ad6e7"}
{"duration":"52ms","ip":"::1","level":"info","message":"HTTP Request Log","method":"GET","statusCode":304,"timestamp":"2025-12-22 16:54:04","url":"/api/auth/user/6945678b6065fb3c874ad6e7"}
{"duration":"67ms","ip":"::1","level":"info","message":"HTTP Request Log","method":"GET","statusCode":304,"timestamp":"2025-12-22 17:01:39","url":"/api/auth/user/6945678b6065fb3c874ad6e7"}
{"duration":"141ms","ip":"::1","level":"info","message":"HTTP Request Log","method":"GET","statusCode":304,"timestamp":"2025-12-22 17:01:54","url":"/api/auth/user/6945678b6065fb3c874ad6e7"}
{"duration":"79ms","ip":"::1","level":"info","message":"HTTP Request Log","method":"GET","statusCode":304,"timestamp":"2025-12-22 17:01:55","url":"/api/auth/user/6945678b6065fb3c874ad6e7"}
{"duration":"180ms","ip":"::1","level":"info","message":"HTTP Request Log","method":"GET","statusCode":400,"timestamp":"2025-12-22 17:09:53","url":"/api/auth/user/69369a76668b0564d2c58aec"}
{"duration":"84ms","ip":"::1","level":"info","message":"HTTP Request Log","method":"GET","statusCode":400,"timestamp":"2025-12-22 17:12:08","url":"/api/auth/user/69369a76668b0564d2c58aec"}
{"duration":"88ms","ip":"::1","level":"info","message":"HTTP Request Log","method":"GET","statusCode":500,"timestamp":"2025-12-22 17:12:26","url":"/api/auth/user/692ea81ab51b8991ecc9f21f"}
{"duration":"78ms","ip":"::1","level":"info","message":"HTTP Request Log","method":"GET","statusCode":500,"timestamp":"2025-12-22 17:14:11","url":"/api/auth/user/692ea81ab51b8991ecc9f21f"}
{"duration":"70ms","ip":"::1","level":"info","message":"HTTP Request Log","method":"GET","statusCode":500,"timestamp":"2025-12-22 17:14:41","url":"/api/auth/user/692ea81ab51b8991ecc9f21f"}
{"duration":"151ms","ip":"::1","level":"info","message":"HTTP Request Log","method":"GET","statusCode":500,"timestamp":"2025-12-22 17:14:53","url":"/api/auth/user/692ea81ab51b8991ecc9f21f"}
{"duration":"145ms","ip":"::1","level":"info","message":"HTTP Request Log","method":"GET","statusCode":500,"timestamp":"2025-12-22 17:14:58","url":"/api/auth/user/692ea81ab51b8991ecc9f21f"}
{"duration":"168ms","ip":"::1","level":"info","message":"HTTP Request Log","method":"GET","statusCode":500,"timestamp":"2025-12-22 17:15:37","url":"/api/auth/user/692ea81ab51b8991ecc9f21f"}
{"duration":"75ms","ip":"::1","level":"info","message":"HTTP Request Log","method":"GET","statusCode":500,"timestamp":"2025-12-22 17:16:46","url":"/api/auth/user/692ea81ab51b8991ecc9f21f"}
{"duration":"107ms","ip":"::1","level":"info","message":"HTTP Request Log","method":"GET","statusCode":500,"timestamp":"2025-12-22 17:18:08","url":"/api/auth/user/692ea81ab51b8991ecc9f21f"}
{"duration":"135ms","ip":"::1","level":"info","message":"HTTP Request Log","method":"GET","statusCode":200,"timestamp":"2025-12-22 17:19:16","url":"/api/auth/user/692ea81ab51b8991ecc9f21f"}
{"duration":"4673ms","ip":"::1","level":"info","message":"HTTP Request Log","method":"POST","statusCode":201,"timestamp":"2025-12-22 17:42:08","url":"/api/auth/login"}
{"duration":"99ms","ip":"::1","level":"info","message":"HTTP Request Log","method":"GET","statusCode":200,"timestamp":"2025-12-22 17:42:14","url":"/api/auth/user/6945678b6065fb3c874ad6e7"}
{"duration":"154ms","ip":"::1","level":"info","message":"HTTP Request Log","method":"GET","statusCode":304,"timestamp":"2025-12-22 17:42:14","url":"/api/auth/user/6945678b6065fb3c874ad6e7"}
{"duration":"147ms","ip":"::1","level":"info","message":"HTTP Request Log","method":"GET","statusCode":304,"timestamp":"2025-12-22 17:52:52","url":"/api/auth/user/6945678b6065fb3c874ad6e7"}
{"duration":"107ms","ip":"::1","level":"info","message":"HTTP Request Log","method":"GET","statusCode":304,"timestamp":"2025-12-22 17:52:52","url":"/api/auth/user/6945678b6065fb3c874ad6e7"}
{"duration":"4515ms","ip":"::1","level":"info","message":"HTTP Request Log","method":"POST","statusCode":201,"timestamp":"2025-12-22 17:53:18","url":"/api/auth/login"}
{"duration":"2ms","ip":"::1","level":"info","message":"HTTP Request Log","method":"POST","statusCode":404,"timestamp":"2025-12-22 17:54:18","url":"/api/auth/verify-otp"}
{"duration":"1ms","ip":"::1","level":"info","message":"HTTP Request Log","method":"POST","statusCode":404,"timestamp":"2025-12-22 17:54:46","url":"/api/auth/verify-otp"}
{"duration":"1ms","ip":"::1","level":"info","message":"HTTP Request Log","method":"POST","statusCode":404,"timestamp":"2025-12-22 17:55:00","url":"/api/auth/verify-otp"}
{"duration":"481ms","ip":"::1","level":"info","message":"HTTP Request Log","method":"POST","statusCode":400,"timestamp":"2025-12-22 18:12:25","url":"/api/auth/login"}
{"duration":"4594ms","ip":"::1","level":"info","message":"HTTP Request Log","method":"POST","statusCode":201,"timestamp":"2025-12-22 18:12:40","url":"/api/auth/login"}
{"duration":"5ms","ip":"::1","level":"info","message":"HTTP Request Log","method":"POST","statusCode":404,"timestamp":"2025-12-22 18:13:06","url":"/api/auth/verify-otp"}
{"duration":"3ms","ip":"::1","level":"info","message":"HTTP Request Log","method":"POST","statusCode":404,"timestamp":"2025-12-22 18:13:18","url":"/api/auth/verify-otp"}
{"duration":"14ms","ip":"::1","level":"info","message":"HTTP Request Log","method":"POST","statusCode":404,"timestamp":"2025-12-22 18:15:30","url":"/api/auth/verify-otp"}
{"duration":"23ms","ip":"::1","level":"info","message":"HTTP Request Log","method":"POST","statusCode":400,"timestamp":"2025-12-22 18:16:57","url":"/api/auth/otp-verify"}
{"duration":"382ms","ip":"::1","level":"info","message":"HTTP Request Log","method":"POST","statusCode":400,"timestamp":"2025-12-22 18:17:21","url":"/api/auth/login"}
{"duration":"4235ms","ip":"::1","level":"info","message":"HTTP Request Log","method":"POST","statusCode":201,"timestamp":"2025-12-22 18:17:32","url":"/api/auth/login"}
{"duration":"6ms","ip":"::1","level":"info","message":"HTTP Request Log","method":"POST","statusCode":400,"timestamp":"2025-12-22 18:19:01","url":"/api/auth/otp-verify"}
{"duration":"303ms","ip":"::1","level":"info","message":"HTTP Request Log","method":"POST","statusCode":400,"timestamp":"2025-12-22 18:21:25","url":"/api/auth/login"}
{"duration":"341ms","ip":"::1","level":"info","message":"HTTP Request Log","method":"POST","statusCode":400,"timestamp":"2025-12-22 18:21:32","url":"/api/auth/login"}
{"duration":"287ms","ip":"::1","level":"info","message":"HTTP Request Log","method":"POST","statusCode":400,"timestamp":"2025-12-22 18:21:42","url":"/api/auth/login"}
{"duration":"308ms","ip":"::1","level":"info","message":"HTTP Request Log","method":"POST","statusCode":200,"timestamp":"2025-12-22 18:21:58","url":"/api/auth/login"}
{"duration":"21ms","ip":"::1","level":"info","message":"HTTP Request Log","method":"GET","statusCode":500,"timestamp":"2025-12-22 18:21:58","url":"/api/auth/user/undefined"}
{"duration":"11ms","ip":"::1","level":"info","message":"HTTP Request Log","method":"GET","statusCode":500,"timestamp":"2025-12-22 18:21:58","url":"/api/auth/user/undefined"}
{"duration":"7ms","ip":"::1","level":"info","message":"HTTP Request Log","method":"GET","statusCode":500,"timestamp":"2025-12-22 18:22:08","url":"/api/auth/user/undefined"}
{"duration":"6ms","ip":"::1","level":"info","message":"HTTP Request Log","method":"GET","statusCode":500,"timestamp":"2025-12-22 18:22:08","url":"/api/auth/user/undefined"}
{"duration":"4346ms","ip":"::1","level":"info","message":"HTTP Request Log","method":"POST","statusCode":201,"timestamp":"2025-12-22 18:22:28","url":"/api/auth/login"}
{"duration":"9604ms","ip":"::1","level":"info","message":"HTTP Request Log","method":"POST","statusCode":201,"timestamp":"2025-12-22 18:26:35","url":"/api/auth/login"}
{"duration":"18ms","ip":"::1","level":"info","message":"HTTP Request Log","method":"GET","statusCode":500,"timestamp":"2025-12-22 18:26:42","url":"/api/auth/user/undefined"}
{"duration":"7ms","ip":"::1","level":"info","message":"HTTP Request Log","method":"GET","statusCode":500,"timestamp":"2025-12-22 18:26:42","url":"/api/auth/user/undefined"}
